[  2%] Built target robot_control_interfaces__rosidl_generator_type_description
[  2%] Built target ament_cmake_python_copy_robot_control_interfaces
[  5%] Built target robot_control_interfaces__cpp
[ 20%] Built target robot_control_interfaces__rosidl_generator_c
[ 52%] Built target robot_control_interfaces__rosidl_typesupport_introspection_c
[ 52%] Built target robot_control_interfaces__rosidl_typesupport_cpp
[ 55%] Built target robot_control_interfaces__rosidl_typesupport_fastrtps_c
[ 55%] Built target robot_control_interfaces__rosidl_typesupport_fastrtps_cpp
[ 64%] Built target robot_control_interfaces__rosidl_typesupport_introspection_cpp
[ 73%] Built target robot_control_interfaces__rosidl_typesupport_c
[ 73%] Built target robot_control_interfaces
[ 76%] Built target robot_control_interfaces__py
[ 82%] Built target robot_control_interfaces__rosidl_generator_py
[ 94%] Built target robot_control_interfaces__rosidl_typesupport_c__pyext
[ 94%] Built target robot_control_interfaces__rosidl_typesupport_introspection_c__pyext
[100%] Built target robot_control_interfaces__rosidl_typesupport_fastrtps_c__pyext
running egg_info
writing robot_control_interfaces.egg-info/PKG-INFO
writing dependency_links to robot_control_interfaces.egg-info/dependency_links.txt
writing top-level names to robot_control_interfaces.egg-info/top_level.txt
reading manifest file 'robot_control_interfaces.egg-info/SOURCES.txt'
writing manifest file 'robot_control_interfaces.egg-info/SOURCES.txt'
[100%] Built target ament_cmake_python_build_robot_control_interfaces_egg
-- Install configuration: ""
-- Up-to-date: /home/deep/robot_action_ws/install/robot_control_interfaces/share/ament_index/resource_index/rosidl_interfaces/robot_control_interfaces
-- Up-to-date: /home/deep/robot_action_ws/install/robot_control_interfaces/share/robot_control_interfaces/action/MoveRobot.json
-- Up-to-date: /home/deep/robot_action_ws/install/robot_control_interfaces/include/robot_control_interfaces/robot_control_interfaces
-- Up-to-date: /home/deep/robot_action_ws/install/robot_control_interfaces/include/robot_control_interfaces/robot_control_interfaces/action
-- Up-to-date: /home/deep/robot_action_ws/install/robot_control_interfaces/include/robot_control_interfaces/robot_control_interfaces/action/detail
-- Up-to-date: /home/deep/robot_action_ws/install/robot_control_interfaces/include/robot_control_interfaces/robot_control_interfaces/action/detail/move_robot__description.c
-- Up-to-date: /home/deep/robot_action_ws/install/robot_control_interfaces/include/robot_control_interfaces/robot_control_interfaces/action/detail/move_robot__functions.h
-- Up-to-date: /home/deep/robot_action_ws/install/robot_control_interfaces/include/robot_control_interfaces/robot_control_interfaces/action/detail/move_robot__type_support.c
-- Up-to-date: /home/deep/robot_action_ws/install/robot_control_interfaces/include/robot_control_interfaces/robot_control_interfaces/action/detail/move_robot__type_support.h
-- Up-to-date: /home/deep/robot_action_ws/install/robot_control_interfaces/include/robot_control_interfaces/robot_control_interfaces/action/detail/move_robot__struct.h
-- Up-to-date: /home/deep/robot_action_ws/install/robot_control_interfaces/include/robot_control_interfaces/robot_control_interfaces/action/detail/move_robot__functions.c
-- Up-to-date: /home/deep/robot_action_ws/install/robot_control_interfaces/include/robot_control_interfaces/robot_control_interfaces/action/move_robot.h
-- Up-to-date: /home/deep/robot_action_ws/install/robot_control_interfaces/include/robot_control_interfaces/robot_control_interfaces/msg
-- Up-to-date: /home/deep/robot_action_ws/install/robot_control_interfaces/include/robot_control_interfaces/robot_control_interfaces/msg/rosidl_generator_c__visibility_control.h
-- Up-to-date: /home/deep/robot_action_ws/install/robot_control_interfaces/share/robot_control_interfaces/environment/library_path.sh
-- Up-to-date: /home/deep/robot_action_ws/install/robot_control_interfaces/share/robot_control_interfaces/environment/library_path.dsv
-- Up-to-date: /home/deep/robot_action_ws/install/robot_control_interfaces/lib/librobot_control_interfaces__rosidl_generator_c.so
-- Up-to-date: /home/deep/robot_action_ws/install/robot_control_interfaces/include/robot_control_interfaces/robot_control_interfaces
-- Up-to-date: /home/deep/robot_action_ws/install/robot_control_interfaces/include/robot_control_interfaces/robot_control_interfaces/action
-- Up-to-date: /home/deep/robot_action_ws/install/robot_control_interfaces/include/robot_control_interfaces/robot_control_interfaces/action/detail
-- Up-to-date: /home/deep/robot_action_ws/install/robot_control_interfaces/include/robot_control_interfaces/robot_control_interfaces/action/detail/move_robot__rosidl_typesupport_fastrtps_c.h
-- Up-to-date: /home/deep/robot_action_ws/install/robot_control_interfaces/include/robot_control_interfaces/robot_control_interfaces/msg
-- Up-to-date: /home/deep/robot_action_ws/install/robot_control_interfaces/include/robot_control_interfaces/robot_control_interfaces/msg/rosidl_typesupport_fastrtps_c__visibility_control.h
-- Up-to-date: /home/deep/robot_action_ws/install/robot_control_interfaces/lib/librobot_control_interfaces__rosidl_typesupport_fastrtps_c.so
-- Up-to-date: /home/deep/robot_action_ws/install/robot_control_interfaces/include/robot_control_interfaces/robot_control_interfaces
-- Up-to-date: /home/deep/robot_action_ws/install/robot_control_interfaces/include/robot_control_interfaces/robot_control_interfaces/action
-- Up-to-date: /home/deep/robot_action_ws/install/robot_control_interfaces/include/robot_control_interfaces/robot_control_interfaces/action/detail
-- Up-to-date: /home/deep/robot_action_ws/install/robot_control_interfaces/include/robot_control_interfaces/robot_control_interfaces/action/detail/move_robot__builder.hpp
-- Up-to-date: /home/deep/robot_action_ws/install/robot_control_interfaces/include/robot_control_interfaces/robot_control_interfaces/action/detail/move_robot__struct.hpp
-- Up-to-date: /home/deep/robot_action_ws/install/robot_control_interfaces/include/robot_control_interfaces/robot_control_interfaces/action/detail/move_robot__traits.hpp
-- Up-to-date: /home/deep/robot_action_ws/install/robot_control_interfaces/include/robot_control_interfaces/robot_control_interfaces/action/move_robot.hpp
-- Up-to-date: /home/deep/robot_action_ws/install/robot_control_interfaces/include/robot_control_interfaces/robot_control_interfaces
-- Up-to-date: /home/deep/robot_action_ws/install/robot_control_interfaces/include/robot_control_interfaces/robot_control_interfaces/action
-- Up-to-date: /home/deep/robot_action_ws/install/robot_control_interfaces/include/robot_control_interfaces/robot_control_interfaces/action/detail
-- Up-to-date: /home/deep/robot_action_ws/install/robot_control_interfaces/include/robot_control_interfaces/robot_control_interfaces/action/detail/move_robot__rosidl_typesupport_fastrtps_cpp.hpp
-- Up-to-date: /home/deep/robot_action_ws/install/robot_control_interfaces/include/robot_control_interfaces/robot_control_interfaces/action/detail/dds_fastrtps
-- Up-to-date: /home/deep/robot_action_ws/install/robot_control_interfaces/include/robot_control_interfaces/robot_control_interfaces/msg
-- Up-to-date: /home/deep/robot_action_ws/install/robot_control_interfaces/include/robot_control_interfaces/robot_control_interfaces/msg/rosidl_typesupport_fastrtps_cpp__visibility_control.h
-- Up-to-date: /home/deep/robot_action_ws/install/robot_control_interfaces/lib/librobot_control_interfaces__rosidl_typesupport_fastrtps_cpp.so
-- Up-to-date: /home/deep/robot_action_ws/install/robot_control_interfaces/include/robot_control_interfaces/robot_control_interfaces
-- Up-to-date: /home/deep/robot_action_ws/install/robot_control_interfaces/include/robot_control_interfaces/robot_control_interfaces/action
-- Up-to-date: /home/deep/robot_action_ws/install/robot_control_interfaces/include/robot_control_interfaces/robot_control_interfaces/action/detail
-- Up-to-date: /home/deep/robot_action_ws/install/robot_control_interfaces/include/robot_control_interfaces/robot_control_interfaces/action/detail/move_robot__rosidl_typesupport_introspection_c.h
-- Up-to-date: /home/deep/robot_action_ws/install/robot_control_interfaces/include/robot_control_interfaces/robot_control_interfaces/action/detail/move_robot__type_support.c
-- Up-to-date: /home/deep/robot_action_ws/install/robot_control_interfaces/include/robot_control_interfaces/robot_control_interfaces/msg
-- Up-to-date: /home/deep/robot_action_ws/install/robot_control_interfaces/include/robot_control_interfaces/robot_control_interfaces/msg/rosidl_typesupport_introspection_c__visibility_control.h
-- Up-to-date: /home/deep/robot_action_ws/install/robot_control_interfaces/lib/librobot_control_interfaces__rosidl_typesupport_introspection_c.so
-- Up-to-date: /home/deep/robot_action_ws/install/robot_control_interfaces/lib/librobot_control_interfaces__rosidl_typesupport_c.so
-- Up-to-date: /home/deep/robot_action_ws/install/robot_control_interfaces/include/robot_control_interfaces/robot_control_interfaces
-- Up-to-date: /home/deep/robot_action_ws/install/robot_control_interfaces/include/robot_control_interfaces/robot_control_interfaces/action
-- Up-to-date: /home/deep/robot_action_ws/install/robot_control_interfaces/include/robot_control_interfaces/robot_control_interfaces/action/detail
-- Up-to-date: /home/deep/robot_action_ws/install/robot_control_interfaces/include/robot_control_interfaces/robot_control_interfaces/action/detail/move_robot__rosidl_typesupport_introspection_cpp.hpp
-- Up-to-date: /home/deep/robot_action_ws/install/robot_control_interfaces/include/robot_control_interfaces/robot_control_interfaces/action/detail/move_robot__type_support.cpp
-- Up-to-date: /home/deep/robot_action_ws/install/robot_control_interfaces/lib/librobot_control_interfaces__rosidl_typesupport_introspection_cpp.so
-- Up-to-date: /home/deep/robot_action_ws/install/robot_control_interfaces/lib/librobot_control_interfaces__rosidl_typesupport_cpp.so
-- Up-to-date: /home/deep/robot_action_ws/install/robot_control_interfaces/share/robot_control_interfaces/environment/pythonpath.sh
-- Up-to-date: /home/deep/robot_action_ws/install/robot_control_interfaces/share/robot_control_interfaces/environment/pythonpath.dsv
-- Up-to-date: /home/deep/robot_action_ws/install/robot_control_interfaces/lib/python3.10/site-packages/robot_control_interfaces-0.0.0-py3.10.egg-info
-- Installing: /home/deep/robot_action_ws/install/robot_control_interfaces/lib/python3.10/site-packages/robot_control_interfaces-0.0.0-py3.10.egg-info/dependency_links.txt
-- Installing: /home/deep/robot_action_ws/install/robot_control_interfaces/lib/python3.10/site-packages/robot_control_interfaces-0.0.0-py3.10.egg-info/SOURCES.txt
-- Installing: /home/deep/robot_action_ws/install/robot_control_interfaces/lib/python3.10/site-packages/robot_control_interfaces-0.0.0-py3.10.egg-info/PKG-INFO
-- Installing: /home/deep/robot_action_ws/install/robot_control_interfaces/lib/python3.10/site-packages/robot_control_interfaces-0.0.0-py3.10.egg-info/top_level.txt
-- Up-to-date: /home/deep/robot_action_ws/install/robot_control_interfaces/lib/python3.10/site-packages/robot_control_interfaces
-- Up-to-date: /home/deep/robot_action_ws/install/robot_control_interfaces/lib/python3.10/site-packages/robot_control_interfaces/__init__.py
-- Up-to-date: /home/deep/robot_action_ws/install/robot_control_interfaces/lib/python3.10/site-packages/robot_control_interfaces/_robot_control_interfaces_s.ep.rosidl_typesupport_introspection_c.c
-- Up-to-date: /home/deep/robot_action_ws/install/robot_control_interfaces/lib/python3.10/site-packages/robot_control_interfaces/_robot_control_interfaces_s.ep.rosidl_typesupport_c.c
-- Up-to-date: /home/deep/robot_action_ws/install/robot_control_interfaces/lib/python3.10/site-packages/robot_control_interfaces/librobot_control_interfaces__rosidl_generator_py.so
-- Up-to-date: /home/deep/robot_action_ws/install/robot_control_interfaces/lib/python3.10/site-packages/robot_control_interfaces/robot_control_interfaces_s__rosidl_typesupport_introspection_c.cpython-310-x86_64-linux-gnu.so
-- Up-to-date: /home/deep/robot_action_ws/install/robot_control_interfaces/lib/python3.10/site-packages/robot_control_interfaces/action
-- Up-to-date: /home/deep/robot_action_ws/install/robot_control_interfaces/lib/python3.10/site-packages/robot_control_interfaces/action/__init__.py
-- Up-to-date: /home/deep/robot_action_ws/install/robot_control_interfaces/lib/python3.10/site-packages/robot_control_interfaces/action/_move_robot.py
-- Up-to-date: /home/deep/robot_action_ws/install/robot_control_interfaces/lib/python3.10/site-packages/robot_control_interfaces/action/_move_robot_s.c
-- Up-to-date: /home/deep/robot_action_ws/install/robot_control_interfaces/lib/python3.10/site-packages/robot_control_interfaces/robot_control_interfaces_s__rosidl_typesupport_fastrtps_c.cpython-310-x86_64-linux-gnu.so
-- Up-to-date: /home/deep/robot_action_ws/install/robot_control_interfaces/lib/python3.10/site-packages/robot_control_interfaces/robot_control_interfaces_s__rosidl_typesupport_c.cpython-310-x86_64-linux-gnu.so
-- Up-to-date: /home/deep/robot_action_ws/install/robot_control_interfaces/lib/python3.10/site-packages/robot_control_interfaces/_robot_control_interfaces_s.ep.rosidl_typesupport_fastrtps_c.c
Listing '/home/deep/robot_action_ws/install/robot_control_interfaces/lib/python3.10/site-packages/robot_control_interfaces'...
Listing '/home/deep/robot_action_ws/install/robot_control_interfaces/lib/python3.10/site-packages/robot_control_interfaces/action'...
-- Up-to-date: /home/deep/robot_action_ws/install/robot_control_interfaces/lib/python3.10/site-packages/robot_control_interfaces/robot_control_interfaces_s__rosidl_typesupport_fastrtps_c.cpython-310-x86_64-linux-gnu.so
-- Up-to-date: /home/deep/robot_action_ws/install/robot_control_interfaces/lib/python3.10/site-packages/robot_control_interfaces/robot_control_interfaces_s__rosidl_typesupport_introspection_c.cpython-310-x86_64-linux-gnu.so
-- Up-to-date: /home/deep/robot_action_ws/install/robot_control_interfaces/lib/python3.10/site-packages/robot_control_interfaces/robot_control_interfaces_s__rosidl_typesupport_c.cpython-310-x86_64-linux-gnu.so
-- Up-to-date: /home/deep/robot_action_ws/install/robot_control_interfaces/lib/librobot_control_interfaces__rosidl_generator_py.so
-- Up-to-date: /home/deep/robot_action_ws/install/robot_control_interfaces/share/robot_control_interfaces/action/MoveRobot.idl
-- Up-to-date: /home/deep/robot_action_ws/install/robot_control_interfaces/share/robot_control_interfaces/action/MoveRobot.action
-- Up-to-date: /home/deep/robot_action_ws/install/robot_control_interfaces/share/ament_index/resource_index/package_run_dependencies/robot_control_interfaces
-- Up-to-date: /home/deep/robot_action_ws/install/robot_control_interfaces/share/ament_index/resource_index/parent_prefix_path/robot_control_interfaces
-- Up-to-date: /home/deep/robot_action_ws/install/robot_control_interfaces/share/robot_control_interfaces/environment/ament_prefix_path.sh
-- Up-to-date: /home/deep/robot_action_ws/install/robot_control_interfaces/share/robot_control_interfaces/environment/ament_prefix_path.dsv
-- Up-to-date: /home/deep/robot_action_ws/install/robot_control_interfaces/share/robot_control_interfaces/environment/path.sh
-- Up-to-date: /home/deep/robot_action_ws/install/robot_control_interfaces/share/robot_control_interfaces/environment/path.dsv
-- Up-to-date: /home/deep/robot_action_ws/install/robot_control_interfaces/share/robot_control_interfaces/local_setup.bash
-- Up-to-date: /home/deep/robot_action_ws/install/robot_control_interfaces/share/robot_control_interfaces/local_setup.sh
-- Up-to-date: /home/deep/robot_action_ws/install/robot_control_interfaces/share/robot_control_interfaces/local_setup.zsh
-- Up-to-date: /home/deep/robot_action_ws/install/robot_control_interfaces/share/robot_control_interfaces/local_setup.dsv
-- Installing: /home/deep/robot_action_ws/install/robot_control_interfaces/share/robot_control_interfaces/package.dsv
-- Up-to-date: /home/deep/robot_action_ws/install/robot_control_interfaces/share/ament_index/resource_index/packages/robot_control_interfaces
-- Up-to-date: /home/deep/robot_action_ws/install/robot_control_interfaces/share/robot_control_interfaces/cmake/export_robot_control_interfaces__rosidl_generator_cExport.cmake
-- Up-to-date: /home/deep/robot_action_ws/install/robot_control_interfaces/share/robot_control_interfaces/cmake/export_robot_control_interfaces__rosidl_generator_cExport-noconfig.cmake
-- Up-to-date: /home/deep/robot_action_ws/install/robot_control_interfaces/share/robot_control_interfaces/cmake/export_robot_control_interfaces__rosidl_typesupport_fastrtps_cExport.cmake
-- Up-to-date: /home/deep/robot_action_ws/install/robot_control_interfaces/share/robot_control_interfaces/cmake/export_robot_control_interfaces__rosidl_typesupport_fastrtps_cExport-noconfig.cmake
-- Up-to-date: /home/deep/robot_action_ws/install/robot_control_interfaces/share/robot_control_interfaces/cmake/export_robot_control_interfaces__rosidl_generator_cppExport.cmake
-- Up-to-date: /home/deep/robot_action_ws/install/robot_control_interfaces/share/robot_control_interfaces/cmake/export_robot_control_interfaces__rosidl_typesupport_fastrtps_cppExport.cmake
-- Up-to-date: /home/deep/robot_action_ws/install/robot_control_interfaces/share/robot_control_interfaces/cmake/export_robot_control_interfaces__rosidl_typesupport_fastrtps_cppExport-noconfig.cmake
-- Up-to-date: /home/deep/robot_action_ws/install/robot_control_interfaces/share/robot_control_interfaces/cmake/robot_control_interfaces__rosidl_typesupport_introspection_cExport.cmake
-- Up-to-date: /home/deep/robot_action_ws/install/robot_control_interfaces/share/robot_control_interfaces/cmake/robot_control_interfaces__rosidl_typesupport_introspection_cExport-noconfig.cmake
-- Up-to-date: /home/deep/robot_action_ws/install/robot_control_interfaces/share/robot_control_interfaces/cmake/robot_control_interfaces__rosidl_typesupport_cExport.cmake
-- Up-to-date: /home/deep/robot_action_ws/install/robot_control_interfaces/share/robot_control_interfaces/cmake/robot_control_interfaces__rosidl_typesupport_cExport-noconfig.cmake
-- Up-to-date: /home/deep/robot_action_ws/install/robot_control_interfaces/share/robot_control_interfaces/cmake/robot_control_interfaces__rosidl_typesupport_introspection_cppExport.cmake
-- Up-to-date: /home/deep/robot_action_ws/install/robot_control_interfaces/share/robot_control_interfaces/cmake/robot_control_interfaces__rosidl_typesupport_introspection_cppExport-noconfig.cmake
-- Up-to-date: /home/deep/robot_action_ws/install/robot_control_interfaces/share/robot_control_interfaces/cmake/robot_control_interfaces__rosidl_typesupport_cppExport.cmake
-- Up-to-date: /home/deep/robot_action_ws/install/robot_control_interfaces/share/robot_control_interfaces/cmake/robot_control_interfaces__rosidl_typesupport_cppExport-noconfig.cmake
-- Up-to-date: /home/deep/robot_action_ws/install/robot_control_interfaces/share/robot_control_interfaces/cmake/export_robot_control_interfaces__rosidl_generator_pyExport.cmake
-- Up-to-date: /home/deep/robot_action_ws/install/robot_control_interfaces/share/robot_control_interfaces/cmake/export_robot_control_interfaces__rosidl_generator_pyExport-noconfig.cmake
-- Up-to-date: /home/deep/robot_action_ws/install/robot_control_interfaces/share/robot_control_interfaces/cmake/rosidl_cmake-extras.cmake
-- Up-to-date: /home/deep/robot_action_ws/install/robot_control_interfaces/share/robot_control_interfaces/cmake/ament_cmake_export_dependencies-extras.cmake
-- Up-to-date: /home/deep/robot_action_ws/install/robot_control_interfaces/share/robot_control_interfaces/cmake/ament_cmake_export_include_directories-extras.cmake
-- Up-to-date: /home/deep/robot_action_ws/install/robot_control_interfaces/share/robot_control_interfaces/cmake/ament_cmake_export_libraries-extras.cmake
-- Up-to-date: /home/deep/robot_action_ws/install/robot_control_interfaces/share/robot_control_interfaces/cmake/ament_cmake_export_targets-extras.cmake
-- Up-to-date: /home/deep/robot_action_ws/install/robot_control_interfaces/share/robot_control_interfaces/cmake/rosidl_cmake_export_typesupport_targets-extras.cmake
-- Up-to-date: /home/deep/robot_action_ws/install/robot_control_interfaces/share/robot_control_interfaces/cmake/rosidl_cmake_export_typesupport_libraries-extras.cmake
-- Up-to-date: /home/deep/robot_action_ws/install/robot_control_interfaces/share/robot_control_interfaces/cmake/robot_control_interfacesConfig.cmake
-- Up-to-date: /home/deep/robot_action_ws/install/robot_control_interfaces/share/robot_control_interfaces/cmake/robot_control_interfacesConfig-version.cmake
-- Up-to-date: /home/deep/robot_action_ws/install/robot_control_interfaces/share/robot_control_interfaces/package.xml
