The target system is: Linux -  - aarch64
The host system is: Linux - 6.8.0-65-generic - x86_64
Compiling the CXX compiler identification source file "CMakeCXXCompilerId.cpp" succeeded.
Compiler: /home/zext/RV1126B/buildroot/output/rockchip_rv1126b/host/bin/aarch64-buildroot-linux-gnu-g++ 
Build flags: --sysroot=/home/zext/RV1126B/buildroot/output/rockchip_rv1126b/host/aarch64-buildroot-linux-gnu/sysroot
Id flags:  

The output was:
0


Compilation of the CXX compiler identification source "CMakeCXXCompilerId.cpp" produced "a.out"

The CXX compiler identification is GNU, found in "/home/zext/outlibraries/cam_zbar/build/CMakeFiles/3.22.1/CompilerIdCXX/a.out"

Detecting CXX compiler ABI info compiled with the following output:
Change Dir: /home/zext/outlibraries/cam_zbar/build/CMakeFiles/CMakeTmp

Run Build Command(s):/usr/bin/gmake -f Makefile cmTC_fd147/fast && /usr/bin/gmake  -f CMakeFiles/cmTC_fd147.dir/build.make CMakeFiles/cmTC_fd147.dir/build
gmake[1]: Entering directory '/home/zext/outlibraries/cam_zbar/build/CMakeFiles/CMakeTmp'
Building CXX object CMakeFiles/cmTC_fd147.dir/CMakeCXXCompilerABI.cpp.o
/home/zext/RV1126B/buildroot/output/rockchip_rv1126b/host/bin/aarch64-buildroot-linux-gnu-g++ --sysroot=/home/zext/RV1126B/buildroot/output/rockchip_rv1126b/host/aarch64-buildroot-linux-gnu/sysroot   --sysroot=/home/zext/RV1126B/buildroot/output/rockchip_rv1126b/host/aarch64-buildroot-linux-gnu/sysroot    -v -o CMakeFiles/cmTC_fd147.dir/CMakeCXXCompilerABI.cpp.o -c /usr/share/cmake-3.22/Modules/CMakeCXXCompilerABI.cpp
Using built-in specs.
COLLECT_GCC=/home/zext/RV1126B/buildroot/output/rockchip_rv1126b/host/bin/aarch64-buildroot-linux-gnu-g++.br_real
Target: aarch64-buildroot-linux-gnu
Configured with: ./configure --prefix=/home/zext/RV1126B/buildroot/output/rockchip_rv1126b/host --sysconfdir=/home/zext/RV1126B/buildroot/output/rockchip_rv1126b/host/etc --enable-static --target=aarch64-buildroot-linux-gnu --with-sysroot=/home/zext/RV1126B/buildroot/output/rockchip_rv1126b/host/aarch64-buildroot-linux-gnu/sysroot --enable-__cxa_atexit --with-gnu-ld --disable-libssp --disable-multilib --disable-decimal-float --enable-plugins --enable-lto --with-gmp=/home/zext/RV1126B/buildroot/output/rockchip_rv1126b/host --with-mpc=/home/zext/RV1126B/buildroot/output/rockchip_rv1126b/host --with-mpfr=/home/zext/RV1126B/buildroot/output/rockchip_rv1126b/host --with-pkgversion='Buildroot linux-6.1-stan-rkr6.1-dirty' --with-bugurl=https://gitlab.com/buildroot.org/buildroot/-/issues --without-zstd --disable-libquadmath --disable-libquadmath-support --enable-tls --enable-threads --without-isl --without-cloog --with-abi=lp64 --with-cpu=cortex-a53 --enable-languages=c,c++ --with-build-time-tools=/home/zext/RV1126B/buildroot/output/rockchip_rv1126b/host/aarch64-buildroot-linux-gnu/bin --enable-shared --disable-libgomp
Thread model: posix
Supported LTO compression algorithms: zlib
gcc version 13.3.0 (Buildroot linux-6.1-stan-rkr6.1-dirty) 
COLLECT_GCC_OPTIONS='--sysroot=/home/zext/RV1126B/buildroot/output/rockchip_rv1126b/host/aarch64-buildroot-linux-gnu/sysroot' '-fstack-protector-strong' '-fPIE' '-pie' '--sysroot=/home/zext/RV1126B/buildroot/output/rockchip_rv1126b/host/aarch64-buildroot-linux-gnu/sysroot' '--sysroot=/home/zext/RV1126B/buildroot/output/rockchip_rv1126b/host/aarch64-buildroot-linux-gnu/sysroot' '-v' '-o' 'CMakeFiles/cmTC_fd147.dir/CMakeCXXCompilerABI.cpp.o' '-c' '-shared-libgcc' '-mcpu=cortex-a53' '-mlittle-endian' '-mabi=lp64' '-dumpdir' 'CMakeFiles/cmTC_fd147.dir/'
 /home/zext/RV1126B/buildroot/output/rockchip_rv1126b/host/libexec/gcc/aarch64-buildroot-linux-gnu/13.3.0/cc1plus -quiet -v -isysroot /home/zext/RV1126B/buildroot/output/rockchip_rv1126b/host/aarch64-buildroot-linux-gnu/sysroot -D_GNU_SOURCE /usr/share/cmake-3.22/Modules/CMakeCXXCompilerABI.cpp -quiet -dumpdir CMakeFiles/cmTC_fd147.dir/ -dumpbase CMakeCXXCompilerABI.cpp.cpp -dumpbase-ext .cpp -mcpu=cortex-a53 -mlittle-endian -mabi=lp64 -version -fstack-protector-strong -fPIE -o /tmp/ccpHIGSh.s
GNU C++17 (Buildroot linux-6.1-stan-rkr6.1-dirty) version 13.3.0 (aarch64-buildroot-linux-gnu)
	compiled by GNU C version 11.4.0, GMP version 6.3.0, MPFR version 4.1.1, MPC version 1.2.1, isl version none
GGC heuristics: --param ggc-min-expand=100 --param ggc-min-heapsize=131072
ignoring nonexistent directory "/home/zext/RV1126B/buildroot/output/rockchip_rv1126b/host/aarch64-buildroot-linux-gnu/sysroot/usr/local/include"
#include "..." search starts here:
#include <...> search starts here:
 /home/zext/RV1126B/buildroot/output/rockchip_rv1126b/host/lib/gcc/aarch64-buildroot-linux-gnu/13.3.0/../../../../aarch64-buildroot-linux-gnu/include/c++/13.3.0
 /home/zext/RV1126B/buildroot/output/rockchip_rv1126b/host/lib/gcc/aarch64-buildroot-linux-gnu/13.3.0/../../../../aarch64-buildroot-linux-gnu/include/c++/13.3.0/aarch64-buildroot-linux-gnu
 /home/zext/RV1126B/buildroot/output/rockchip_rv1126b/host/lib/gcc/aarch64-buildroot-linux-gnu/13.3.0/../../../../aarch64-buildroot-linux-gnu/include/c++/13.3.0/backward
 /home/zext/RV1126B/buildroot/output/rockchip_rv1126b/host/lib/gcc/aarch64-buildroot-linux-gnu/13.3.0/include
 /home/zext/RV1126B/buildroot/output/rockchip_rv1126b/host/lib/gcc/aarch64-buildroot-linux-gnu/13.3.0/include-fixed
 /home/zext/RV1126B/buildroot/output/rockchip_rv1126b/host/lib/gcc/aarch64-buildroot-linux-gnu/13.3.0/../../../../aarch64-buildroot-linux-gnu/include
 /home/zext/RV1126B/buildroot/output/rockchip_rv1126b/host/aarch64-buildroot-linux-gnu/sysroot/usr/include
End of search list.
Compiler executable checksum: 230dc98b85a61207f25d0ed43af1cfb3
COLLECT_GCC_OPTIONS='--sysroot=/home/zext/RV1126B/buildroot/output/rockchip_rv1126b/host/aarch64-buildroot-linux-gnu/sysroot' '-fstack-protector-strong' '-fPIE' '-pie' '--sysroot=/home/zext/RV1126B/buildroot/output/rockchip_rv1126b/host/aarch64-buildroot-linux-gnu/sysroot' '--sysroot=/home/zext/RV1126B/buildroot/output/rockchip_rv1126b/host/aarch64-buildroot-linux-gnu/sysroot' '-v' '-o' 'CMakeFiles/cmTC_fd147.dir/CMakeCXXCompilerABI.cpp.o' '-c' '-shared-libgcc' '-mcpu=cortex-a53' '-mlittle-endian' '-mabi=lp64' '-dumpdir' 'CMakeFiles/cmTC_fd147.dir/'
 /home/zext/RV1126B/buildroot/output/rockchip_rv1126b/host/lib/gcc/aarch64-buildroot-linux-gnu/13.3.0/../../../../aarch64-buildroot-linux-gnu/bin/as -v -EL -march=armv8-a+crc -mabi=lp64 -o CMakeFiles/cmTC_fd147.dir/CMakeCXXCompilerABI.cpp.o /tmp/ccpHIGSh.s
GNU assembler version 2.40 (aarch64-buildroot-linux-gnu) using BFD version (GNU Binutils) 2.40
COMPILER_PATH=/home/zext/RV1126B/buildroot/output/rockchip_rv1126b/host/libexec/gcc/aarch64-buildroot-linux-gnu/13.3.0/:/home/zext/RV1126B/buildroot/output/rockchip_rv1126b/host/libexec/gcc/aarch64-buildroot-linux-gnu/13.3.0/:/home/zext/RV1126B/buildroot/output/rockchip_rv1126b/host/libexec/gcc/aarch64-buildroot-linux-gnu/:/home/zext/RV1126B/buildroot/output/rockchip_rv1126b/host/lib/gcc/aarch64-buildroot-linux-gnu/13.3.0/:/home/zext/RV1126B/buildroot/output/rockchip_rv1126b/host/lib/gcc/aarch64-buildroot-linux-gnu/:/home/zext/RV1126B/buildroot/output/rockchip_rv1126b/host/lib/gcc/aarch64-buildroot-linux-gnu/13.3.0/../../../../aarch64-buildroot-linux-gnu/bin/
LIBRARY_PATH=/home/zext/RV1126B/buildroot/output/rockchip_rv1126b/host/lib/gcc/aarch64-buildroot-linux-gnu/13.3.0/:/home/zext/RV1126B/buildroot/output/rockchip_rv1126b/host/lib/gcc/aarch64-buildroot-linux-gnu/13.3.0/../../../../aarch64-buildroot-linux-gnu/lib/../lib64/:/home/zext/RV1126B/buildroot/output/rockchip_rv1126b/host/aarch64-buildroot-linux-gnu/sysroot/lib/../lib64/:/home/zext/RV1126B/buildroot/output/rockchip_rv1126b/host/aarch64-buildroot-linux-gnu/sysroot/usr/lib/../lib64/:/home/zext/RV1126B/buildroot/output/rockchip_rv1126b/host/lib/gcc/aarch64-buildroot-linux-gnu/13.3.0/../../../../aarch64-buildroot-linux-gnu/lib/:/home/zext/RV1126B/buildroot/output/rockchip_rv1126b/host/aarch64-buildroot-linux-gnu/sysroot/lib/:/home/zext/RV1126B/buildroot/output/rockchip_rv1126b/host/aarch64-buildroot-linux-gnu/sysroot/usr/lib/
COLLECT_GCC_OPTIONS='--sysroot=/home/zext/RV1126B/buildroot/output/rockchip_rv1126b/host/aarch64-buildroot-linux-gnu/sysroot' '-fstack-protector-strong' '-fPIE' '-pie' '--sysroot=/home/zext/RV1126B/buildroot/output/rockchip_rv1126b/host/aarch64-buildroot-linux-gnu/sysroot' '--sysroot=/home/zext/RV1126B/buildroot/output/rockchip_rv1126b/host/aarch64-buildroot-linux-gnu/sysroot' '-v' '-o' 'CMakeFiles/cmTC_fd147.dir/CMakeCXXCompilerABI.cpp.o' '-c' '-shared-libgcc' '-mcpu=cortex-a53' '-mlittle-endian' '-mabi=lp64' '-dumpdir' 'CMakeFiles/cmTC_fd147.dir/CMakeCXXCompilerABI.cpp.'
Linking CXX executable cmTC_fd147
/usr/bin/cmake -E cmake_link_script CMakeFiles/cmTC_fd147.dir/link.txt --verbose=1
/home/zext/RV1126B/buildroot/output/rockchip_rv1126b/host/bin/aarch64-buildroot-linux-gnu-g++ --sysroot=/home/zext/RV1126B/buildroot/output/rockchip_rv1126b/host/aarch64-buildroot-linux-gnu/sysroot --sysroot=/home/zext/RV1126B/buildroot/output/rockchip_rv1126b/host/aarch64-buildroot-linux-gnu/sysroot   -v CMakeFiles/cmTC_fd147.dir/CMakeCXXCompilerABI.cpp.o -o cmTC_fd147 
Using built-in specs.
COLLECT_GCC=/home/zext/RV1126B/buildroot/output/rockchip_rv1126b/host/bin/aarch64-buildroot-linux-gnu-g++.br_real
COLLECT_LTO_WRAPPER=/home/zext/RV1126B/buildroot/output/rockchip_rv1126b/host/libexec/gcc/aarch64-buildroot-linux-gnu/13.3.0/lto-wrapper
Target: aarch64-buildroot-linux-gnu
Configured with: ./configure --prefix=/home/zext/RV1126B/buildroot/output/rockchip_rv1126b/host --sysconfdir=/home/zext/RV1126B/buildroot/output/rockchip_rv1126b/host/etc --enable-static --target=aarch64-buildroot-linux-gnu --with-sysroot=/home/zext/RV1126B/buildroot/output/rockchip_rv1126b/host/aarch64-buildroot-linux-gnu/sysroot --enable-__cxa_atexit --with-gnu-ld --disable-libssp --disable-multilib --disable-decimal-float --enable-plugins --enable-lto --with-gmp=/home/zext/RV1126B/buildroot/output/rockchip_rv1126b/host --with-mpc=/home/zext/RV1126B/buildroot/output/rockchip_rv1126b/host --with-mpfr=/home/zext/RV1126B/buildroot/output/rockchip_rv1126b/host --with-pkgversion='Buildroot linux-6.1-stan-rkr6.1-dirty' --with-bugurl=https://gitlab.com/buildroot.org/buildroot/-/issues --without-zstd --disable-libquadmath --disable-libquadmath-support --enable-tls --enable-threads --without-isl --without-cloog --with-abi=lp64 --with-cpu=cortex-a53 --enable-languages=c,c++ --with-build-time-tools=/home/zext/RV1126B/buildroot/output/rockchip_rv1126b/host/aarch64-buildroot-linux-gnu/bin --enable-shared --disable-libgomp
Thread model: posix
Supported LTO compression algorithms: zlib
gcc version 13.3.0 (Buildroot linux-6.1-stan-rkr6.1-dirty) 
COMPILER_PATH=/home/zext/RV1126B/buildroot/output/rockchip_rv1126b/host/libexec/gcc/aarch64-buildroot-linux-gnu/13.3.0/:/home/zext/RV1126B/buildroot/output/rockchip_rv1126b/host/libexec/gcc/aarch64-buildroot-linux-gnu/13.3.0/:/home/zext/RV1126B/buildroot/output/rockchip_rv1126b/host/libexec/gcc/aarch64-buildroot-linux-gnu/:/home/zext/RV1126B/buildroot/output/rockchip_rv1126b/host/lib/gcc/aarch64-buildroot-linux-gnu/13.3.0/:/home/zext/RV1126B/buildroot/output/rockchip_rv1126b/host/lib/gcc/aarch64-buildroot-linux-gnu/:/home/zext/RV1126B/buildroot/output/rockchip_rv1126b/host/lib/gcc/aarch64-buildroot-linux-gnu/13.3.0/../../../../aarch64-buildroot-linux-gnu/bin/
LIBRARY_PATH=/home/zext/RV1126B/buildroot/output/rockchip_rv1126b/host/lib/gcc/aarch64-buildroot-linux-gnu/13.3.0/:/home/zext/RV1126B/buildroot/output/rockchip_rv1126b/host/lib/gcc/aarch64-buildroot-linux-gnu/13.3.0/../../../../aarch64-buildroot-linux-gnu/lib/../lib64/:/home/zext/RV1126B/buildroot/output/rockchip_rv1126b/host/aarch64-buildroot-linux-gnu/sysroot/lib/../lib64/:/home/zext/RV1126B/buildroot/output/rockchip_rv1126b/host/aarch64-buildroot-linux-gnu/sysroot/usr/lib/../lib64/:/home/zext/RV1126B/buildroot/output/rockchip_rv1126b/host/lib/gcc/aarch64-buildroot-linux-gnu/13.3.0/../../../../aarch64-buildroot-linux-gnu/lib/:/home/zext/RV1126B/buildroot/output/rockchip_rv1126b/host/aarch64-buildroot-linux-gnu/sysroot/lib/:/home/zext/RV1126B/buildroot/output/rockchip_rv1126b/host/aarch64-buildroot-linux-gnu/sysroot/usr/lib/
COLLECT_GCC_OPTIONS='--sysroot=/home/zext/RV1126B/buildroot/output/rockchip_rv1126b/host/aarch64-buildroot-linux-gnu/sysroot' '-fstack-protector-strong' '-fPIE' '-pie' '--sysroot=/home/zext/RV1126B/buildroot/output/rockchip_rv1126b/host/aarch64-buildroot-linux-gnu/sysroot' '--sysroot=/home/zext/RV1126B/buildroot/output/rockchip_rv1126b/host/aarch64-buildroot-linux-gnu/sysroot' '-v' '-o' 'cmTC_fd147' '-shared-libgcc' '-mcpu=cortex-a53' '-mlittle-endian' '-mabi=lp64' '-dumpdir' 'cmTC_fd147.'
 /home/zext/RV1126B/buildroot/output/rockchip_rv1126b/host/libexec/gcc/aarch64-buildroot-linux-gnu/13.3.0/collect2 -plugin /home/zext/RV1126B/buildroot/output/rockchip_rv1126b/host/libexec/gcc/aarch64-buildroot-linux-gnu/13.3.0/liblto_plugin.so -plugin-opt=/home/zext/RV1126B/buildroot/output/rockchip_rv1126b/host/libexec/gcc/aarch64-buildroot-linux-gnu/13.3.0/lto-wrapper -plugin-opt=-fresolution=/tmp/cc4BihfF.res -plugin-opt=-pass-through=-lgcc_s -plugin-opt=-pass-through=-lgcc -plugin-opt=-pass-through=-lc -plugin-opt=-pass-through=-lgcc_s -plugin-opt=-pass-through=-lgcc --sysroot=/home/zext/RV1126B/buildroot/output/rockchip_rv1126b/host/aarch64-buildroot-linux-gnu/sysroot --eh-frame-hdr -dynamic-linker /lib/ld-linux-aarch64.so.1 -X -EL -maarch64linux -pie -o cmTC_fd147 /home/zext/RV1126B/buildroot/output/rockchip_rv1126b/host/aarch64-buildroot-linux-gnu/sysroot/lib/../lib64/Scrt1.o /home/zext/RV1126B/buildroot/output/rockchip_rv1126b/host/aarch64-buildroot-linux-gnu/sysroot/lib/../lib64/crti.o /home/zext/RV1126B/buildroot/output/rockchip_rv1126b/host/lib/gcc/aarch64-buildroot-linux-gnu/13.3.0/crtbeginS.o -L/home/zext/RV1126B/buildroot/output/rockchip_rv1126b/host/lib/gcc/aarch64-buildroot-linux-gnu/13.3.0 -L/home/zext/RV1126B/buildroot/output/rockchip_rv1126b/host/lib/gcc/aarch64-buildroot-linux-gnu/13.3.0/../../../../aarch64-buildroot-linux-gnu/lib/../lib64 -L/home/zext/RV1126B/buildroot/output/rockchip_rv1126b/host/aarch64-buildroot-linux-gnu/sysroot/lib/../lib64 -L/home/zext/RV1126B/buildroot/output/rockchip_rv1126b/host/aarch64-buildroot-linux-gnu/sysroot/usr/lib/../lib64 -L/home/zext/RV1126B/buildroot/output/rockchip_rv1126b/host/lib/gcc/aarch64-buildroot-linux-gnu/13.3.0/../../../../aarch64-buildroot-linux-gnu/lib -L/home/zext/RV1126B/buildroot/output/rockchip_rv1126b/host/aarch64-buildroot-linux-gnu/sysroot/lib -L/home/zext/RV1126B/buildroot/output/rockchip_rv1126b/host/aarch64-buildroot-linux-gnu/sysroot/usr/lib -z max-page-size=4096 -z common-page-size=4096 -z now -z relro CMakeFiles/cmTC_fd147.dir/CMakeCXXCompilerABI.cpp.o -lstdc++ -lm -lgcc_s -lgcc -lc -lgcc_s -lgcc /home/zext/RV1126B/buildroot/output/rockchip_rv1126b/host/lib/gcc/aarch64-buildroot-linux-gnu/13.3.0/crtendS.o /home/zext/RV1126B/buildroot/output/rockchip_rv1126b/host/aarch64-buildroot-linux-gnu/sysroot/lib/../lib64/crtn.o
COLLECT_GCC_OPTIONS='--sysroot=/home/zext/RV1126B/buildroot/output/rockchip_rv1126b/host/aarch64-buildroot-linux-gnu/sysroot' '-fstack-protector-strong' '-fPIE' '-pie' '--sysroot=/home/zext/RV1126B/buildroot/output/rockchip_rv1126b/host/aarch64-buildroot-linux-gnu/sysroot' '--sysroot=/home/zext/RV1126B/buildroot/output/rockchip_rv1126b/host/aarch64-buildroot-linux-gnu/sysroot' '-v' '-o' 'cmTC_fd147' '-shared-libgcc' '-mcpu=cortex-a53' '-mlittle-endian' '-mabi=lp64' '-dumpdir' 'cmTC_fd147.'
gmake[1]: Leaving directory '/home/zext/outlibraries/cam_zbar/build/CMakeFiles/CMakeTmp'



Parsed CXX implicit include dir info from above output: rv=done
  found start of include info
  found start of implicit include info
    add: [/home/zext/RV1126B/buildroot/output/rockchip_rv1126b/host/lib/gcc/aarch64-buildroot-linux-gnu/13.3.0/../../../../aarch64-buildroot-linux-gnu/include/c++/13.3.0]
    add: [/home/zext/RV1126B/buildroot/output/rockchip_rv1126b/host/lib/gcc/aarch64-buildroot-linux-gnu/13.3.0/../../../../aarch64-buildroot-linux-gnu/include/c++/13.3.0/aarch64-buildroot-linux-gnu]
    add: [/home/zext/RV1126B/buildroot/output/rockchip_rv1126b/host/lib/gcc/aarch64-buildroot-linux-gnu/13.3.0/../../../../aarch64-buildroot-linux-gnu/include/c++/13.3.0/backward]
    add: [/home/zext/RV1126B/buildroot/output/rockchip_rv1126b/host/lib/gcc/aarch64-buildroot-linux-gnu/13.3.0/include]
    add: [/home/zext/RV1126B/buildroot/output/rockchip_rv1126b/host/lib/gcc/aarch64-buildroot-linux-gnu/13.3.0/include-fixed]
    add: [/home/zext/RV1126B/buildroot/output/rockchip_rv1126b/host/lib/gcc/aarch64-buildroot-linux-gnu/13.3.0/../../../../aarch64-buildroot-linux-gnu/include]
    add: [/home/zext/RV1126B/buildroot/output/rockchip_rv1126b/host/aarch64-buildroot-linux-gnu/sysroot/usr/include]
  end of search list found
  collapse include dir [/home/zext/RV1126B/buildroot/output/rockchip_rv1126b/host/lib/gcc/aarch64-buildroot-linux-gnu/13.3.0/../../../../aarch64-buildroot-linux-gnu/include/c++/13.3.0] ==> [/home/zext/RV1126B/buildroot/output/rockchip_rv1126b/host/aarch64-buildroot-linux-gnu/include/c++/13.3.0]
  collapse include dir [/home/zext/RV1126B/buildroot/output/rockchip_rv1126b/host/lib/gcc/aarch64-buildroot-linux-gnu/13.3.0/../../../../aarch64-buildroot-linux-gnu/include/c++/13.3.0/aarch64-buildroot-linux-gnu] ==> [/home/zext/RV1126B/buildroot/output/rockchip_rv1126b/host/aarch64-buildroot-linux-gnu/include/c++/13.3.0/aarch64-buildroot-linux-gnu]
  collapse include dir [/home/zext/RV1126B/buildroot/output/rockchip_rv1126b/host/lib/gcc/aarch64-buildroot-linux-gnu/13.3.0/../../../../aarch64-buildroot-linux-gnu/include/c++/13.3.0/backward] ==> [/home/zext/RV1126B/buildroot/output/rockchip_rv1126b/host/aarch64-buildroot-linux-gnu/include/c++/13.3.0/backward]
  collapse include dir [/home/zext/RV1126B/buildroot/output/rockchip_rv1126b/host/lib/gcc/aarch64-buildroot-linux-gnu/13.3.0/include] ==> [/home/zext/RV1126B/buildroot/output/rockchip_rv1126b/host/lib/gcc/aarch64-buildroot-linux-gnu/13.3.0/include]
  collapse include dir [/home/zext/RV1126B/buildroot/output/rockchip_rv1126b/host/lib/gcc/aarch64-buildroot-linux-gnu/13.3.0/include-fixed] ==> [/home/zext/RV1126B/buildroot/output/rockchip_rv1126b/host/lib/gcc/aarch64-buildroot-linux-gnu/13.3.0/include-fixed]
  collapse include dir [/home/zext/RV1126B/buildroot/output/rockchip_rv1126b/host/lib/gcc/aarch64-buildroot-linux-gnu/13.3.0/../../../../aarch64-buildroot-linux-gnu/include] ==> [/home/zext/RV1126B/buildroot/output/rockchip_rv1126b/host/aarch64-buildroot-linux-gnu/include]
  collapse include dir [/home/zext/RV1126B/buildroot/output/rockchip_rv1126b/host/aarch64-buildroot-linux-gnu/sysroot/usr/include] ==> [/home/zext/RV1126B/buildroot/output/rockchip_rv1126b/host/aarch64-buildroot-linux-gnu/sysroot/usr/include]
  implicit include dirs: [/home/zext/RV1126B/buildroot/output/rockchip_rv1126b/host/aarch64-buildroot-linux-gnu/include/c++/13.3.0;/home/zext/RV1126B/buildroot/output/rockchip_rv1126b/host/aarch64-buildroot-linux-gnu/include/c++/13.3.0/aarch64-buildroot-linux-gnu;/home/zext/RV1126B/buildroot/output/rockchip_rv1126b/host/aarch64-buildroot-linux-gnu/include/c++/13.3.0/backward;/home/zext/RV1126B/buildroot/output/rockchip_rv1126b/host/lib/gcc/aarch64-buildroot-linux-gnu/13.3.0/include;/home/zext/RV1126B/buildroot/output/rockchip_rv1126b/host/lib/gcc/aarch64-buildroot-linux-gnu/13.3.0/include-fixed;/home/zext/RV1126B/buildroot/output/rockchip_rv1126b/host/aarch64-buildroot-linux-gnu/include;/home/zext/RV1126B/buildroot/output/rockchip_rv1126b/host/aarch64-buildroot-linux-gnu/sysroot/usr/include]


Parsed CXX implicit link information from above output:
  link line regex: [^( *|.*[/\])(aarch64-buildroot-linux-gnu-ld|CMAKE_LINK_STARTFILE-NOTFOUND|([^/\]+-)?ld|collect2)[^/\]*( |$)]
  ignore line: [Change Dir: /home/zext/outlibraries/cam_zbar/build/CMakeFiles/CMakeTmp]
  ignore line: []
  ignore line: [Run Build Command(s):/usr/bin/gmake -f Makefile cmTC_fd147/fast && /usr/bin/gmake  -f CMakeFiles/cmTC_fd147.dir/build.make CMakeFiles/cmTC_fd147.dir/build]
  ignore line: [gmake[1]: Entering directory '/home/zext/outlibraries/cam_zbar/build/CMakeFiles/CMakeTmp']
  ignore line: [Building CXX object CMakeFiles/cmTC_fd147.dir/CMakeCXXCompilerABI.cpp.o]
  ignore line: [/home/zext/RV1126B/buildroot/output/rockchip_rv1126b/host/bin/aarch64-buildroot-linux-gnu-g++ --sysroot=/home/zext/RV1126B/buildroot/output/rockchip_rv1126b/host/aarch64-buildroot-linux-gnu/sysroot   --sysroot=/home/zext/RV1126B/buildroot/output/rockchip_rv1126b/host/aarch64-buildroot-linux-gnu/sysroot    -v -o CMakeFiles/cmTC_fd147.dir/CMakeCXXCompilerABI.cpp.o -c /usr/share/cmake-3.22/Modules/CMakeCXXCompilerABI.cpp]
  ignore line: [Using built-in specs.]
  ignore line: [COLLECT_GCC=/home/zext/RV1126B/buildroot/output/rockchip_rv1126b/host/bin/aarch64-buildroot-linux-gnu-g++.br_real]
  ignore line: [Target: aarch64-buildroot-linux-gnu]
  ignore line: [Configured with: ./configure --prefix=/home/zext/RV1126B/buildroot/output/rockchip_rv1126b/host --sysconfdir=/home/zext/RV1126B/buildroot/output/rockchip_rv1126b/host/etc --enable-static --target=aarch64-buildroot-linux-gnu --with-sysroot=/home/zext/RV1126B/buildroot/output/rockchip_rv1126b/host/aarch64-buildroot-linux-gnu/sysroot --enable-__cxa_atexit --with-gnu-ld --disable-libssp --disable-multilib --disable-decimal-float --enable-plugins --enable-lto --with-gmp=/home/zext/RV1126B/buildroot/output/rockchip_rv1126b/host --with-mpc=/home/zext/RV1126B/buildroot/output/rockchip_rv1126b/host --with-mpfr=/home/zext/RV1126B/buildroot/output/rockchip_rv1126b/host --with-pkgversion='Buildroot linux-6.1-stan-rkr6.1-dirty' --with-bugurl=https://gitlab.com/buildroot.org/buildroot/-/issues --without-zstd --disable-libquadmath --disable-libquadmath-support --enable-tls --enable-threads --without-isl --without-cloog --with-abi=lp64 --with-cpu=cortex-a53 --enable-languages=c,c++ --with-build-time-tools=/home/zext/RV1126B/buildroot/output/rockchip_rv1126b/host/aarch64-buildroot-linux-gnu/bin --enable-shared --disable-libgomp]
  ignore line: [Thread model: posix]
  ignore line: [Supported LTO compression algorithms: zlib]
  ignore line: [gcc version 13.3.0 (Buildroot linux-6.1-stan-rkr6.1-dirty) ]
  ignore line: [COLLECT_GCC_OPTIONS='--sysroot=/home/zext/RV1126B/buildroot/output/rockchip_rv1126b/host/aarch64-buildroot-linux-gnu/sysroot' '-fstack-protector-strong' '-fPIE' '-pie' '--sysroot=/home/zext/RV1126B/buildroot/output/rockchip_rv1126b/host/aarch64-buildroot-linux-gnu/sysroot' '--sysroot=/home/zext/RV1126B/buildroot/output/rockchip_rv1126b/host/aarch64-buildroot-linux-gnu/sysroot' '-v' '-o' 'CMakeFiles/cmTC_fd147.dir/CMakeCXXCompilerABI.cpp.o' '-c' '-shared-libgcc' '-mcpu=cortex-a53' '-mlittle-endian' '-mabi=lp64' '-dumpdir' 'CMakeFiles/cmTC_fd147.dir/']
  ignore line: [ /home/zext/RV1126B/buildroot/output/rockchip_rv1126b/host/libexec/gcc/aarch64-buildroot-linux-gnu/13.3.0/cc1plus -quiet -v -isysroot /home/zext/RV1126B/buildroot/output/rockchip_rv1126b/host/aarch64-buildroot-linux-gnu/sysroot -D_GNU_SOURCE /usr/share/cmake-3.22/Modules/CMakeCXXCompilerABI.cpp -quiet -dumpdir CMakeFiles/cmTC_fd147.dir/ -dumpbase CMakeCXXCompilerABI.cpp.cpp -dumpbase-ext .cpp -mcpu=cortex-a53 -mlittle-endian -mabi=lp64 -version -fstack-protector-strong -fPIE -o /tmp/ccpHIGSh.s]
  ignore line: [GNU C++17 (Buildroot linux-6.1-stan-rkr6.1-dirty) version 13.3.0 (aarch64-buildroot-linux-gnu)]
  ignore line: [	compiled by GNU C version 11.4.0  GMP version 6.3.0  MPFR version 4.1.1  MPC version 1.2.1  isl version none]
  ignore line: [GGC heuristics: --param ggc-min-expand=100 --param ggc-min-heapsize=131072]
  ignore line: [ignoring nonexistent directory "/home/zext/RV1126B/buildroot/output/rockchip_rv1126b/host/aarch64-buildroot-linux-gnu/sysroot/usr/local/include"]
  ignore line: [#include "..." search starts here:]
  ignore line: [#include <...> search starts here:]
  ignore line: [ /home/zext/RV1126B/buildroot/output/rockchip_rv1126b/host/lib/gcc/aarch64-buildroot-linux-gnu/13.3.0/../../../../aarch64-buildroot-linux-gnu/include/c++/13.3.0]
  ignore line: [ /home/zext/RV1126B/buildroot/output/rockchip_rv1126b/host/lib/gcc/aarch64-buildroot-linux-gnu/13.3.0/../../../../aarch64-buildroot-linux-gnu/include/c++/13.3.0/aarch64-buildroot-linux-gnu]
  ignore line: [ /home/zext/RV1126B/buildroot/output/rockchip_rv1126b/host/lib/gcc/aarch64-buildroot-linux-gnu/13.3.0/../../../../aarch64-buildroot-linux-gnu/include/c++/13.3.0/backward]
  ignore line: [ /home/zext/RV1126B/buildroot/output/rockchip_rv1126b/host/lib/gcc/aarch64-buildroot-linux-gnu/13.3.0/include]
  ignore line: [ /home/zext/RV1126B/buildroot/output/rockchip_rv1126b/host/lib/gcc/aarch64-buildroot-linux-gnu/13.3.0/include-fixed]
  ignore line: [ /home/zext/RV1126B/buildroot/output/rockchip_rv1126b/host/lib/gcc/aarch64-buildroot-linux-gnu/13.3.0/../../../../aarch64-buildroot-linux-gnu/include]
  ignore line: [ /home/zext/RV1126B/buildroot/output/rockchip_rv1126b/host/aarch64-buildroot-linux-gnu/sysroot/usr/include]
  ignore line: [End of search list.]
  ignore line: [Compiler executable checksum: 230dc98b85a61207f25d0ed43af1cfb3]
  ignore line: [COLLECT_GCC_OPTIONS='--sysroot=/home/zext/RV1126B/buildroot/output/rockchip_rv1126b/host/aarch64-buildroot-linux-gnu/sysroot' '-fstack-protector-strong' '-fPIE' '-pie' '--sysroot=/home/zext/RV1126B/buildroot/output/rockchip_rv1126b/host/aarch64-buildroot-linux-gnu/sysroot' '--sysroot=/home/zext/RV1126B/buildroot/output/rockchip_rv1126b/host/aarch64-buildroot-linux-gnu/sysroot' '-v' '-o' 'CMakeFiles/cmTC_fd147.dir/CMakeCXXCompilerABI.cpp.o' '-c' '-shared-libgcc' '-mcpu=cortex-a53' '-mlittle-endian' '-mabi=lp64' '-dumpdir' 'CMakeFiles/cmTC_fd147.dir/']
  ignore line: [ /home/zext/RV1126B/buildroot/output/rockchip_rv1126b/host/lib/gcc/aarch64-buildroot-linux-gnu/13.3.0/../../../../aarch64-buildroot-linux-gnu/bin/as -v -EL -march=armv8-a+crc -mabi=lp64 -o CMakeFiles/cmTC_fd147.dir/CMakeCXXCompilerABI.cpp.o /tmp/ccpHIGSh.s]
  ignore line: [GNU assembler version 2.40 (aarch64-buildroot-linux-gnu) using BFD version (GNU Binutils) 2.40]
  ignore line: [COMPILER_PATH=/home/zext/RV1126B/buildroot/output/rockchip_rv1126b/host/libexec/gcc/aarch64-buildroot-linux-gnu/13.3.0/:/home/zext/RV1126B/buildroot/output/rockchip_rv1126b/host/libexec/gcc/aarch64-buildroot-linux-gnu/13.3.0/:/home/zext/RV1126B/buildroot/output/rockchip_rv1126b/host/libexec/gcc/aarch64-buildroot-linux-gnu/:/home/zext/RV1126B/buildroot/output/rockchip_rv1126b/host/lib/gcc/aarch64-buildroot-linux-gnu/13.3.0/:/home/zext/RV1126B/buildroot/output/rockchip_rv1126b/host/lib/gcc/aarch64-buildroot-linux-gnu/:/home/zext/RV1126B/buildroot/output/rockchip_rv1126b/host/lib/gcc/aarch64-buildroot-linux-gnu/13.3.0/../../../../aarch64-buildroot-linux-gnu/bin/]
  ignore line: [LIBRARY_PATH=/home/zext/RV1126B/buildroot/output/rockchip_rv1126b/host/lib/gcc/aarch64-buildroot-linux-gnu/13.3.0/:/home/zext/RV1126B/buildroot/output/rockchip_rv1126b/host/lib/gcc/aarch64-buildroot-linux-gnu/13.3.0/../../../../aarch64-buildroot-linux-gnu/lib/../lib64/:/home/zext/RV1126B/buildroot/output/rockchip_rv1126b/host/aarch64-buildroot-linux-gnu/sysroot/lib/../lib64/:/home/zext/RV1126B/buildroot/output/rockchip_rv1126b/host/aarch64-buildroot-linux-gnu/sysroot/usr/lib/../lib64/:/home/zext/RV1126B/buildroot/output/rockchip_rv1126b/host/lib/gcc/aarch64-buildroot-linux-gnu/13.3.0/../../../../aarch64-buildroot-linux-gnu/lib/:/home/zext/RV1126B/buildroot/output/rockchip_rv1126b/host/aarch64-buildroot-linux-gnu/sysroot/lib/:/home/zext/RV1126B/buildroot/output/rockchip_rv1126b/host/aarch64-buildroot-linux-gnu/sysroot/usr/lib/]
  ignore line: [COLLECT_GCC_OPTIONS='--sysroot=/home/zext/RV1126B/buildroot/output/rockchip_rv1126b/host/aarch64-buildroot-linux-gnu/sysroot' '-fstack-protector-strong' '-fPIE' '-pie' '--sysroot=/home/zext/RV1126B/buildroot/output/rockchip_rv1126b/host/aarch64-buildroot-linux-gnu/sysroot' '--sysroot=/home/zext/RV1126B/buildroot/output/rockchip_rv1126b/host/aarch64-buildroot-linux-gnu/sysroot' '-v' '-o' 'CMakeFiles/cmTC_fd147.dir/CMakeCXXCompilerABI.cpp.o' '-c' '-shared-libgcc' '-mcpu=cortex-a53' '-mlittle-endian' '-mabi=lp64' '-dumpdir' 'CMakeFiles/cmTC_fd147.dir/CMakeCXXCompilerABI.cpp.']
  ignore line: [Linking CXX executable cmTC_fd147]
  ignore line: [/usr/bin/cmake -E cmake_link_script CMakeFiles/cmTC_fd147.dir/link.txt --verbose=1]
  ignore line: [/home/zext/RV1126B/buildroot/output/rockchip_rv1126b/host/bin/aarch64-buildroot-linux-gnu-g++ --sysroot=/home/zext/RV1126B/buildroot/output/rockchip_rv1126b/host/aarch64-buildroot-linux-gnu/sysroot --sysroot=/home/zext/RV1126B/buildroot/output/rockchip_rv1126b/host/aarch64-buildroot-linux-gnu/sysroot   -v CMakeFiles/cmTC_fd147.dir/CMakeCXXCompilerABI.cpp.o -o cmTC_fd147 ]
  ignore line: [Using built-in specs.]
  ignore line: [COLLECT_GCC=/home/zext/RV1126B/buildroot/output/rockchip_rv1126b/host/bin/aarch64-buildroot-linux-gnu-g++.br_real]
  ignore line: [COLLECT_LTO_WRAPPER=/home/zext/RV1126B/buildroot/output/rockchip_rv1126b/host/libexec/gcc/aarch64-buildroot-linux-gnu/13.3.0/lto-wrapper]
  ignore line: [Target: aarch64-buildroot-linux-gnu]
  ignore line: [Configured with: ./configure --prefix=/home/zext/RV1126B/buildroot/output/rockchip_rv1126b/host --sysconfdir=/home/zext/RV1126B/buildroot/output/rockchip_rv1126b/host/etc --enable-static --target=aarch64-buildroot-linux-gnu --with-sysroot=/home/zext/RV1126B/buildroot/output/rockchip_rv1126b/host/aarch64-buildroot-linux-gnu/sysroot --enable-__cxa_atexit --with-gnu-ld --disable-libssp --disable-multilib --disable-decimal-float --enable-plugins --enable-lto --with-gmp=/home/zext/RV1126B/buildroot/output/rockchip_rv1126b/host --with-mpc=/home/zext/RV1126B/buildroot/output/rockchip_rv1126b/host --with-mpfr=/home/zext/RV1126B/buildroot/output/rockchip_rv1126b/host --with-pkgversion='Buildroot linux-6.1-stan-rkr6.1-dirty' --with-bugurl=https://gitlab.com/buildroot.org/buildroot/-/issues --without-zstd --disable-libquadmath --disable-libquadmath-support --enable-tls --enable-threads --without-isl --without-cloog --with-abi=lp64 --with-cpu=cortex-a53 --enable-languages=c,c++ --with-build-time-tools=/home/zext/RV1126B/buildroot/output/rockchip_rv1126b/host/aarch64-buildroot-linux-gnu/bin --enable-shared --disable-libgomp]
  ignore line: [Thread model: posix]
  ignore line: [Supported LTO compression algorithms: zlib]
  ignore line: [gcc version 13.3.0 (Buildroot linux-6.1-stan-rkr6.1-dirty) ]
  ignore line: [COMPILER_PATH=/home/zext/RV1126B/buildroot/output/rockchip_rv1126b/host/libexec/gcc/aarch64-buildroot-linux-gnu/13.3.0/:/home/zext/RV1126B/buildroot/output/rockchip_rv1126b/host/libexec/gcc/aarch64-buildroot-linux-gnu/13.3.0/:/home/zext/RV1126B/buildroot/output/rockchip_rv1126b/host/libexec/gcc/aarch64-buildroot-linux-gnu/:/home/zext/RV1126B/buildroot/output/rockchip_rv1126b/host/lib/gcc/aarch64-buildroot-linux-gnu/13.3.0/:/home/zext/RV1126B/buildroot/output/rockchip_rv1126b/host/lib/gcc/aarch64-buildroot-linux-gnu/:/home/zext/RV1126B/buildroot/output/rockchip_rv1126b/host/lib/gcc/aarch64-buildroot-linux-gnu/13.3.0/../../../../aarch64-buildroot-linux-gnu/bin/]
  ignore line: [LIBRARY_PATH=/home/zext/RV1126B/buildroot/output/rockchip_rv1126b/host/lib/gcc/aarch64-buildroot-linux-gnu/13.3.0/:/home/zext/RV1126B/buildroot/output/rockchip_rv1126b/host/lib/gcc/aarch64-buildroot-linux-gnu/13.3.0/../../../../aarch64-buildroot-linux-gnu/lib/../lib64/:/home/zext/RV1126B/buildroot/output/rockchip_rv1126b/host/aarch64-buildroot-linux-gnu/sysroot/lib/../lib64/:/home/zext/RV1126B/buildroot/output/rockchip_rv1126b/host/aarch64-buildroot-linux-gnu/sysroot/usr/lib/../lib64/:/home/zext/RV1126B/buildroot/output/rockchip_rv1126b/host/lib/gcc/aarch64-buildroot-linux-gnu/13.3.0/../../../../aarch64-buildroot-linux-gnu/lib/:/home/zext/RV1126B/buildroot/output/rockchip_rv1126b/host/aarch64-buildroot-linux-gnu/sysroot/lib/:/home/zext/RV1126B/buildroot/output/rockchip_rv1126b/host/aarch64-buildroot-linux-gnu/sysroot/usr/lib/]
  ignore line: [COLLECT_GCC_OPTIONS='--sysroot=/home/zext/RV1126B/buildroot/output/rockchip_rv1126b/host/aarch64-buildroot-linux-gnu/sysroot' '-fstack-protector-strong' '-fPIE' '-pie' '--sysroot=/home/zext/RV1126B/buildroot/output/rockchip_rv1126b/host/aarch64-buildroot-linux-gnu/sysroot' '--sysroot=/home/zext/RV1126B/buildroot/output/rockchip_rv1126b/host/aarch64-buildroot-linux-gnu/sysroot' '-v' '-o' 'cmTC_fd147' '-shared-libgcc' '-mcpu=cortex-a53' '-mlittle-endian' '-mabi=lp64' '-dumpdir' 'cmTC_fd147.']
  link line: [ /home/zext/RV1126B/buildroot/output/rockchip_rv1126b/host/libexec/gcc/aarch64-buildroot-linux-gnu/13.3.0/collect2 -plugin /home/zext/RV1126B/buildroot/output/rockchip_rv1126b/host/libexec/gcc/aarch64-buildroot-linux-gnu/13.3.0/liblto_plugin.so -plugin-opt=/home/zext/RV1126B/buildroot/output/rockchip_rv1126b/host/libexec/gcc/aarch64-buildroot-linux-gnu/13.3.0/lto-wrapper -plugin-opt=-fresolution=/tmp/cc4BihfF.res -plugin-opt=-pass-through=-lgcc_s -plugin-opt=-pass-through=-lgcc -plugin-opt=-pass-through=-lc -plugin-opt=-pass-through=-lgcc_s -plugin-opt=-pass-through=-lgcc --sysroot=/home/zext/RV1126B/buildroot/output/rockchip_rv1126b/host/aarch64-buildroot-linux-gnu/sysroot --eh-frame-hdr -dynamic-linker /lib/ld-linux-aarch64.so.1 -X -EL -maarch64linux -pie -o cmTC_fd147 /home/zext/RV1126B/buildroot/output/rockchip_rv1126b/host/aarch64-buildroot-linux-gnu/sysroot/lib/../lib64/Scrt1.o /home/zext/RV1126B/buildroot/output/rockchip_rv1126b/host/aarch64-buildroot-linux-gnu/sysroot/lib/../lib64/crti.o /home/zext/RV1126B/buildroot/output/rockchip_rv1126b/host/lib/gcc/aarch64-buildroot-linux-gnu/13.3.0/crtbeginS.o -L/home/zext/RV1126B/buildroot/output/rockchip_rv1126b/host/lib/gcc/aarch64-buildroot-linux-gnu/13.3.0 -L/home/zext/RV1126B/buildroot/output/rockchip_rv1126b/host/lib/gcc/aarch64-buildroot-linux-gnu/13.3.0/../../../../aarch64-buildroot-linux-gnu/lib/../lib64 -L/home/zext/RV1126B/buildroot/output/rockchip_rv1126b/host/aarch64-buildroot-linux-gnu/sysroot/lib/../lib64 -L/home/zext/RV1126B/buildroot/output/rockchip_rv1126b/host/aarch64-buildroot-linux-gnu/sysroot/usr/lib/../lib64 -L/home/zext/RV1126B/buildroot/output/rockchip_rv1126b/host/lib/gcc/aarch64-buildroot-linux-gnu/13.3.0/../../../../aarch64-buildroot-linux-gnu/lib -L/home/zext/RV1126B/buildroot/output/rockchip_rv1126b/host/aarch64-buildroot-linux-gnu/sysroot/lib -L/home/zext/RV1126B/buildroot/output/rockchip_rv1126b/host/aarch64-buildroot-linux-gnu/sysroot/usr/lib -z max-page-size=4096 -z common-page-size=4096 -z now -z relro CMakeFiles/cmTC_fd147.dir/CMakeCXXCompilerABI.cpp.o -lstdc++ -lm -lgcc_s -lgcc -lc -lgcc_s -lgcc /home/zext/RV1126B/buildroot/output/rockchip_rv1126b/host/lib/gcc/aarch64-buildroot-linux-gnu/13.3.0/crtendS.o /home/zext/RV1126B/buildroot/output/rockchip_rv1126b/host/aarch64-buildroot-linux-gnu/sysroot/lib/../lib64/crtn.o]
    arg [/home/zext/RV1126B/buildroot/output/rockchip_rv1126b/host/libexec/gcc/aarch64-buildroot-linux-gnu/13.3.0/collect2] ==> ignore
    arg [-plugin] ==> ignore
    arg [/home/zext/RV1126B/buildroot/output/rockchip_rv1126b/host/libexec/gcc/aarch64-buildroot-linux-gnu/13.3.0/liblto_plugin.so] ==> ignore
    arg [-plugin-opt=/home/zext/RV1126B/buildroot/output/rockchip_rv1126b/host/libexec/gcc/aarch64-buildroot-linux-gnu/13.3.0/lto-wrapper] ==> ignore
    arg [-plugin-opt=-fresolution=/tmp/cc4BihfF.res] ==> ignore
    arg [-plugin-opt=-pass-through=-lgcc_s] ==> ignore
    arg [-plugin-opt=-pass-through=-lgcc] ==> ignore
    arg [-plugin-opt=-pass-through=-lc] ==> ignore
    arg [-plugin-opt=-pass-through=-lgcc_s] ==> ignore
    arg [-plugin-opt=-pass-through=-lgcc] ==> ignore
    arg [--sysroot=/home/zext/RV1126B/buildroot/output/rockchip_rv1126b/host/aarch64-buildroot-linux-gnu/sysroot] ==> ignore
    arg [--eh-frame-hdr] ==> ignore
    arg [-dynamic-linker] ==> ignore
    arg [/lib/ld-linux-aarch64.so.1] ==> ignore
    arg [-X] ==> ignore
    arg [-EL] ==> ignore
    arg [-maarch64linux] ==> ignore
    arg [-pie] ==> ignore
    arg [-o] ==> ignore
    arg [cmTC_fd147] ==> ignore
    arg [/home/zext/RV1126B/buildroot/output/rockchip_rv1126b/host/aarch64-buildroot-linux-gnu/sysroot/lib/../lib64/Scrt1.o] ==> obj [/home/zext/RV1126B/buildroot/output/rockchip_rv1126b/host/aarch64-buildroot-linux-gnu/sysroot/lib/../lib64/Scrt1.o]
    arg [/home/zext/RV1126B/buildroot/output/rockchip_rv1126b/host/aarch64-buildroot-linux-gnu/sysroot/lib/../lib64/crti.o] ==> obj [/home/zext/RV1126B/buildroot/output/rockchip_rv1126b/host/aarch64-buildroot-linux-gnu/sysroot/lib/../lib64/crti.o]
    arg [/home/zext/RV1126B/buildroot/output/rockchip_rv1126b/host/lib/gcc/aarch64-buildroot-linux-gnu/13.3.0/crtbeginS.o] ==> obj [/home/zext/RV1126B/buildroot/output/rockchip_rv1126b/host/lib/gcc/aarch64-buildroot-linux-gnu/13.3.0/crtbeginS.o]
    arg [-L/home/zext/RV1126B/buildroot/output/rockchip_rv1126b/host/lib/gcc/aarch64-buildroot-linux-gnu/13.3.0] ==> dir [/home/zext/RV1126B/buildroot/output/rockchip_rv1126b/host/lib/gcc/aarch64-buildroot-linux-gnu/13.3.0]
    arg [-L/home/zext/RV1126B/buildroot/output/rockchip_rv1126b/host/lib/gcc/aarch64-buildroot-linux-gnu/13.3.0/../../../../aarch64-buildroot-linux-gnu/lib/../lib64] ==> dir [/home/zext/RV1126B/buildroot/output/rockchip_rv1126b/host/lib/gcc/aarch64-buildroot-linux-gnu/13.3.0/../../../../aarch64-buildroot-linux-gnu/lib/../lib64]
    arg [-L/home/zext/RV1126B/buildroot/output/rockchip_rv1126b/host/aarch64-buildroot-linux-gnu/sysroot/lib/../lib64] ==> dir [/home/zext/RV1126B/buildroot/output/rockchip_rv1126b/host/aarch64-buildroot-linux-gnu/sysroot/lib/../lib64]
    arg [-L/home/zext/RV1126B/buildroot/output/rockchip_rv1126b/host/aarch64-buildroot-linux-gnu/sysroot/usr/lib/../lib64] ==> dir [/home/zext/RV1126B/buildroot/output/rockchip_rv1126b/host/aarch64-buildroot-linux-gnu/sysroot/usr/lib/../lib64]
    arg [-L/home/zext/RV1126B/buildroot/output/rockchip_rv1126b/host/lib/gcc/aarch64-buildroot-linux-gnu/13.3.0/../../../../aarch64-buildroot-linux-gnu/lib] ==> dir [/home/zext/RV1126B/buildroot/output/rockchip_rv1126b/host/lib/gcc/aarch64-buildroot-linux-gnu/13.3.0/../../../../aarch64-buildroot-linux-gnu/lib]
    arg [-L/home/zext/RV1126B/buildroot/output/rockchip_rv1126b/host/aarch64-buildroot-linux-gnu/sysroot/lib] ==> dir [/home/zext/RV1126B/buildroot/output/rockchip_rv1126b/host/aarch64-buildroot-linux-gnu/sysroot/lib]
    arg [-L/home/zext/RV1126B/buildroot/output/rockchip_rv1126b/host/aarch64-buildroot-linux-gnu/sysroot/usr/lib] ==> dir [/home/zext/RV1126B/buildroot/output/rockchip_rv1126b/host/aarch64-buildroot-linux-gnu/sysroot/usr/lib]
    arg [-zmax-page-size=4096] ==> ignore
    arg [-zcommon-page-size=4096] ==> ignore
    arg [-znow] ==> ignore
    arg [-zrelro] ==> ignore
    arg [CMakeFiles/cmTC_fd147.dir/CMakeCXXCompilerABI.cpp.o] ==> ignore
    arg [-lstdc++] ==> lib [stdc++]
    arg [-lm] ==> lib [m]
    arg [-lgcc_s] ==> lib [gcc_s]
    arg [-lgcc] ==> lib [gcc]
    arg [-lc] ==> lib [c]
    arg [-lgcc_s] ==> lib [gcc_s]
    arg [-lgcc] ==> lib [gcc]
    arg [/home/zext/RV1126B/buildroot/output/rockchip_rv1126b/host/lib/gcc/aarch64-buildroot-linux-gnu/13.3.0/crtendS.o] ==> obj [/home/zext/RV1126B/buildroot/output/rockchip_rv1126b/host/lib/gcc/aarch64-buildroot-linux-gnu/13.3.0/crtendS.o]
    arg [/home/zext/RV1126B/buildroot/output/rockchip_rv1126b/host/aarch64-buildroot-linux-gnu/sysroot/lib/../lib64/crtn.o] ==> obj [/home/zext/RV1126B/buildroot/output/rockchip_rv1126b/host/aarch64-buildroot-linux-gnu/sysroot/lib/../lib64/crtn.o]
  collapse obj [/home/zext/RV1126B/buildroot/output/rockchip_rv1126b/host/aarch64-buildroot-linux-gnu/sysroot/lib/../lib64/Scrt1.o] ==> [/home/zext/RV1126B/buildroot/output/rockchip_rv1126b/host/aarch64-buildroot-linux-gnu/sysroot/lib64/Scrt1.o]
  collapse obj [/home/zext/RV1126B/buildroot/output/rockchip_rv1126b/host/aarch64-buildroot-linux-gnu/sysroot/lib/../lib64/crti.o] ==> [/home/zext/RV1126B/buildroot/output/rockchip_rv1126b/host/aarch64-buildroot-linux-gnu/sysroot/lib64/crti.o]
  collapse obj [/home/zext/RV1126B/buildroot/output/rockchip_rv1126b/host/aarch64-buildroot-linux-gnu/sysroot/lib/../lib64/crtn.o] ==> [/home/zext/RV1126B/buildroot/output/rockchip_rv1126b/host/aarch64-buildroot-linux-gnu/sysroot/lib64/crtn.o]
  collapse library dir [/home/zext/RV1126B/buildroot/output/rockchip_rv1126b/host/lib/gcc/aarch64-buildroot-linux-gnu/13.3.0] ==> [/home/zext/RV1126B/buildroot/output/rockchip_rv1126b/host/lib/gcc/aarch64-buildroot-linux-gnu/13.3.0]
  collapse library dir [/home/zext/RV1126B/buildroot/output/rockchip_rv1126b/host/lib/gcc/aarch64-buildroot-linux-gnu/13.3.0/../../../../aarch64-buildroot-linux-gnu/lib/../lib64] ==> [/home/zext/RV1126B/buildroot/output/rockchip_rv1126b/host/aarch64-buildroot-linux-gnu/lib64]
  collapse library dir [/home/zext/RV1126B/buildroot/output/rockchip_rv1126b/host/aarch64-buildroot-linux-gnu/sysroot/lib/../lib64] ==> [/home/zext/RV1126B/buildroot/output/rockchip_rv1126b/host/aarch64-buildroot-linux-gnu/sysroot/lib64]
  collapse library dir [/home/zext/RV1126B/buildroot/output/rockchip_rv1126b/host/aarch64-buildroot-linux-gnu/sysroot/usr/lib/../lib64] ==> [/home/zext/RV1126B/buildroot/output/rockchip_rv1126b/host/aarch64-buildroot-linux-gnu/sysroot/usr/lib64]
  collapse library dir [/home/zext/RV1126B/buildroot/output/rockchip_rv1126b/host/lib/gcc/aarch64-buildroot-linux-gnu/13.3.0/../../../../aarch64-buildroot-linux-gnu/lib] ==> [/home/zext/RV1126B/buildroot/output/rockchip_rv1126b/host/aarch64-buildroot-linux-gnu/lib]
  collapse library dir [/home/zext/RV1126B/buildroot/output/rockchip_rv1126b/host/aarch64-buildroot-linux-gnu/sysroot/lib] ==> [/home/zext/RV1126B/buildroot/output/rockchip_rv1126b/host/aarch64-buildroot-linux-gnu/sysroot/lib]
  collapse library dir [/home/zext/RV1126B/buildroot/output/rockchip_rv1126b/host/aarch64-buildroot-linux-gnu/sysroot/usr/lib] ==> [/home/zext/RV1126B/buildroot/output/rockchip_rv1126b/host/aarch64-buildroot-linux-gnu/sysroot/usr/lib]
  implicit libs: [stdc++;m;gcc_s;gcc;c;gcc_s;gcc]
  implicit objs: [/home/zext/RV1126B/buildroot/output/rockchip_rv1126b/host/aarch64-buildroot-linux-gnu/sysroot/lib64/Scrt1.o;/home/zext/RV1126B/buildroot/output/rockchip_rv1126b/host/aarch64-buildroot-linux-gnu/sysroot/lib64/crti.o;/home/zext/RV1126B/buildroot/output/rockchip_rv1126b/host/lib/gcc/aarch64-buildroot-linux-gnu/13.3.0/crtbeginS.o;/home/zext/RV1126B/buildroot/output/rockchip_rv1126b/host/lib/gcc/aarch64-buildroot-linux-gnu/13.3.0/crtendS.o;/home/zext/RV1126B/buildroot/output/rockchip_rv1126b/host/aarch64-buildroot-linux-gnu/sysroot/lib64/crtn.o]
  implicit dirs: [/home/zext/RV1126B/buildroot/output/rockchip_rv1126b/host/lib/gcc/aarch64-buildroot-linux-gnu/13.3.0;/home/zext/RV1126B/buildroot/output/rockchip_rv1126b/host/aarch64-buildroot-linux-gnu/lib64;/home/zext/RV1126B/buildroot/output/rockchip_rv1126b/host/aarch64-buildroot-linux-gnu/sysroot/lib64;/home/zext/RV1126B/buildroot/output/rockchip_rv1126b/host/aarch64-buildroot-linux-gnu/sysroot/usr/lib64;/home/zext/RV1126B/buildroot/output/rockchip_rv1126b/host/aarch64-buildroot-linux-gnu/lib;/home/zext/RV1126B/buildroot/output/rockchip_rv1126b/host/aarch64-buildroot-linux-gnu/sysroot/lib;/home/zext/RV1126B/buildroot/output/rockchip_rv1126b/host/aarch64-buildroot-linux-gnu/sysroot/usr/lib]
  implicit fwks: []


