[0.009s] Invoking command in '/home/deep/robot_action_ws/build/move_robot_client': CMAKE_PREFIX_PATH=/home/deep/robot_action_ws/install/robot_control_interfaces:/home/deep/robot_action_ws/install/robot_core:/home/deep/robot_action_ws/install/move_robot_client:/opt/ros/iron /usr/bin/cmake --build /home/deep/robot_action_ws/build/move_robot_client -- -j12 -l12
[0.036s] [35m[1mConsolidate compiler generated dependencies of target move_robot_action_client[0m
[0.047s] [ 50%] [32mBuilding CXX object CMakeFiles/move_robot_action_client.dir/src/move_robot_action_client.cpp.o[0m
[2.830s] [100%] [32m[1mLinking CXX executable move_robot_action_client[0m
[2.927s] [100%] Built target move_robot_action_client
[2.934s] Invoked command in '/home/deep/robot_action_ws/build/move_robot_client' returned '0': CMAKE_PREFIX_PATH=/home/deep/robot_action_ws/install/robot_control_interfaces:/home/deep/robot_action_ws/install/robot_core:/home/deep/robot_action_ws/install/move_robot_client:/opt/ros/iron /usr/bin/cmake --build /home/deep/robot_action_ws/build/move_robot_client -- -j12 -l12
[2.936s] Invoking command in '/home/deep/robot_action_ws/build/move_robot_client': CMAKE_PREFIX_PATH=/home/deep/robot_action_ws/install/robot_control_interfaces:/home/deep/robot_action_ws/install/robot_core:/home/deep/robot_action_ws/install/move_robot_client:/opt/ros/iron /usr/bin/cmake --install /home/deep/robot_action_ws/build/move_robot_client
[2.940s] -- Install configuration: ""
[2.940s] -- Installing: /home/deep/robot_action_ws/install/move_robot_client/lib/move_robot_client/move_robot_action_client
[2.940s] -- Set runtime path of "/home/deep/robot_action_ws/install/move_robot_client/lib/move_robot_client/move_robot_action_client" to ""
[2.941s] -- Up-to-date: /home/deep/robot_action_ws/install/move_robot_client/share/ament_index/resource_index/package_run_dependencies/move_robot_client
[2.941s] -- Up-to-date: /home/deep/robot_action_ws/install/move_robot_client/share/ament_index/resource_index/parent_prefix_path/move_robot_client
[2.941s] -- Up-to-date: /home/deep/robot_action_ws/install/move_robot_client/share/move_robot_client/environment/ament_prefix_path.sh
[2.941s] -- Up-to-date: /home/deep/robot_action_ws/install/move_robot_client/share/move_robot_client/environment/ament_prefix_path.dsv
[2.941s] -- Up-to-date: /home/deep/robot_action_ws/install/move_robot_client/share/move_robot_client/environment/path.sh
[2.941s] -- Up-to-date: /home/deep/robot_action_ws/install/move_robot_client/share/move_robot_client/environment/path.dsv
[2.941s] -- Up-to-date: /home/deep/robot_action_ws/install/move_robot_client/share/move_robot_client/local_setup.bash
[2.941s] -- Up-to-date: /home/deep/robot_action_ws/install/move_robot_client/share/move_robot_client/local_setup.sh
[2.941s] -- Up-to-date: /home/deep/robot_action_ws/install/move_robot_client/share/move_robot_client/local_setup.zsh
[2.941s] -- Up-to-date: /home/deep/robot_action_ws/install/move_robot_client/share/move_robot_client/local_setup.dsv
[2.941s] -- Installing: /home/deep/robot_action_ws/install/move_robot_client/share/move_robot_client/package.dsv
[2.941s] -- Up-to-date: /home/deep/robot_action_ws/install/move_robot_client/share/ament_index/resource_index/packages/move_robot_client
[2.941s] -- Up-to-date: /home/deep/robot_action_ws/install/move_robot_client/share/move_robot_client/cmake/move_robot_clientConfig.cmake
[2.941s] -- Up-to-date: /home/deep/robot_action_ws/install/move_robot_client/share/move_robot_client/cmake/move_robot_clientConfig-version.cmake
[2.942s] -- Up-to-date: /home/deep/robot_action_ws/install/move_robot_client/share/move_robot_client/package.xml
[2.943s] Invoked command in '/home/deep/robot_action_ws/build/move_robot_client' returned '0': CMAKE_PREFIX_PATH=/home/deep/robot_action_ws/install/robot_control_interfaces:/home/deep/robot_action_ws/install/robot_core:/home/deep/robot_action_ws/install/move_robot_client:/opt/ros/iron /usr/bin/cmake --install /home/deep/robot_action_ws/build/move_robot_client
