-- Found ament_cmake: 2.0.7 (/opt/ros/iron/share/ament_cmake/cmake)
-- Found rclcpp: 21.0.8 (/opt/ros/iron/share/rclcpp/cmake)
-- Found rosidl_generator_c: 4.0.1 (/opt/ros/iron/share/rosidl_generator_c/cmake)
-- Found rosidl_generator_cpp: 4.0.1 (/opt/ros/iron/share/rosidl_generator_cpp/cmake)
-- Using all available rosidl_typesupport_c: rosidl_typesupport_fastrtps_c;rosidl_typesupport_introspection_c
-- Using all available rosidl_typesupport_cpp: rosidl_typesupport_fastrtps_cpp;rosidl_typesupport_introspection_cpp
-- Found rmw_implementation_cmake: 7.1.0 (/opt/ros/iron/share/rmw_implementation_cmake/cmake)
-- Found rmw_fastrtps_cpp: 7.1.4 (/opt/ros/iron/share/rmw_fastrtps_cpp/cmake)
-- Using RMW implementation 'rmw_fastrtps_cpp' as default
-- Found rclcpp_action: 21.0.8 (/opt/ros/iron/share/rclcpp_action/cmake)
-- Found rosidl_default_generators: 1.5.0 (/opt/ros/iron/share/rosidl_default_generators/cmake)
-- Found rosidl_adapter: 4.0.1 (/opt/ros/iron/share/rosidl_adapter/cmake)
-- Found ament_cmake_ros: 0.11.2 (/opt/ros/iron/share/ament_cmake_ros/cmake)
-- Using all available rosidl_typesupport_c: rosidl_typesupport_fastrtps_c;rosidl_typesupport_introspection_c
-- Using all available rosidl_typesupport_cpp: rosidl_typesupport_fastrtps_cpp;rosidl_typesupport_introspection_cpp
-- Found PythonInterp: /usr/bin/python3 (found suitable version "3.10.12", minimum required is "3.6") 
-- Found python_cmake_module: 0.10.2 (/opt/ros/iron/share/python_cmake_module/cmake)
-- Found PythonLibs: /usr/lib/x86_64-linux-gnu/libpython3.10.so (found suitable version "3.10.12", minimum required is "3.5") 
-- Using PYTHON_EXECUTABLE: /usr/bin/python3
-- Using PYTHON_INCLUDE_DIRS: /usr/include/python3.10
-- Using PYTHON_LIBRARIES: /usr/lib/x86_64-linux-gnu/libpython3.10.so
-- Found PythonExtra: .so  
-- Found ament_lint_auto: 0.14.4 (/opt/ros/iron/share/ament_lint_auto/cmake)
-- Added test 'lint_cmake' to check CMake code style
-- Added test 'xmllint' to check XML markup files
-- Configuring done
-- Generating done
-- Build files have been written to: /home/deep/robot_action_ws/build/robot_control_interfaces
[  2%] [34m[1mGenerating type hashes for ROS interfaces[0m
[  2%] Built target ament_cmake_python_copy_robot_control_interfaces
running egg_info
creating robot_control_interfaces.egg-info
writing robot_control_interfaces.egg-info/PKG-INFO
writing dependency_links to robot_control_interfaces.egg-info/dependency_links.txt
writing top-level names to robot_control_interfaces.egg-info/top_level.txt
writing manifest file 'robot_control_interfaces.egg-info/SOURCES.txt'
reading manifest file 'robot_control_interfaces.egg-info/SOURCES.txt'
writing manifest file 'robot_control_interfaces.egg-info/SOURCES.txt'
[  2%] Built target ament_cmake_python_build_robot_control_interfaces_egg
[  2%] Built target robot_control_interfaces__rosidl_generator_type_description
[  5%] [34m[1mGenerating C code for ROS interfaces[0m
[  8%] [34m[1mGenerating C++ code for ROS interfaces[0m
[  8%] Built target robot_control_interfaces__cpp
[ 14%] [32mBuilding C object CMakeFiles/robot_control_interfaces__rosidl_generator_c.dir/rosidl_generator_c/robot_control_interfaces/action/detail/move_robot__functions.c.o[0m
[ 14%] [32mBuilding C object CMakeFiles/robot_control_interfaces__rosidl_generator_c.dir/rosidl_generator_c/robot_control_interfaces/action/detail/move_robot__description.c.o[0m
[ 17%] [32mBuilding C object CMakeFiles/robot_control_interfaces__rosidl_generator_c.dir/rosidl_generator_c/robot_control_interfaces/action/detail/move_robot__type_support.c.o[0m
[ 20%] [32m[1mLinking C shared library librobot_control_interfaces__rosidl_generator_c.so[0m
[ 20%] Built target robot_control_interfaces__rosidl_generator_c
[ 26%] [34m[1mGenerating C introspection for ROS interfaces[0m
[ 26%] [34m[1mGenerating C type support for eProsima Fast-RTPS[0m
[ 29%] [34m[1mGenerating C++ type support dispatch for ROS interfaces[0m
[ 32%] [34m[1mGenerating C type support dispatch for ROS interfaces[0m
[ 35%] [34m[1mGenerating C++ type support for eProsima Fast-RTPS[0m
[ 38%] [34m[1mGenerating C++ introspection for ROS interfaces[0m
[ 41%] [32mBuilding CXX object CMakeFiles/robot_control_interfaces__rosidl_typesupport_c.dir/rosidl_typesupport_c/robot_control_interfaces/action/move_robot__type_support.cpp.o[0m
[ 44%] [32mBuilding CXX object CMakeFiles/robot_control_interfaces__rosidl_typesupport_cpp.dir/rosidl_typesupport_cpp/robot_control_interfaces/action/move_robot__type_support.cpp.o[0m
[ 47%] [32mBuilding CXX object CMakeFiles/robot_control_interfaces__rosidl_typesupport_introspection_cpp.dir/rosidl_typesupport_introspection_cpp/robot_control_interfaces/action/detail/move_robot__type_support.cpp.o[0m
[ 50%] [32mBuilding C object CMakeFiles/robot_control_interfaces__rosidl_typesupport_introspection_c.dir/rosidl_typesupport_introspection_c/robot_control_interfaces/action/detail/move_robot__type_support.c.o[0m
[ 52%] [32m[1mLinking CXX shared library librobot_control_interfaces__rosidl_typesupport_c.so[0m
[ 55%] [32mBuilding CXX object CMakeFiles/robot_control_interfaces__rosidl_typesupport_fastrtps_cpp.dir/rosidl_typesupport_fastrtps_cpp/robot_control_interfaces/action/detail/dds_fastrtps/move_robot__type_support.cpp.o[0m
[ 58%] [32mBuilding CXX object CMakeFiles/robot_control_interfaces__rosidl_typesupport_fastrtps_c.dir/rosidl_typesupport_fastrtps_c/robot_control_interfaces/action/detail/move_robot__type_support_c.cpp.o[0m
[ 58%] Built target robot_control_interfaces__rosidl_typesupport_c
[ 61%] [32m[1mLinking C shared library librobot_control_interfaces__rosidl_typesupport_introspection_c.so[0m
[ 61%] Built target robot_control_interfaces__rosidl_typesupport_introspection_c
[ 64%] [32m[1mLinking CXX shared library librobot_control_interfaces__rosidl_typesupport_fastrtps_c.so[0m
[ 64%] Built target robot_control_interfaces__rosidl_typesupport_fastrtps_c
[ 67%] [32m[1mLinking CXX shared library librobot_control_interfaces__rosidl_typesupport_cpp.so[0m
[ 70%] [32m[1mLinking CXX shared library librobot_control_interfaces__rosidl_typesupport_introspection_cpp.so[0m
[ 70%] Built target robot_control_interfaces__rosidl_typesupport_cpp
[ 70%] Built target robot_control_interfaces__rosidl_typesupport_introspection_cpp
[ 73%] [32m[1mLinking CXX shared library librobot_control_interfaces__rosidl_typesupport_fastrtps_cpp.so[0m
[ 73%] Built target robot_control_interfaces__rosidl_typesupport_fastrtps_cpp
[ 73%] Built target robot_control_interfaces
[ 76%] [34m[1mGenerating Python code for ROS interfaces[0m
[ 76%] Built target robot_control_interfaces__py
[ 79%] [32mBuilding C object CMakeFiles/robot_control_interfaces__rosidl_generator_py.dir/rosidl_generator_py/robot_control_interfaces/action/_move_robot_s.c.o[0m
[ 82%] [32m[1mLinking C shared library rosidl_generator_py/robot_control_interfaces/librobot_control_interfaces__rosidl_generator_py.so[0m
[ 82%] Built target robot_control_interfaces__rosidl_generator_py
[ 91%] [32mBuilding C object CMakeFiles/robot_control_interfaces__rosidl_typesupport_c__pyext.dir/rosidl_generator_py/robot_control_interfaces/_robot_control_interfaces_s.ep.rosidl_typesupport_c.c.o[0m
[ 91%] [32mBuilding C object CMakeFiles/robot_control_interfaces__rosidl_typesupport_introspection_c__pyext.dir/rosidl_generator_py/robot_control_interfaces/_robot_control_interfaces_s.ep.rosidl_typesupport_introspection_c.c.o[0m
[ 91%] [32mBuilding C object CMakeFiles/robot_control_interfaces__rosidl_typesupport_fastrtps_c__pyext.dir/rosidl_generator_py/robot_control_interfaces/_robot_control_interfaces_s.ep.rosidl_typesupport_fastrtps_c.c.o[0m
[ 97%] [32m[1mLinking C shared library rosidl_generator_py/robot_control_interfaces/robot_control_interfaces_s__rosidl_typesupport_fastrtps_c.cpython-310-x86_64-linux-gnu.so[0m
[ 97%] [32m[1mLinking C shared library rosidl_generator_py/robot_control_interfaces/robot_control_interfaces_s__rosidl_typesupport_c.cpython-310-x86_64-linux-gnu.so[0m
[100%] [32m[1mLinking C shared library rosidl_generator_py/robot_control_interfaces/robot_control_interfaces_s__rosidl_typesupport_introspection_c.cpython-310-x86_64-linux-gnu.so[0m
[100%] Built target robot_control_interfaces__rosidl_typesupport_introspection_c__pyext
[100%] Built target robot_control_interfaces__rosidl_typesupport_fastrtps_c__pyext
[100%] Built target robot_control_interfaces__rosidl_typesupport_c__pyext
-- Install configuration: ""
-- Installing: /home/deep/robot_action_ws/install/robot_control_interfaces/share/ament_index/resource_index/rosidl_interfaces/robot_control_interfaces
-- Installing: /home/deep/robot_action_ws/install/robot_control_interfaces/share/robot_control_interfaces/action/MoveRobot.json
-- Installing: /home/deep/robot_action_ws/install/robot_control_interfaces/include/robot_control_interfaces/robot_control_interfaces
-- Installing: /home/deep/robot_action_ws/install/robot_control_interfaces/include/robot_control_interfaces/robot_control_interfaces/action
-- Installing: /home/deep/robot_action_ws/install/robot_control_interfaces/include/robot_control_interfaces/robot_control_interfaces/action/detail
-- Installing: /home/deep/robot_action_ws/install/robot_control_interfaces/include/robot_control_interfaces/robot_control_interfaces/action/detail/move_robot__description.c
-- Installing: /home/deep/robot_action_ws/install/robot_control_interfaces/include/robot_control_interfaces/robot_control_interfaces/action/detail/move_robot__functions.h
-- Installing: /home/deep/robot_action_ws/install/robot_control_interfaces/include/robot_control_interfaces/robot_control_interfaces/action/detail/move_robot__type_support.c
-- Installing: /home/deep/robot_action_ws/install/robot_control_interfaces/include/robot_control_interfaces/robot_control_interfaces/action/detail/move_robot__type_support.h
-- Installing: /home/deep/robot_action_ws/install/robot_control_interfaces/include/robot_control_interfaces/robot_control_interfaces/action/detail/move_robot__struct.h
-- Installing: /home/deep/robot_action_ws/install/robot_control_interfaces/include/robot_control_interfaces/robot_control_interfaces/action/detail/move_robot__functions.c
-- Installing: /home/deep/robot_action_ws/install/robot_control_interfaces/include/robot_control_interfaces/robot_control_interfaces/action/move_robot.h
-- Installing: /home/deep/robot_action_ws/install/robot_control_interfaces/include/robot_control_interfaces/robot_control_interfaces/msg
-- Installing: /home/deep/robot_action_ws/install/robot_control_interfaces/include/robot_control_interfaces/robot_control_interfaces/msg/rosidl_generator_c__visibility_control.h
-- Installing: /home/deep/robot_action_ws/install/robot_control_interfaces/share/robot_control_interfaces/environment/library_path.sh
-- Installing: /home/deep/robot_action_ws/install/robot_control_interfaces/share/robot_control_interfaces/environment/library_path.dsv
-- Installing: /home/deep/robot_action_ws/install/robot_control_interfaces/lib/librobot_control_interfaces__rosidl_generator_c.so
-- Set runtime path of "/home/deep/robot_action_ws/install/robot_control_interfaces/lib/librobot_control_interfaces__rosidl_generator_c.so" to ""
-- Up-to-date: /home/deep/robot_action_ws/install/robot_control_interfaces/include/robot_control_interfaces/robot_control_interfaces
-- Up-to-date: /home/deep/robot_action_ws/install/robot_control_interfaces/include/robot_control_interfaces/robot_control_interfaces/action
-- Up-to-date: /home/deep/robot_action_ws/install/robot_control_interfaces/include/robot_control_interfaces/robot_control_interfaces/action/detail
-- Installing: /home/deep/robot_action_ws/install/robot_control_interfaces/include/robot_control_interfaces/robot_control_interfaces/action/detail/move_robot__rosidl_typesupport_fastrtps_c.h
-- Up-to-date: /home/deep/robot_action_ws/install/robot_control_interfaces/include/robot_control_interfaces/robot_control_interfaces/msg
-- Installing: /home/deep/robot_action_ws/install/robot_control_interfaces/include/robot_control_interfaces/robot_control_interfaces/msg/rosidl_typesupport_fastrtps_c__visibility_control.h
-- Installing: /home/deep/robot_action_ws/install/robot_control_interfaces/lib/librobot_control_interfaces__rosidl_typesupport_fastrtps_c.so
-- Set runtime path of "/home/deep/robot_action_ws/install/robot_control_interfaces/lib/librobot_control_interfaces__rosidl_typesupport_fastrtps_c.so" to ""
-- Up-to-date: /home/deep/robot_action_ws/install/robot_control_interfaces/include/robot_control_interfaces/robot_control_interfaces
-- Up-to-date: /home/deep/robot_action_ws/install/robot_control_interfaces/include/robot_control_interfaces/robot_control_interfaces/action
-- Up-to-date: /home/deep/robot_action_ws/install/robot_control_interfaces/include/robot_control_interfaces/robot_control_interfaces/action/detail
-- Installing: /home/deep/robot_action_ws/install/robot_control_interfaces/include/robot_control_interfaces/robot_control_interfaces/action/detail/move_robot__builder.hpp
-- Installing: /home/deep/robot_action_ws/install/robot_control_interfaces/include/robot_control_interfaces/robot_control_interfaces/action/detail/move_robot__struct.hpp
-- Installing: /home/deep/robot_action_ws/install/robot_control_interfaces/include/robot_control_interfaces/robot_control_interfaces/action/detail/move_robot__traits.hpp
-- Installing: /home/deep/robot_action_ws/install/robot_control_interfaces/include/robot_control_interfaces/robot_control_interfaces/action/move_robot.hpp
-- Up-to-date: /home/deep/robot_action_ws/install/robot_control_interfaces/include/robot_control_interfaces/robot_control_interfaces
-- Up-to-date: /home/deep/robot_action_ws/install/robot_control_interfaces/include/robot_control_interfaces/robot_control_interfaces/action
-- Up-to-date: /home/deep/robot_action_ws/install/robot_control_interfaces/include/robot_control_interfaces/robot_control_interfaces/action/detail
-- Installing: /home/deep/robot_action_ws/install/robot_control_interfaces/include/robot_control_interfaces/robot_control_interfaces/action/detail/move_robot__rosidl_typesupport_fastrtps_cpp.hpp
-- Installing: /home/deep/robot_action_ws/install/robot_control_interfaces/include/robot_control_interfaces/robot_control_interfaces/action/detail/dds_fastrtps
-- Up-to-date: /home/deep/robot_action_ws/install/robot_control_interfaces/include/robot_control_interfaces/robot_control_interfaces/msg
-- Installing: /home/deep/robot_action_ws/install/robot_control_interfaces/include/robot_control_interfaces/robot_control_interfaces/msg/rosidl_typesupport_fastrtps_cpp__visibility_control.h
-- Installing: /home/deep/robot_action_ws/install/robot_control_interfaces/lib/librobot_control_interfaces__rosidl_typesupport_fastrtps_cpp.so
-- Set runtime path of "/home/deep/robot_action_ws/install/robot_control_interfaces/lib/librobot_control_interfaces__rosidl_typesupport_fastrtps_cpp.so" to ""
-- Up-to-date: /home/deep/robot_action_ws/install/robot_control_interfaces/include/robot_control_interfaces/robot_control_interfaces
-- Up-to-date: /home/deep/robot_action_ws/install/robot_control_interfaces/include/robot_control_interfaces/robot_control_interfaces/action
-- Up-to-date: /home/deep/robot_action_ws/install/robot_control_interfaces/include/robot_control_interfaces/robot_control_interfaces/action/detail
-- Installing: /home/deep/robot_action_ws/install/robot_control_interfaces/include/robot_control_interfaces/robot_control_interfaces/action/detail/move_robot__rosidl_typesupport_introspection_c.h
-- Installing: /home/deep/robot_action_ws/install/robot_control_interfaces/include/robot_control_interfaces/robot_control_interfaces/action/detail/move_robot__type_support.c
-- Up-to-date: /home/deep/robot_action_ws/install/robot_control_interfaces/include/robot_control_interfaces/robot_control_interfaces/msg
-- Installing: /home/deep/robot_action_ws/install/robot_control_interfaces/include/robot_control_interfaces/robot_control_interfaces/msg/rosidl_typesupport_introspection_c__visibility_control.h
-- Installing: /home/deep/robot_action_ws/install/robot_control_interfaces/lib/librobot_control_interfaces__rosidl_typesupport_introspection_c.so
-- Set runtime path of "/home/deep/robot_action_ws/install/robot_control_interfaces/lib/librobot_control_interfaces__rosidl_typesupport_introspection_c.so" to ""
-- Installing: /home/deep/robot_action_ws/install/robot_control_interfaces/lib/librobot_control_interfaces__rosidl_typesupport_c.so
-- Set runtime path of "/home/deep/robot_action_ws/install/robot_control_interfaces/lib/librobot_control_interfaces__rosidl_typesupport_c.so" to ""
-- Up-to-date: /home/deep/robot_action_ws/install/robot_control_interfaces/include/robot_control_interfaces/robot_control_interfaces
-- Up-to-date: /home/deep/robot_action_ws/install/robot_control_interfaces/include/robot_control_interfaces/robot_control_interfaces/action
-- Up-to-date: /home/deep/robot_action_ws/install/robot_control_interfaces/include/robot_control_interfaces/robot_control_interfaces/action/detail
-- Installing: /home/deep/robot_action_ws/install/robot_control_interfaces/include/robot_control_interfaces/robot_control_interfaces/action/detail/move_robot__rosidl_typesupport_introspection_cpp.hpp
-- Installing: /home/deep/robot_action_ws/install/robot_control_interfaces/include/robot_control_interfaces/robot_control_interfaces/action/detail/move_robot__type_support.cpp
-- Installing: /home/deep/robot_action_ws/install/robot_control_interfaces/lib/librobot_control_interfaces__rosidl_typesupport_introspection_cpp.so
-- Set runtime path of "/home/deep/robot_action_ws/install/robot_control_interfaces/lib/librobot_control_interfaces__rosidl_typesupport_introspection_cpp.so" to ""
-- Installing: /home/deep/robot_action_ws/install/robot_control_interfaces/lib/librobot_control_interfaces__rosidl_typesupport_cpp.so
-- Set runtime path of "/home/deep/robot_action_ws/install/robot_control_interfaces/lib/librobot_control_interfaces__rosidl_typesupport_cpp.so" to ""
-- Installing: /home/deep/robot_action_ws/install/robot_control_interfaces/share/robot_control_interfaces/environment/pythonpath.sh
-- Installing: /home/deep/robot_action_ws/install/robot_control_interfaces/share/robot_control_interfaces/environment/pythonpath.dsv
-- Installing: /home/deep/robot_action_ws/install/robot_control_interfaces/lib/python3.10/site-packages/robot_control_interfaces-0.0.0-py3.10.egg-info
-- Installing: /home/deep/robot_action_ws/install/robot_control_interfaces/lib/python3.10/site-packages/robot_control_interfaces-0.0.0-py3.10.egg-info/dependency_links.txt
-- Installing: /home/deep/robot_action_ws/install/robot_control_interfaces/lib/python3.10/site-packages/robot_control_interfaces-0.0.0-py3.10.egg-info/SOURCES.txt
-- Installing: /home/deep/robot_action_ws/install/robot_control_interfaces/lib/python3.10/site-packages/robot_control_interfaces-0.0.0-py3.10.egg-info/PKG-INFO
-- Installing: /home/deep/robot_action_ws/install/robot_control_interfaces/lib/python3.10/site-packages/robot_control_interfaces-0.0.0-py3.10.egg-info/top_level.txt
-- Installing: /home/deep/robot_action_ws/install/robot_control_interfaces/lib/python3.10/site-packages/robot_control_interfaces
-- Installing: /home/deep/robot_action_ws/install/robot_control_interfaces/lib/python3.10/site-packages/robot_control_interfaces/__init__.py
-- Installing: /home/deep/robot_action_ws/install/robot_control_interfaces/lib/python3.10/site-packages/robot_control_interfaces/_robot_control_interfaces_s.ep.rosidl_typesupport_introspection_c.c
-- Installing: /home/deep/robot_action_ws/install/robot_control_interfaces/lib/python3.10/site-packages/robot_control_interfaces/_robot_control_interfaces_s.ep.rosidl_typesupport_c.c
-- Installing: /home/deep/robot_action_ws/install/robot_control_interfaces/lib/python3.10/site-packages/robot_control_interfaces/librobot_control_interfaces__rosidl_generator_py.so
-- Installing: /home/deep/robot_action_ws/install/robot_control_interfaces/lib/python3.10/site-packages/robot_control_interfaces/robot_control_interfaces_s__rosidl_typesupport_introspection_c.cpython-310-x86_64-linux-gnu.so
-- Installing: /home/deep/robot_action_ws/install/robot_control_interfaces/lib/python3.10/site-packages/robot_control_interfaces/action
-- Installing: /home/deep/robot_action_ws/install/robot_control_interfaces/lib/python3.10/site-packages/robot_control_interfaces/action/__init__.py
-- Installing: /home/deep/robot_action_ws/install/robot_control_interfaces/lib/python3.10/site-packages/robot_control_interfaces/action/_move_robot.py
-- Installing: /home/deep/robot_action_ws/install/robot_control_interfaces/lib/python3.10/site-packages/robot_control_interfaces/action/_move_robot_s.c
-- Installing: /home/deep/robot_action_ws/install/robot_control_interfaces/lib/python3.10/site-packages/robot_control_interfaces/robot_control_interfaces_s__rosidl_typesupport_fastrtps_c.cpython-310-x86_64-linux-gnu.so
-- Installing: /home/deep/robot_action_ws/install/robot_control_interfaces/lib/python3.10/site-packages/robot_control_interfaces/robot_control_interfaces_s__rosidl_typesupport_c.cpython-310-x86_64-linux-gnu.so
-- Installing: /home/deep/robot_action_ws/install/robot_control_interfaces/lib/python3.10/site-packages/robot_control_interfaces/_robot_control_interfaces_s.ep.rosidl_typesupport_fastrtps_c.c
Listing '/home/deep/robot_action_ws/install/robot_control_interfaces/lib/python3.10/site-packages/robot_control_interfaces'...
Compiling '/home/deep/robot_action_ws/install/robot_control_interfaces/lib/python3.10/site-packages/robot_control_interfaces/__init__.py'...
Listing '/home/deep/robot_action_ws/install/robot_control_interfaces/lib/python3.10/site-packages/robot_control_interfaces/action'...
Compiling '/home/deep/robot_action_ws/install/robot_control_interfaces/lib/python3.10/site-packages/robot_control_interfaces/action/__init__.py'...
Compiling '/home/deep/robot_action_ws/install/robot_control_interfaces/lib/python3.10/site-packages/robot_control_interfaces/action/_move_robot.py'...
-- Installing: /home/deep/robot_action_ws/install/robot_control_interfaces/lib/python3.10/site-packages/robot_control_interfaces/robot_control_interfaces_s__rosidl_typesupport_fastrtps_c.cpython-310-x86_64-linux-gnu.so
-- Set runtime path of "/home/deep/robot_action_ws/install/robot_control_interfaces/lib/python3.10/site-packages/robot_control_interfaces/robot_control_interfaces_s__rosidl_typesupport_fastrtps_c.cpython-310-x86_64-linux-gnu.so" to ""
-- Installing: /home/deep/robot_action_ws/install/robot_control_interfaces/lib/python3.10/site-packages/robot_control_interfaces/robot_control_interfaces_s__rosidl_typesupport_introspection_c.cpython-310-x86_64-linux-gnu.so
-- Set runtime path of "/home/deep/robot_action_ws/install/robot_control_interfaces/lib/python3.10/site-packages/robot_control_interfaces/robot_control_interfaces_s__rosidl_typesupport_introspection_c.cpython-310-x86_64-linux-gnu.so" to ""
-- Installing: /home/deep/robot_action_ws/install/robot_control_interfaces/lib/python3.10/site-packages/robot_control_interfaces/robot_control_interfaces_s__rosidl_typesupport_c.cpython-310-x86_64-linux-gnu.so
-- Set runtime path of "/home/deep/robot_action_ws/install/robot_control_interfaces/lib/python3.10/site-packages/robot_control_interfaces/robot_control_interfaces_s__rosidl_typesupport_c.cpython-310-x86_64-linux-gnu.so" to ""
-- Installing: /home/deep/robot_action_ws/install/robot_control_interfaces/lib/librobot_control_interfaces__rosidl_generator_py.so
-- Set runtime path of "/home/deep/robot_action_ws/install/robot_control_interfaces/lib/librobot_control_interfaces__rosidl_generator_py.so" to ""
-- Installing: /home/deep/robot_action_ws/install/robot_control_interfaces/share/robot_control_interfaces/action/MoveRobot.idl
-- Installing: /home/deep/robot_action_ws/install/robot_control_interfaces/share/robot_control_interfaces/action/MoveRobot.action
-- Installing: /home/deep/robot_action_ws/install/robot_control_interfaces/share/ament_index/resource_index/package_run_dependencies/robot_control_interfaces
-- Installing: /home/deep/robot_action_ws/install/robot_control_interfaces/share/ament_index/resource_index/parent_prefix_path/robot_control_interfaces
-- Installing: /home/deep/robot_action_ws/install/robot_control_interfaces/share/robot_control_interfaces/environment/ament_prefix_path.sh
-- Installing: /home/deep/robot_action_ws/install/robot_control_interfaces/share/robot_control_interfaces/environment/ament_prefix_path.dsv
-- Installing: /home/deep/robot_action_ws/install/robot_control_interfaces/share/robot_control_interfaces/environment/path.sh
-- Installing: /home/deep/robot_action_ws/install/robot_control_interfaces/share/robot_control_interfaces/environment/path.dsv
-- Installing: /home/deep/robot_action_ws/install/robot_control_interfaces/share/robot_control_interfaces/local_setup.bash
-- Installing: /home/deep/robot_action_ws/install/robot_control_interfaces/share/robot_control_interfaces/local_setup.sh
-- Installing: /home/deep/robot_action_ws/install/robot_control_interfaces/share/robot_control_interfaces/local_setup.zsh
-- Installing: /home/deep/robot_action_ws/install/robot_control_interfaces/share/robot_control_interfaces/local_setup.dsv
-- Installing: /home/deep/robot_action_ws/install/robot_control_interfaces/share/robot_control_interfaces/package.dsv
-- Installing: /home/deep/robot_action_ws/install/robot_control_interfaces/share/ament_index/resource_index/packages/robot_control_interfaces
-- Installing: /home/deep/robot_action_ws/install/robot_control_interfaces/share/robot_control_interfaces/cmake/export_robot_control_interfaces__rosidl_generator_cExport.cmake
-- Installing: /home/deep/robot_action_ws/install/robot_control_interfaces/share/robot_control_interfaces/cmake/export_robot_control_interfaces__rosidl_generator_cExport-noconfig.cmake
-- Installing: /home/deep/robot_action_ws/install/robot_control_interfaces/share/robot_control_interfaces/cmake/export_robot_control_interfaces__rosidl_typesupport_fastrtps_cExport.cmake
-- Installing: /home/deep/robot_action_ws/install/robot_control_interfaces/share/robot_control_interfaces/cmake/export_robot_control_interfaces__rosidl_typesupport_fastrtps_cExport-noconfig.cmake
-- Installing: /home/deep/robot_action_ws/install/robot_control_interfaces/share/robot_control_interfaces/cmake/export_robot_control_interfaces__rosidl_generator_cppExport.cmake
-- Installing: /home/deep/robot_action_ws/install/robot_control_interfaces/share/robot_control_interfaces/cmake/export_robot_control_interfaces__rosidl_typesupport_fastrtps_cppExport.cmake
-- Installing: /home/deep/robot_action_ws/install/robot_control_interfaces/share/robot_control_interfaces/cmake/export_robot_control_interfaces__rosidl_typesupport_fastrtps_cppExport-noconfig.cmake
-- Installing: /home/deep/robot_action_ws/install/robot_control_interfaces/share/robot_control_interfaces/cmake/robot_control_interfaces__rosidl_typesupport_introspection_cExport.cmake
-- Installing: /home/deep/robot_action_ws/install/robot_control_interfaces/share/robot_control_interfaces/cmake/robot_control_interfaces__rosidl_typesupport_introspection_cExport-noconfig.cmake
-- Installing: /home/deep/robot_action_ws/install/robot_control_interfaces/share/robot_control_interfaces/cmake/robot_control_interfaces__rosidl_typesupport_cExport.cmake
-- Installing: /home/deep/robot_action_ws/install/robot_control_interfaces/share/robot_control_interfaces/cmake/robot_control_interfaces__rosidl_typesupport_cExport-noconfig.cmake
-- Installing: /home/deep/robot_action_ws/install/robot_control_interfaces/share/robot_control_interfaces/cmake/robot_control_interfaces__rosidl_typesupport_introspection_cppExport.cmake
-- Installing: /home/deep/robot_action_ws/install/robot_control_interfaces/share/robot_control_interfaces/cmake/robot_control_interfaces__rosidl_typesupport_introspection_cppExport-noconfig.cmake
-- Installing: /home/deep/robot_action_ws/install/robot_control_interfaces/share/robot_control_interfaces/cmake/robot_control_interfaces__rosidl_typesupport_cppExport.cmake
-- Installing: /home/deep/robot_action_ws/install/robot_control_interfaces/share/robot_control_interfaces/cmake/robot_control_interfaces__rosidl_typesupport_cppExport-noconfig.cmake
-- Installing: /home/deep/robot_action_ws/install/robot_control_interfaces/share/robot_control_interfaces/cmake/export_robot_control_interfaces__rosidl_generator_pyExport.cmake
-- Installing: /home/deep/robot_action_ws/install/robot_control_interfaces/share/robot_control_interfaces/cmake/export_robot_control_interfaces__rosidl_generator_pyExport-noconfig.cmake
-- Installing: /home/deep/robot_action_ws/install/robot_control_interfaces/share/robot_control_interfaces/cmake/rosidl_cmake-extras.cmake
-- Installing: /home/deep/robot_action_ws/install/robot_control_interfaces/share/robot_control_interfaces/cmake/ament_cmake_export_dependencies-extras.cmake
-- Installing: /home/deep/robot_action_ws/install/robot_control_interfaces/share/robot_control_interfaces/cmake/ament_cmake_export_include_directories-extras.cmake
-- Installing: /home/deep/robot_action_ws/install/robot_control_interfaces/share/robot_control_interfaces/cmake/ament_cmake_export_libraries-extras.cmake
-- Installing: /home/deep/robot_action_ws/install/robot_control_interfaces/share/robot_control_interfaces/cmake/ament_cmake_export_targets-extras.cmake
-- Installing: /home/deep/robot_action_ws/install/robot_control_interfaces/share/robot_control_interfaces/cmake/rosidl_cmake_export_typesupport_targets-extras.cmake
-- Installing: /home/deep/robot_action_ws/install/robot_control_interfaces/share/robot_control_interfaces/cmake/rosidl_cmake_export_typesupport_libraries-extras.cmake
-- Installing: /home/deep/robot_action_ws/install/robot_control_interfaces/share/robot_control_interfaces/cmake/robot_control_interfacesConfig.cmake
-- Installing: /home/deep/robot_action_ws/install/robot_control_interfaces/share/robot_control_interfaces/cmake/robot_control_interfacesConfig-version.cmake
-- Installing: /home/deep/robot_action_ws/install/robot_control_interfaces/share/robot_control_interfaces/package.xml
