[0.009s] Invoking command in '/home/deep/robot_action_ws/build/robot_control_interfaces': CMAKE_PREFIX_PATH=/opt/ros/iron /usr/bin/cmake /home/deep/robot_action_ws/src/robot_control_interfaces -DCMAKE_INSTALL_PREFIX=/home/deep/robot_action_ws/install/robot_control_interfaces
[0.016s] -- Found ament_cmake: 2.0.7 (/opt/ros/iron/share/ament_cmake/cmake)
[0.098s] -- Found rclcpp: 21.0.8 (/opt/ros/iron/share/rclcpp/cmake)
[0.112s] -- Found rosidl_generator_c: 4.0.1 (/opt/ros/iron/share/rosidl_generator_c/cmake)
[0.116s] -- Found rosidl_generator_cpp: 4.0.1 (/opt/ros/iron/share/rosidl_generator_cpp/cmake)
[0.122s] -- Using all available rosidl_typesupport_c: rosidl_typesupport_fastrtps_c;rosidl_typesupport_introspection_c
[0.129s] -- Using all available rosidl_typesupport_cpp: rosidl_typesupport_fastrtps_cpp;rosidl_typesupport_introspection_cpp
[0.205s] -- Found rmw_implementation_cmake: 7.1.0 (/opt/ros/iron/share/rmw_implementation_cmake/cmake)
[0.206s] -- Found rmw_fastrtps_cpp: 7.1.4 (/opt/ros/iron/share/rmw_fastrtps_cpp/cmake)
[0.268s] -- Using RMW implementation 'rmw_fastrtps_cpp' as default
[0.347s] -- Found rclcpp_action: 21.0.8 (/opt/ros/iron/share/rclcpp_action/cmake)
[0.412s] -- Found rosidl_default_generators: 1.5.0 (/opt/ros/iron/share/rosidl_default_generators/cmake)
[0.428s] -- Found rosidl_adapter: 4.0.1 (/opt/ros/iron/share/rosidl_adapter/cmake)
[0.627s] -- Found ament_cmake_ros: 0.11.2 (/opt/ros/iron/share/ament_cmake_ros/cmake)
[0.822s] -- Using all available rosidl_typesupport_c: rosidl_typesupport_fastrtps_c;rosidl_typesupport_introspection_c
[0.894s] -- Using all available rosidl_typesupport_cpp: rosidl_typesupport_fastrtps_cpp;rosidl_typesupport_introspection_cpp
[0.908s] -- Found PythonInterp: /usr/bin/python3 (found suitable version "3.10.12", minimum required is "3.6") 
[0.910s] -- Found python_cmake_module: 0.10.2 (/opt/ros/iron/share/python_cmake_module/cmake)
[0.930s] -- Found PythonLibs: /usr/lib/x86_64-linux-gnu/libpython3.10.so (found suitable version "3.10.12", minimum required is "3.5") 
[0.931s] -- Using PYTHON_EXECUTABLE: /usr/bin/python3
[0.931s] -- Using PYTHON_INCLUDE_DIRS: /usr/include/python3.10
[0.931s] -- Using PYTHON_LIBRARIES: /usr/lib/x86_64-linux-gnu/libpython3.10.so
[0.943s] -- Found PythonExtra: .so  
[0.970s] -- Found ament_lint_auto: 0.14.4 (/opt/ros/iron/share/ament_lint_auto/cmake)
[1.003s] -- Added test 'lint_cmake' to check CMake code style
[1.005s] -- Added test 'xmllint' to check XML markup files
[1.007s] -- Configuring done
[1.025s] -- Generating done
[1.031s] -- Build files have been written to: /home/deep/robot_action_ws/build/robot_control_interfaces
[1.039s] Invoked command in '/home/deep/robot_action_ws/build/robot_control_interfaces' returned '0': CMAKE_PREFIX_PATH=/opt/ros/iron /usr/bin/cmake /home/deep/robot_action_ws/src/robot_control_interfaces -DCMAKE_INSTALL_PREFIX=/home/deep/robot_action_ws/install/robot_control_interfaces
[1.041s] Invoking command in '/home/deep/robot_action_ws/build/robot_control_interfaces': CMAKE_PREFIX_PATH=/opt/ros/iron /usr/bin/cmake --build /home/deep/robot_action_ws/build/robot_control_interfaces -- -j12 -l12
[1.077s] [  2%] [34m[1mGenerating type hashes for ROS interfaces[0m
[1.081s] [  2%] Built target ament_cmake_python_copy_robot_control_interfaces
[1.201s] running egg_info
[1.201s] creating robot_control_interfaces.egg-info
[1.201s] writing robot_control_interfaces.egg-info/PKG-INFO
[1.201s] writing dependency_links to robot_control_interfaces.egg-info/dependency_links.txt
[1.201s] writing top-level names to robot_control_interfaces.egg-info/top_level.txt
[1.202s] writing manifest file 'robot_control_interfaces.egg-info/SOURCES.txt'
[1.204s] reading manifest file 'robot_control_interfaces.egg-info/SOURCES.txt'
[1.205s] writing manifest file 'robot_control_interfaces.egg-info/SOURCES.txt'
[1.225s] [  2%] Built target ament_cmake_python_build_robot_control_interfaces_egg
[1.287s] [  2%] Built target robot_control_interfaces__rosidl_generator_type_description
[1.295s] [  5%] [34m[1mGenerating C code for ROS interfaces[0m
[1.302s] [  8%] [34m[1mGenerating C++ code for ROS interfaces[0m
[1.630s] [  8%] Built target robot_control_interfaces__cpp
[1.648s] [ 14%] [32mBuilding C object CMakeFiles/robot_control_interfaces__rosidl_generator_c.dir/rosidl_generator_c/robot_control_interfaces/action/detail/move_robot__functions.c.o[0m
[1.648s] [ 14%] [32mBuilding C object CMakeFiles/robot_control_interfaces__rosidl_generator_c.dir/rosidl_generator_c/robot_control_interfaces/action/detail/move_robot__description.c.o[0m
[1.649s] [ 17%] [32mBuilding C object CMakeFiles/robot_control_interfaces__rosidl_generator_c.dir/rosidl_generator_c/robot_control_interfaces/action/detail/move_robot__type_support.c.o[0m
[1.786s] [ 20%] [32m[1mLinking C shared library librobot_control_interfaces__rosidl_generator_c.so[0m
[1.814s] [ 20%] Built target robot_control_interfaces__rosidl_generator_c
[1.823s] [ 26%] [34m[1mGenerating C introspection for ROS interfaces[0m
[1.823s] [ 26%] [34m[1mGenerating C type support for eProsima Fast-RTPS[0m
[1.824s] [ 29%] [34m[1mGenerating C++ type support dispatch for ROS interfaces[0m
[1.824s] [ 32%] [34m[1mGenerating C type support dispatch for ROS interfaces[0m
[1.824s] [ 35%] [34m[1mGenerating C++ type support for eProsima Fast-RTPS[0m
[1.825s] [ 38%] [34m[1mGenerating C++ introspection for ROS interfaces[0m
[2.129s] [ 41%] [32mBuilding CXX object CMakeFiles/robot_control_interfaces__rosidl_typesupport_c.dir/rosidl_typesupport_c/robot_control_interfaces/action/move_robot__type_support.cpp.o[0m
[2.129s] [ 44%] [32mBuilding CXX object CMakeFiles/robot_control_interfaces__rosidl_typesupport_cpp.dir/rosidl_typesupport_cpp/robot_control_interfaces/action/move_robot__type_support.cpp.o[0m
[2.177s] [ 47%] [32mBuilding CXX object CMakeFiles/robot_control_interfaces__rosidl_typesupport_introspection_cpp.dir/rosidl_typesupport_introspection_cpp/robot_control_interfaces/action/detail/move_robot__type_support.cpp.o[0m
[2.192s] [ 50%] [32mBuilding C object CMakeFiles/robot_control_interfaces__rosidl_typesupport_introspection_c.dir/rosidl_typesupport_introspection_c/robot_control_interfaces/action/detail/move_robot__type_support.c.o[0m
[2.201s] [ 52%] [32m[1mLinking CXX shared library librobot_control_interfaces__rosidl_typesupport_c.so[0m
[2.217s] [ 55%] [32mBuilding CXX object CMakeFiles/robot_control_interfaces__rosidl_typesupport_fastrtps_cpp.dir/rosidl_typesupport_fastrtps_cpp/robot_control_interfaces/action/detail/dds_fastrtps/move_robot__type_support.cpp.o[0m
[2.229s] [ 58%] [32mBuilding CXX object CMakeFiles/robot_control_interfaces__rosidl_typesupport_fastrtps_c.dir/rosidl_typesupport_fastrtps_c/robot_control_interfaces/action/detail/move_robot__type_support_c.cpp.o[0m
[2.241s] [ 58%] Built target robot_control_interfaces__rosidl_typesupport_c
[2.248s] [ 61%] [32m[1mLinking C shared library librobot_control_interfaces__rosidl_typesupport_introspection_c.so[0m
[2.278s] [ 61%] Built target robot_control_interfaces__rosidl_typesupport_introspection_c
[2.521s] [ 64%] [32m[1mLinking CXX shared library librobot_control_interfaces__rosidl_typesupport_fastrtps_c.so[0m
[2.578s] [ 64%] Built target robot_control_interfaces__rosidl_typesupport_fastrtps_c
[2.700s] [ 67%] [32m[1mLinking CXX shared library librobot_control_interfaces__rosidl_typesupport_cpp.so[0m
[2.742s] [ 70%] [32m[1mLinking CXX shared library librobot_control_interfaces__rosidl_typesupport_introspection_cpp.so[0m
[2.754s] [ 70%] Built target robot_control_interfaces__rosidl_typesupport_cpp
[2.799s] [ 70%] Built target robot_control_interfaces__rosidl_typesupport_introspection_cpp
[2.822s] [ 73%] [32m[1mLinking CXX shared library librobot_control_interfaces__rosidl_typesupport_fastrtps_cpp.so[0m
[2.873s] [ 73%] Built target robot_control_interfaces__rosidl_typesupport_fastrtps_cpp
[2.888s] [ 73%] Built target robot_control_interfaces
[2.902s] [ 76%] [34m[1mGenerating Python code for ROS interfaces[0m
[3.464s] [ 76%] Built target robot_control_interfaces__py
[3.479s] [ 79%] [32mBuilding C object CMakeFiles/robot_control_interfaces__rosidl_generator_py.dir/rosidl_generator_py/robot_control_interfaces/action/_move_robot_s.c.o[0m
[3.651s] [ 82%] [32m[1mLinking C shared library rosidl_generator_py/robot_control_interfaces/librobot_control_interfaces__rosidl_generator_py.so[0m
[3.683s] [ 82%] Built target robot_control_interfaces__rosidl_generator_py
[3.699s] [ 91%] [32mBuilding C object CMakeFiles/robot_control_interfaces__rosidl_typesupport_c__pyext.dir/rosidl_generator_py/robot_control_interfaces/_robot_control_interfaces_s.ep.rosidl_typesupport_c.c.o[0m
[3.699s] [ 91%] [32mBuilding C object CMakeFiles/robot_control_interfaces__rosidl_typesupport_introspection_c__pyext.dir/rosidl_generator_py/robot_control_interfaces/_robot_control_interfaces_s.ep.rosidl_typesupport_introspection_c.c.o[0m
[3.699s] [ 91%] [32mBuilding C object CMakeFiles/robot_control_interfaces__rosidl_typesupport_fastrtps_c__pyext.dir/rosidl_generator_py/robot_control_interfaces/_robot_control_interfaces_s.ep.rosidl_typesupport_fastrtps_c.c.o[0m
[3.773s] [ 97%] [32m[1mLinking C shared library rosidl_generator_py/robot_control_interfaces/robot_control_interfaces_s__rosidl_typesupport_fastrtps_c.cpython-310-x86_64-linux-gnu.so[0m
[3.773s] [ 97%] [32m[1mLinking C shared library rosidl_generator_py/robot_control_interfaces/robot_control_interfaces_s__rosidl_typesupport_c.cpython-310-x86_64-linux-gnu.so[0m
[3.773s] [100%] [32m[1mLinking C shared library rosidl_generator_py/robot_control_interfaces/robot_control_interfaces_s__rosidl_typesupport_introspection_c.cpython-310-x86_64-linux-gnu.so[0m
[3.801s] [100%] Built target robot_control_interfaces__rosidl_typesupport_introspection_c__pyext
[3.801s] [100%] Built target robot_control_interfaces__rosidl_typesupport_fastrtps_c__pyext
[3.801s] [100%] Built target robot_control_interfaces__rosidl_typesupport_c__pyext
[3.809s] Invoked command in '/home/deep/robot_action_ws/build/robot_control_interfaces' returned '0': CMAKE_PREFIX_PATH=/opt/ros/iron /usr/bin/cmake --build /home/deep/robot_action_ws/build/robot_control_interfaces -- -j12 -l12
[3.816s] Invoking command in '/home/deep/robot_action_ws/build/robot_control_interfaces': CMAKE_PREFIX_PATH=/opt/ros/iron /usr/bin/cmake --install /home/deep/robot_action_ws/build/robot_control_interfaces
[3.822s] -- Install configuration: ""
[3.822s] -- Installing: /home/deep/robot_action_ws/install/robot_control_interfaces/share/ament_index/resource_index/rosidl_interfaces/robot_control_interfaces
[3.822s] -- Installing: /home/deep/robot_action_ws/install/robot_control_interfaces/share/robot_control_interfaces/action/MoveRobot.json
[3.822s] -- Installing: /home/deep/robot_action_ws/install/robot_control_interfaces/include/robot_control_interfaces/robot_control_interfaces
[3.822s] -- Installing: /home/deep/robot_action_ws/install/robot_control_interfaces/include/robot_control_interfaces/robot_control_interfaces/action
[3.822s] -- Installing: /home/deep/robot_action_ws/install/robot_control_interfaces/include/robot_control_interfaces/robot_control_interfaces/action/detail
[3.823s] -- Installing: /home/deep/robot_action_ws/install/robot_control_interfaces/include/robot_control_interfaces/robot_control_interfaces/action/detail/move_robot__description.c
[3.823s] -- Installing: /home/deep/robot_action_ws/install/robot_control_interfaces/include/robot_control_interfaces/robot_control_interfaces/action/detail/move_robot__functions.h
[3.823s] -- Installing: /home/deep/robot_action_ws/install/robot_control_interfaces/include/robot_control_interfaces/robot_control_interfaces/action/detail/move_robot__type_support.c
[3.823s] -- Installing: /home/deep/robot_action_ws/install/robot_control_interfaces/include/robot_control_interfaces/robot_control_interfaces/action/detail/move_robot__type_support.h
[3.823s] -- Installing: /home/deep/robot_action_ws/install/robot_control_interfaces/include/robot_control_interfaces/robot_control_interfaces/action/detail/move_robot__struct.h
[3.823s] -- Installing: /home/deep/robot_action_ws/install/robot_control_interfaces/include/robot_control_interfaces/robot_control_interfaces/action/detail/move_robot__functions.c
[3.823s] -- Installing: /home/deep/robot_action_ws/install/robot_control_interfaces/include/robot_control_interfaces/robot_control_interfaces/action/move_robot.h
[3.823s] -- Installing: /home/deep/robot_action_ws/install/robot_control_interfaces/include/robot_control_interfaces/robot_control_interfaces/msg
[3.823s] -- Installing: /home/deep/robot_action_ws/install/robot_control_interfaces/include/robot_control_interfaces/robot_control_interfaces/msg/rosidl_generator_c__visibility_control.h
[3.823s] -- Installing: /home/deep/robot_action_ws/install/robot_control_interfaces/share/robot_control_interfaces/environment/library_path.sh
[3.824s] -- Installing: /home/deep/robot_action_ws/install/robot_control_interfaces/share/robot_control_interfaces/environment/library_path.dsv
[3.824s] -- Installing: /home/deep/robot_action_ws/install/robot_control_interfaces/lib/librobot_control_interfaces__rosidl_generator_c.so
[3.824s] -- Set runtime path of "/home/deep/robot_action_ws/install/robot_control_interfaces/lib/librobot_control_interfaces__rosidl_generator_c.so" to ""
[3.824s] -- Up-to-date: /home/deep/robot_action_ws/install/robot_control_interfaces/include/robot_control_interfaces/robot_control_interfaces
[3.824s] -- Up-to-date: /home/deep/robot_action_ws/install/robot_control_interfaces/include/robot_control_interfaces/robot_control_interfaces/action
[3.824s] -- Up-to-date: /home/deep/robot_action_ws/install/robot_control_interfaces/include/robot_control_interfaces/robot_control_interfaces/action/detail
[3.824s] -- Installing: /home/deep/robot_action_ws/install/robot_control_interfaces/include/robot_control_interfaces/robot_control_interfaces/action/detail/move_robot__rosidl_typesupport_fastrtps_c.h
[3.824s] -- Up-to-date: /home/deep/robot_action_ws/install/robot_control_interfaces/include/robot_control_interfaces/robot_control_interfaces/msg
[3.824s] -- Installing: /home/deep/robot_action_ws/install/robot_control_interfaces/include/robot_control_interfaces/robot_control_interfaces/msg/rosidl_typesupport_fastrtps_c__visibility_control.h
[3.824s] -- Installing: /home/deep/robot_action_ws/install/robot_control_interfaces/lib/librobot_control_interfaces__rosidl_typesupport_fastrtps_c.so
[3.825s] -- Set runtime path of "/home/deep/robot_action_ws/install/robot_control_interfaces/lib/librobot_control_interfaces__rosidl_typesupport_fastrtps_c.so" to ""
[3.825s] -- Up-to-date: /home/deep/robot_action_ws/install/robot_control_interfaces/include/robot_control_interfaces/robot_control_interfaces
[3.825s] -- Up-to-date: /home/deep/robot_action_ws/install/robot_control_interfaces/include/robot_control_interfaces/robot_control_interfaces/action
[3.825s] -- Up-to-date: /home/deep/robot_action_ws/install/robot_control_interfaces/include/robot_control_interfaces/robot_control_interfaces/action/detail
[3.825s] -- Installing: /home/deep/robot_action_ws/install/robot_control_interfaces/include/robot_control_interfaces/robot_control_interfaces/action/detail/move_robot__builder.hpp
[3.825s] -- Installing: /home/deep/robot_action_ws/install/robot_control_interfaces/include/robot_control_interfaces/robot_control_interfaces/action/detail/move_robot__struct.hpp
[3.825s] -- Installing: /home/deep/robot_action_ws/install/robot_control_interfaces/include/robot_control_interfaces/robot_control_interfaces/action/detail/move_robot__traits.hpp
[3.825s] -- Installing: /home/deep/robot_action_ws/install/robot_control_interfaces/include/robot_control_interfaces/robot_control_interfaces/action/move_robot.hpp
[3.825s] -- Up-to-date: /home/deep/robot_action_ws/install/robot_control_interfaces/include/robot_control_interfaces/robot_control_interfaces
[3.825s] -- Up-to-date: /home/deep/robot_action_ws/install/robot_control_interfaces/include/robot_control_interfaces/robot_control_interfaces/action
[3.826s] -- Up-to-date: /home/deep/robot_action_ws/install/robot_control_interfaces/include/robot_control_interfaces/robot_control_interfaces/action/detail
[3.826s] -- Installing: /home/deep/robot_action_ws/install/robot_control_interfaces/include/robot_control_interfaces/robot_control_interfaces/action/detail/move_robot__rosidl_typesupport_fastrtps_cpp.hpp
[3.826s] -- Installing: /home/deep/robot_action_ws/install/robot_control_interfaces/include/robot_control_interfaces/robot_control_interfaces/action/detail/dds_fastrtps
[3.826s] -- Up-to-date: /home/deep/robot_action_ws/install/robot_control_interfaces/include/robot_control_interfaces/robot_control_interfaces/msg
[3.826s] -- Installing: /home/deep/robot_action_ws/install/robot_control_interfaces/include/robot_control_interfaces/robot_control_interfaces/msg/rosidl_typesupport_fastrtps_cpp__visibility_control.h
[3.826s] -- Installing: /home/deep/robot_action_ws/install/robot_control_interfaces/lib/librobot_control_interfaces__rosidl_typesupport_fastrtps_cpp.so
[3.826s] -- Set runtime path of "/home/deep/robot_action_ws/install/robot_control_interfaces/lib/librobot_control_interfaces__rosidl_typesupport_fastrtps_cpp.so" to ""
[3.826s] -- Up-to-date: /home/deep/robot_action_ws/install/robot_control_interfaces/include/robot_control_interfaces/robot_control_interfaces
[3.826s] -- Up-to-date: /home/deep/robot_action_ws/install/robot_control_interfaces/include/robot_control_interfaces/robot_control_interfaces/action
[3.826s] -- Up-to-date: /home/deep/robot_action_ws/install/robot_control_interfaces/include/robot_control_interfaces/robot_control_interfaces/action/detail
[3.826s] -- Installing: /home/deep/robot_action_ws/install/robot_control_interfaces/include/robot_control_interfaces/robot_control_interfaces/action/detail/move_robot__rosidl_typesupport_introspection_c.h
[3.826s] -- Installing: /home/deep/robot_action_ws/install/robot_control_interfaces/include/robot_control_interfaces/robot_control_interfaces/action/detail/move_robot__type_support.c
[3.827s] -- Up-to-date: /home/deep/robot_action_ws/install/robot_control_interfaces/include/robot_control_interfaces/robot_control_interfaces/msg
[3.827s] -- Installing: /home/deep/robot_action_ws/install/robot_control_interfaces/include/robot_control_interfaces/robot_control_interfaces/msg/rosidl_typesupport_introspection_c__visibility_control.h
[3.827s] -- Installing: /home/deep/robot_action_ws/install/robot_control_interfaces/lib/librobot_control_interfaces__rosidl_typesupport_introspection_c.so
[3.827s] -- Set runtime path of "/home/deep/robot_action_ws/install/robot_control_interfaces/lib/librobot_control_interfaces__rosidl_typesupport_introspection_c.so" to ""
[3.827s] -- Installing: /home/deep/robot_action_ws/install/robot_control_interfaces/lib/librobot_control_interfaces__rosidl_typesupport_c.so
[3.827s] -- Set runtime path of "/home/deep/robot_action_ws/install/robot_control_interfaces/lib/librobot_control_interfaces__rosidl_typesupport_c.so" to ""
[3.827s] -- Up-to-date: /home/deep/robot_action_ws/install/robot_control_interfaces/include/robot_control_interfaces/robot_control_interfaces
[3.827s] -- Up-to-date: /home/deep/robot_action_ws/install/robot_control_interfaces/include/robot_control_interfaces/robot_control_interfaces/action
[3.828s] -- Up-to-date: /home/deep/robot_action_ws/install/robot_control_interfaces/include/robot_control_interfaces/robot_control_interfaces/action/detail
[3.828s] -- Installing: /home/deep/robot_action_ws/install/robot_control_interfaces/include/robot_control_interfaces/robot_control_interfaces/action/detail/move_robot__rosidl_typesupport_introspection_cpp.hpp
[3.828s] -- Installing: /home/deep/robot_action_ws/install/robot_control_interfaces/include/robot_control_interfaces/robot_control_interfaces/action/detail/move_robot__type_support.cpp
[3.828s] -- Installing: /home/deep/robot_action_ws/install/robot_control_interfaces/lib/librobot_control_interfaces__rosidl_typesupport_introspection_cpp.so
[3.828s] -- Set runtime path of "/home/deep/robot_action_ws/install/robot_control_interfaces/lib/librobot_control_interfaces__rosidl_typesupport_introspection_cpp.so" to ""
[3.828s] -- Installing: /home/deep/robot_action_ws/install/robot_control_interfaces/lib/librobot_control_interfaces__rosidl_typesupport_cpp.so
[3.829s] -- Set runtime path of "/home/deep/robot_action_ws/install/robot_control_interfaces/lib/librobot_control_interfaces__rosidl_typesupport_cpp.so" to ""
[3.829s] -- Installing: /home/deep/robot_action_ws/install/robot_control_interfaces/share/robot_control_interfaces/environment/pythonpath.sh
[3.829s] -- Installing: /home/deep/robot_action_ws/install/robot_control_interfaces/share/robot_control_interfaces/environment/pythonpath.dsv
[3.829s] -- Installing: /home/deep/robot_action_ws/install/robot_control_interfaces/lib/python3.10/site-packages/robot_control_interfaces-0.0.0-py3.10.egg-info
[3.829s] -- Installing: /home/deep/robot_action_ws/install/robot_control_interfaces/lib/python3.10/site-packages/robot_control_interfaces-0.0.0-py3.10.egg-info/dependency_links.txt
[3.829s] -- Installing: /home/deep/robot_action_ws/install/robot_control_interfaces/lib/python3.10/site-packages/robot_control_interfaces-0.0.0-py3.10.egg-info/SOURCES.txt
[3.829s] -- Installing: /home/deep/robot_action_ws/install/robot_control_interfaces/lib/python3.10/site-packages/robot_control_interfaces-0.0.0-py3.10.egg-info/PKG-INFO
[3.829s] -- Installing: /home/deep/robot_action_ws/install/robot_control_interfaces/lib/python3.10/site-packages/robot_control_interfaces-0.0.0-py3.10.egg-info/top_level.txt
[3.830s] -- Installing: /home/deep/robot_action_ws/install/robot_control_interfaces/lib/python3.10/site-packages/robot_control_interfaces
[3.830s] -- Installing: /home/deep/robot_action_ws/install/robot_control_interfaces/lib/python3.10/site-packages/robot_control_interfaces/__init__.py
[3.830s] -- Installing: /home/deep/robot_action_ws/install/robot_control_interfaces/lib/python3.10/site-packages/robot_control_interfaces/_robot_control_interfaces_s.ep.rosidl_typesupport_introspection_c.c
[3.830s] -- Installing: /home/deep/robot_action_ws/install/robot_control_interfaces/lib/python3.10/site-packages/robot_control_interfaces/_robot_control_interfaces_s.ep.rosidl_typesupport_c.c
[3.830s] -- Installing: /home/deep/robot_action_ws/install/robot_control_interfaces/lib/python3.10/site-packages/robot_control_interfaces/librobot_control_interfaces__rosidl_generator_py.so
[3.830s] -- Installing: /home/deep/robot_action_ws/install/robot_control_interfaces/lib/python3.10/site-packages/robot_control_interfaces/robot_control_interfaces_s__rosidl_typesupport_introspection_c.cpython-310-x86_64-linux-gnu.so
[3.830s] -- Installing: /home/deep/robot_action_ws/install/robot_control_interfaces/lib/python3.10/site-packages/robot_control_interfaces/action
[3.831s] -- Installing: /home/deep/robot_action_ws/install/robot_control_interfaces/lib/python3.10/site-packages/robot_control_interfaces/action/__init__.py
[3.831s] -- Installing: /home/deep/robot_action_ws/install/robot_control_interfaces/lib/python3.10/site-packages/robot_control_interfaces/action/_move_robot.py
[3.831s] -- Installing: /home/deep/robot_action_ws/install/robot_control_interfaces/lib/python3.10/site-packages/robot_control_interfaces/action/_move_robot_s.c
[3.831s] -- Installing: /home/deep/robot_action_ws/install/robot_control_interfaces/lib/python3.10/site-packages/robot_control_interfaces/robot_control_interfaces_s__rosidl_typesupport_fastrtps_c.cpython-310-x86_64-linux-gnu.so
[3.831s] -- Installing: /home/deep/robot_action_ws/install/robot_control_interfaces/lib/python3.10/site-packages/robot_control_interfaces/robot_control_interfaces_s__rosidl_typesupport_c.cpython-310-x86_64-linux-gnu.so
[3.831s] -- Installing: /home/deep/robot_action_ws/install/robot_control_interfaces/lib/python3.10/site-packages/robot_control_interfaces/_robot_control_interfaces_s.ep.rosidl_typesupport_fastrtps_c.c
[3.856s] Listing '/home/deep/robot_action_ws/install/robot_control_interfaces/lib/python3.10/site-packages/robot_control_interfaces'...
[3.856s] Compiling '/home/deep/robot_action_ws/install/robot_control_interfaces/lib/python3.10/site-packages/robot_control_interfaces/__init__.py'...
[3.856s] Listing '/home/deep/robot_action_ws/install/robot_control_interfaces/lib/python3.10/site-packages/robot_control_interfaces/action'...
[3.856s] Compiling '/home/deep/robot_action_ws/install/robot_control_interfaces/lib/python3.10/site-packages/robot_control_interfaces/action/__init__.py'...
[3.856s] Compiling '/home/deep/robot_action_ws/install/robot_control_interfaces/lib/python3.10/site-packages/robot_control_interfaces/action/_move_robot.py'...
[3.859s] -- Installing: /home/deep/robot_action_ws/install/robot_control_interfaces/lib/python3.10/site-packages/robot_control_interfaces/robot_control_interfaces_s__rosidl_typesupport_fastrtps_c.cpython-310-x86_64-linux-gnu.so
[3.859s] -- Set runtime path of "/home/deep/robot_action_ws/install/robot_control_interfaces/lib/python3.10/site-packages/robot_control_interfaces/robot_control_interfaces_s__rosidl_typesupport_fastrtps_c.cpython-310-x86_64-linux-gnu.so" to ""
[3.859s] -- Installing: /home/deep/robot_action_ws/install/robot_control_interfaces/lib/python3.10/site-packages/robot_control_interfaces/robot_control_interfaces_s__rosidl_typesupport_introspection_c.cpython-310-x86_64-linux-gnu.so
[3.859s] -- Set runtime path of "/home/deep/robot_action_ws/install/robot_control_interfaces/lib/python3.10/site-packages/robot_control_interfaces/robot_control_interfaces_s__rosidl_typesupport_introspection_c.cpython-310-x86_64-linux-gnu.so" to ""
[3.859s] -- Installing: /home/deep/robot_action_ws/install/robot_control_interfaces/lib/python3.10/site-packages/robot_control_interfaces/robot_control_interfaces_s__rosidl_typesupport_c.cpython-310-x86_64-linux-gnu.so
[3.859s] -- Set runtime path of "/home/deep/robot_action_ws/install/robot_control_interfaces/lib/python3.10/site-packages/robot_control_interfaces/robot_control_interfaces_s__rosidl_typesupport_c.cpython-310-x86_64-linux-gnu.so" to ""
[3.859s] -- Installing: /home/deep/robot_action_ws/install/robot_control_interfaces/lib/librobot_control_interfaces__rosidl_generator_py.so
[3.860s] -- Set runtime path of "/home/deep/robot_action_ws/install/robot_control_interfaces/lib/librobot_control_interfaces__rosidl_generator_py.so" to ""
[3.860s] -- Installing: /home/deep/robot_action_ws/install/robot_control_interfaces/share/robot_control_interfaces/action/MoveRobot.idl
[3.860s] -- Installing: /home/deep/robot_action_ws/install/robot_control_interfaces/share/robot_control_interfaces/action/MoveRobot.action
[3.860s] -- Installing: /home/deep/robot_action_ws/install/robot_control_interfaces/share/ament_index/resource_index/package_run_dependencies/robot_control_interfaces
[3.860s] -- Installing: /home/deep/robot_action_ws/install/robot_control_interfaces/share/ament_index/resource_index/parent_prefix_path/robot_control_interfaces
[3.860s] -- Installing: /home/deep/robot_action_ws/install/robot_control_interfaces/share/robot_control_interfaces/environment/ament_prefix_path.sh
[3.860s] -- Installing: /home/deep/robot_action_ws/install/robot_control_interfaces/share/robot_control_interfaces/environment/ament_prefix_path.dsv
[3.861s] -- Installing: /home/deep/robot_action_ws/install/robot_control_interfaces/share/robot_control_interfaces/environment/path.sh
[3.861s] -- Installing: /home/deep/robot_action_ws/install/robot_control_interfaces/share/robot_control_interfaces/environment/path.dsv
[3.861s] -- Installing: /home/deep/robot_action_ws/install/robot_control_interfaces/share/robot_control_interfaces/local_setup.bash
[3.861s] -- Installing: /home/deep/robot_action_ws/install/robot_control_interfaces/share/robot_control_interfaces/local_setup.sh
[3.861s] -- Installing: /home/deep/robot_action_ws/install/robot_control_interfaces/share/robot_control_interfaces/local_setup.zsh
[3.861s] -- Installing: /home/deep/robot_action_ws/install/robot_control_interfaces/share/robot_control_interfaces/local_setup.dsv
[3.861s] -- Installing: /home/deep/robot_action_ws/install/robot_control_interfaces/share/robot_control_interfaces/package.dsv
[3.862s] -- Installing: /home/deep/robot_action_ws/install/robot_control_interfaces/share/ament_index/resource_index/packages/robot_control_interfaces
[3.862s] -- Installing: /home/deep/robot_action_ws/install/robot_control_interfaces/share/robot_control_interfaces/cmake/export_robot_control_interfaces__rosidl_generator_cExport.cmake
[3.862s] -- Installing: /home/deep/robot_action_ws/install/robot_control_interfaces/share/robot_control_interfaces/cmake/export_robot_control_interfaces__rosidl_generator_cExport-noconfig.cmake
[3.862s] -- Installing: /home/deep/robot_action_ws/install/robot_control_interfaces/share/robot_control_interfaces/cmake/export_robot_control_interfaces__rosidl_typesupport_fastrtps_cExport.cmake
[3.862s] -- Installing: /home/deep/robot_action_ws/install/robot_control_interfaces/share/robot_control_interfaces/cmake/export_robot_control_interfaces__rosidl_typesupport_fastrtps_cExport-noconfig.cmake
[3.862s] -- Installing: /home/deep/robot_action_ws/install/robot_control_interfaces/share/robot_control_interfaces/cmake/export_robot_control_interfaces__rosidl_generator_cppExport.cmake
[3.862s] -- Installing: /home/deep/robot_action_ws/install/robot_control_interfaces/share/robot_control_interfaces/cmake/export_robot_control_interfaces__rosidl_typesupport_fastrtps_cppExport.cmake
[3.862s] -- Installing: /home/deep/robot_action_ws/install/robot_control_interfaces/share/robot_control_interfaces/cmake/export_robot_control_interfaces__rosidl_typesupport_fastrtps_cppExport-noconfig.cmake
[3.862s] -- Installing: /home/deep/robot_action_ws/install/robot_control_interfaces/share/robot_control_interfaces/cmake/robot_control_interfaces__rosidl_typesupport_introspection_cExport.cmake
[3.862s] -- Installing: /home/deep/robot_action_ws/install/robot_control_interfaces/share/robot_control_interfaces/cmake/robot_control_interfaces__rosidl_typesupport_introspection_cExport-noconfig.cmake
[3.863s] -- Installing: /home/deep/robot_action_ws/install/robot_control_interfaces/share/robot_control_interfaces/cmake/robot_control_interfaces__rosidl_typesupport_cExport.cmake
[3.863s] -- Installing: /home/deep/robot_action_ws/install/robot_control_interfaces/share/robot_control_interfaces/cmake/robot_control_interfaces__rosidl_typesupport_cExport-noconfig.cmake
[3.863s] -- Installing: /home/deep/robot_action_ws/install/robot_control_interfaces/share/robot_control_interfaces/cmake/robot_control_interfaces__rosidl_typesupport_introspection_cppExport.cmake
[3.863s] -- Installing: /home/deep/robot_action_ws/install/robot_control_interfaces/share/robot_control_interfaces/cmake/robot_control_interfaces__rosidl_typesupport_introspection_cppExport-noconfig.cmake
[3.863s] -- Installing: /home/deep/robot_action_ws/install/robot_control_interfaces/share/robot_control_interfaces/cmake/robot_control_interfaces__rosidl_typesupport_cppExport.cmake
[3.863s] -- Installing: /home/deep/robot_action_ws/install/robot_control_interfaces/share/robot_control_interfaces/cmake/robot_control_interfaces__rosidl_typesupport_cppExport-noconfig.cmake
[3.864s] -- Installing: /home/deep/robot_action_ws/install/robot_control_interfaces/share/robot_control_interfaces/cmake/export_robot_control_interfaces__rosidl_generator_pyExport.cmake
[3.864s] -- Installing: /home/deep/robot_action_ws/install/robot_control_interfaces/share/robot_control_interfaces/cmake/export_robot_control_interfaces__rosidl_generator_pyExport-noconfig.cmake
[3.864s] -- Installing: /home/deep/robot_action_ws/install/robot_control_interfaces/share/robot_control_interfaces/cmake/rosidl_cmake-extras.cmake
[3.864s] -- Installing: /home/deep/robot_action_ws/install/robot_control_interfaces/share/robot_control_interfaces/cmake/ament_cmake_export_dependencies-extras.cmake
[3.864s] -- Installing: /home/deep/robot_action_ws/install/robot_control_interfaces/share/robot_control_interfaces/cmake/ament_cmake_export_include_directories-extras.cmake
[3.864s] -- Installing: /home/deep/robot_action_ws/install/robot_control_interfaces/share/robot_control_interfaces/cmake/ament_cmake_export_libraries-extras.cmake
[3.864s] -- Installing: /home/deep/robot_action_ws/install/robot_control_interfaces/share/robot_control_interfaces/cmake/ament_cmake_export_targets-extras.cmake
[3.864s] -- Installing: /home/deep/robot_action_ws/install/robot_control_interfaces/share/robot_control_interfaces/cmake/rosidl_cmake_export_typesupport_targets-extras.cmake
[3.864s] -- Installing: /home/deep/robot_action_ws/install/robot_control_interfaces/share/robot_control_interfaces/cmake/rosidl_cmake_export_typesupport_libraries-extras.cmake
[3.865s] -- Installing: /home/deep/robot_action_ws/install/robot_control_interfaces/share/robot_control_interfaces/cmake/robot_control_interfacesConfig.cmake
[3.865s] -- Installing: /home/deep/robot_action_ws/install/robot_control_interfaces/share/robot_control_interfaces/cmake/robot_control_interfacesConfig-version.cmake
[3.865s] -- Installing: /home/deep/robot_action_ws/install/robot_control_interfaces/share/robot_control_interfaces/package.xml
[3.867s] Invoked command in '/home/deep/robot_action_ws/build/robot_control_interfaces' returned '0': CMAKE_PREFIX_PATH=/opt/ros/iron /usr/bin/cmake --install /home/deep/robot_action_ws/build/robot_control_interfaces
