[0.010s] Invoking command in '/home/deep/robot_action_ws/build/robot_control_interfaces': CMAKE_PREFIX_PATH=/opt/ros/iron /usr/bin/cmake --build /home/deep/robot_action_ws/build/robot_control_interfaces -- -j12 -l12
[0.050s] [  2%] Built target robot_control_interfaces__rosidl_generator_type_description
[0.055s] [  2%] Built target ament_cmake_python_copy_robot_control_interfaces
[0.059s] [35m[1mConsolidate compiler generated dependencies of target robot_control_interfaces__rosidl_generator_c[0m
[0.066s] [  5%] Built target robot_control_interfaces__cpp
[0.068s] [ 20%] Built target robot_control_interfaces__rosidl_generator_c
[0.078s] [35m[1mConsolidate compiler generated dependencies of target robot_control_interfaces__rosidl_typesupport_c[0m
[0.078s] [35m[1mConsolidate compiler generated dependencies of target robot_control_interfaces__rosidl_typesupport_fastrtps_cpp[0m
[0.078s] [35m[1mConsolidate compiler generated dependencies of target robot_control_interfaces__rosidl_typesupport_fastrtps_c[0m
[0.078s] [35m[1mConsolidate compiler generated dependencies of target robot_control_interfaces__rosidl_typesupport_cpp[0m
[0.078s] [35m[1mConsolidate compiler generated dependencies of target robot_control_interfaces__rosidl_typesupport_introspection_c[0m
[0.079s] [35m[1mConsolidate compiler generated dependencies of target robot_control_interfaces__rosidl_typesupport_introspection_cpp[0m
[0.090s] [ 29%] Built target robot_control_interfaces__rosidl_typesupport_introspection_c
[0.091s] [ 38%] Built target robot_control_interfaces__rosidl_typesupport_cpp
[0.091s] [ 50%] Built target robot_control_interfaces__rosidl_typesupport_fastrtps_c
[0.091s] [ 64%] Built target robot_control_interfaces__rosidl_typesupport_fastrtps_cpp
[0.091s] [ 64%] Built target robot_control_interfaces__rosidl_typesupport_introspection_cpp
[0.091s] [ 73%] Built target robot_control_interfaces__rosidl_typesupport_c
[0.108s] [ 73%] Built target robot_control_interfaces
[0.125s] [ 76%] Built target robot_control_interfaces__py
[0.133s] [35m[1mConsolidate compiler generated dependencies of target robot_control_interfaces__rosidl_generator_py[0m
[0.143s] [ 82%] Built target robot_control_interfaces__rosidl_generator_py
[0.151s] [35m[1mConsolidate compiler generated dependencies of target robot_control_interfaces__rosidl_typesupport_fastrtps_c__pyext[0m
[0.151s] [35m[1mConsolidate compiler generated dependencies of target robot_control_interfaces__rosidl_typesupport_c__pyext[0m
[0.151s] [35m[1mConsolidate compiler generated dependencies of target robot_control_interfaces__rosidl_typesupport_introspection_c__pyext[0m
[0.160s] [ 94%] Built target robot_control_interfaces__rosidl_typesupport_fastrtps_c__pyext
[0.160s] [ 94%] Built target robot_control_interfaces__rosidl_typesupport_c__pyext
[0.161s] [100%] Built target robot_control_interfaces__rosidl_typesupport_introspection_c__pyext
[0.184s] running egg_info
[0.185s] writing robot_control_interfaces.egg-info/PKG-INFO
[0.185s] writing dependency_links to robot_control_interfaces.egg-info/dependency_links.txt
[0.186s] writing top-level names to robot_control_interfaces.egg-info/top_level.txt
[0.187s] reading manifest file 'robot_control_interfaces.egg-info/SOURCES.txt'
[0.187s] writing manifest file 'robot_control_interfaces.egg-info/SOURCES.txt'
[0.206s] [100%] Built target ament_cmake_python_build_robot_control_interfaces_egg
[0.213s] Invoked command in '/home/deep/robot_action_ws/build/robot_control_interfaces' returned '0': CMAKE_PREFIX_PATH=/opt/ros/iron /usr/bin/cmake --build /home/deep/robot_action_ws/build/robot_control_interfaces -- -j12 -l12
[0.220s] Invoking command in '/home/deep/robot_action_ws/build/robot_control_interfaces': CMAKE_PREFIX_PATH=/opt/ros/iron /usr/bin/cmake --install /home/deep/robot_action_ws/build/robot_control_interfaces
[0.224s] -- Install configuration: ""
[0.225s] -- Up-to-date: /home/deep/robot_action_ws/install/robot_control_interfaces/share/ament_index/resource_index/rosidl_interfaces/robot_control_interfaces
[0.225s] -- Up-to-date: /home/deep/robot_action_ws/install/robot_control_interfaces/share/robot_control_interfaces/action/MoveRobot.json
[0.225s] -- Up-to-date: /home/deep/robot_action_ws/install/robot_control_interfaces/include/robot_control_interfaces/robot_control_interfaces
[0.225s] -- Up-to-date: /home/deep/robot_action_ws/install/robot_control_interfaces/include/robot_control_interfaces/robot_control_interfaces/action
[0.225s] -- Up-to-date: /home/deep/robot_action_ws/install/robot_control_interfaces/include/robot_control_interfaces/robot_control_interfaces/action/detail
[0.225s] -- Up-to-date: /home/deep/robot_action_ws/install/robot_control_interfaces/include/robot_control_interfaces/robot_control_interfaces/action/detail/move_robot__description.c
[0.225s] -- Up-to-date: /home/deep/robot_action_ws/install/robot_control_interfaces/include/robot_control_interfaces/robot_control_interfaces/action/detail/move_robot__functions.h
[0.225s] -- Up-to-date: /home/deep/robot_action_ws/install/robot_control_interfaces/include/robot_control_interfaces/robot_control_interfaces/action/detail/move_robot__type_support.c
[0.225s] -- Up-to-date: /home/deep/robot_action_ws/install/robot_control_interfaces/include/robot_control_interfaces/robot_control_interfaces/action/detail/move_robot__type_support.h
[0.226s] -- Up-to-date: /home/deep/robot_action_ws/install/robot_control_interfaces/include/robot_control_interfaces/robot_control_interfaces/action/detail/move_robot__struct.h
[0.226s] -- Up-to-date: /home/deep/robot_action_ws/install/robot_control_interfaces/include/robot_control_interfaces/robot_control_interfaces/action/detail/move_robot__functions.c
[0.226s] -- Up-to-date: /home/deep/robot_action_ws/install/robot_control_interfaces/include/robot_control_interfaces/robot_control_interfaces/action/move_robot.h
[0.226s] -- Up-to-date: /home/deep/robot_action_ws/install/robot_control_interfaces/include/robot_control_interfaces/robot_control_interfaces/msg
[0.226s] -- Up-to-date: /home/deep/robot_action_ws/install/robot_control_interfaces/include/robot_control_interfaces/robot_control_interfaces/msg/rosidl_generator_c__visibility_control.h
[0.226s] -- Up-to-date: /home/deep/robot_action_ws/install/robot_control_interfaces/share/robot_control_interfaces/environment/library_path.sh
[0.226s] -- Up-to-date: /home/deep/robot_action_ws/install/robot_control_interfaces/share/robot_control_interfaces/environment/library_path.dsv
[0.226s] -- Up-to-date: /home/deep/robot_action_ws/install/robot_control_interfaces/lib/librobot_control_interfaces__rosidl_generator_c.so
[0.226s] -- Up-to-date: /home/deep/robot_action_ws/install/robot_control_interfaces/include/robot_control_interfaces/robot_control_interfaces
[0.226s] -- Up-to-date: /home/deep/robot_action_ws/install/robot_control_interfaces/include/robot_control_interfaces/robot_control_interfaces/action
[0.226s] -- Up-to-date: /home/deep/robot_action_ws/install/robot_control_interfaces/include/robot_control_interfaces/robot_control_interfaces/action/detail
[0.226s] -- Up-to-date: /home/deep/robot_action_ws/install/robot_control_interfaces/include/robot_control_interfaces/robot_control_interfaces/action/detail/move_robot__rosidl_typesupport_fastrtps_c.h
[0.226s] -- Up-to-date: /home/deep/robot_action_ws/install/robot_control_interfaces/include/robot_control_interfaces/robot_control_interfaces/msg
[0.226s] -- Up-to-date: /home/deep/robot_action_ws/install/robot_control_interfaces/include/robot_control_interfaces/robot_control_interfaces/msg/rosidl_typesupport_fastrtps_c__visibility_control.h
[0.226s] -- Up-to-date: /home/deep/robot_action_ws/install/robot_control_interfaces/lib/librobot_control_interfaces__rosidl_typesupport_fastrtps_c.so
[0.226s] -- Up-to-date: /home/deep/robot_action_ws/install/robot_control_interfaces/include/robot_control_interfaces/robot_control_interfaces
[0.226s] -- Up-to-date: /home/deep/robot_action_ws/install/robot_control_interfaces/include/robot_control_interfaces/robot_control_interfaces/action
[0.226s] -- Up-to-date: /home/deep/robot_action_ws/install/robot_control_interfaces/include/robot_control_interfaces/robot_control_interfaces/action/detail
[0.226s] -- Up-to-date: /home/deep/robot_action_ws/install/robot_control_interfaces/include/robot_control_interfaces/robot_control_interfaces/action/detail/move_robot__builder.hpp
[0.227s] -- Up-to-date: /home/deep/robot_action_ws/install/robot_control_interfaces/include/robot_control_interfaces/robot_control_interfaces/action/detail/move_robot__struct.hpp
[0.227s] -- Up-to-date: /home/deep/robot_action_ws/install/robot_control_interfaces/include/robot_control_interfaces/robot_control_interfaces/action/detail/move_robot__traits.hpp
[0.227s] -- Up-to-date: /home/deep/robot_action_ws/install/robot_control_interfaces/include/robot_control_interfaces/robot_control_interfaces/action/move_robot.hpp
[0.227s] -- Up-to-date: /home/deep/robot_action_ws/install/robot_control_interfaces/include/robot_control_interfaces/robot_control_interfaces
[0.227s] -- Up-to-date: /home/deep/robot_action_ws/install/robot_control_interfaces/include/robot_control_interfaces/robot_control_interfaces/action
[0.227s] -- Up-to-date: /home/deep/robot_action_ws/install/robot_control_interfaces/include/robot_control_interfaces/robot_control_interfaces/action/detail
[0.227s] -- Up-to-date: /home/deep/robot_action_ws/install/robot_control_interfaces/include/robot_control_interfaces/robot_control_interfaces/action/detail/move_robot__rosidl_typesupport_fastrtps_cpp.hpp
[0.227s] -- Up-to-date: /home/deep/robot_action_ws/install/robot_control_interfaces/include/robot_control_interfaces/robot_control_interfaces/action/detail/dds_fastrtps
[0.227s] -- Up-to-date: /home/deep/robot_action_ws/install/robot_control_interfaces/include/robot_control_interfaces/robot_control_interfaces/msg
[0.227s] -- Up-to-date: /home/deep/robot_action_ws/install/robot_control_interfaces/include/robot_control_interfaces/robot_control_interfaces/msg/rosidl_typesupport_fastrtps_cpp__visibility_control.h
[0.227s] -- Up-to-date: /home/deep/robot_action_ws/install/robot_control_interfaces/lib/librobot_control_interfaces__rosidl_typesupport_fastrtps_cpp.so
[0.227s] -- Up-to-date: /home/deep/robot_action_ws/install/robot_control_interfaces/include/robot_control_interfaces/robot_control_interfaces
[0.227s] -- Up-to-date: /home/deep/robot_action_ws/install/robot_control_interfaces/include/robot_control_interfaces/robot_control_interfaces/action
[0.227s] -- Up-to-date: /home/deep/robot_action_ws/install/robot_control_interfaces/include/robot_control_interfaces/robot_control_interfaces/action/detail
[0.227s] -- Up-to-date: /home/deep/robot_action_ws/install/robot_control_interfaces/include/robot_control_interfaces/robot_control_interfaces/action/detail/move_robot__rosidl_typesupport_introspection_c.h
[0.227s] -- Up-to-date: /home/deep/robot_action_ws/install/robot_control_interfaces/include/robot_control_interfaces/robot_control_interfaces/action/detail/move_robot__type_support.c
[0.227s] -- Up-to-date: /home/deep/robot_action_ws/install/robot_control_interfaces/include/robot_control_interfaces/robot_control_interfaces/msg
[0.228s] -- Up-to-date: /home/deep/robot_action_ws/install/robot_control_interfaces/include/robot_control_interfaces/robot_control_interfaces/msg/rosidl_typesupport_introspection_c__visibility_control.h
[0.228s] -- Up-to-date: /home/deep/robot_action_ws/install/robot_control_interfaces/lib/librobot_control_interfaces__rosidl_typesupport_introspection_c.so
[0.228s] -- Up-to-date: /home/deep/robot_action_ws/install/robot_control_interfaces/lib/librobot_control_interfaces__rosidl_typesupport_c.so
[0.228s] -- Up-to-date: /home/deep/robot_action_ws/install/robot_control_interfaces/include/robot_control_interfaces/robot_control_interfaces
[0.228s] -- Up-to-date: /home/deep/robot_action_ws/install/robot_control_interfaces/include/robot_control_interfaces/robot_control_interfaces/action
[0.228s] -- Up-to-date: /home/deep/robot_action_ws/install/robot_control_interfaces/include/robot_control_interfaces/robot_control_interfaces/action/detail
[0.228s] -- Up-to-date: /home/deep/robot_action_ws/install/robot_control_interfaces/include/robot_control_interfaces/robot_control_interfaces/action/detail/move_robot__rosidl_typesupport_introspection_cpp.hpp
[0.228s] -- Up-to-date: /home/deep/robot_action_ws/install/robot_control_interfaces/include/robot_control_interfaces/robot_control_interfaces/action/detail/move_robot__type_support.cpp
[0.228s] -- Up-to-date: /home/deep/robot_action_ws/install/robot_control_interfaces/lib/librobot_control_interfaces__rosidl_typesupport_introspection_cpp.so
[0.228s] -- Up-to-date: /home/deep/robot_action_ws/install/robot_control_interfaces/lib/librobot_control_interfaces__rosidl_typesupport_cpp.so
[0.228s] -- Up-to-date: /home/deep/robot_action_ws/install/robot_control_interfaces/share/robot_control_interfaces/environment/pythonpath.sh
[0.228s] -- Up-to-date: /home/deep/robot_action_ws/install/robot_control_interfaces/share/robot_control_interfaces/environment/pythonpath.dsv
[0.228s] -- Up-to-date: /home/deep/robot_action_ws/install/robot_control_interfaces/lib/python3.10/site-packages/robot_control_interfaces-0.0.0-py3.10.egg-info
[0.228s] -- Installing: /home/deep/robot_action_ws/install/robot_control_interfaces/lib/python3.10/site-packages/robot_control_interfaces-0.0.0-py3.10.egg-info/dependency_links.txt
[0.228s] -- Installing: /home/deep/robot_action_ws/install/robot_control_interfaces/lib/python3.10/site-packages/robot_control_interfaces-0.0.0-py3.10.egg-info/SOURCES.txt
[0.228s] -- Installing: /home/deep/robot_action_ws/install/robot_control_interfaces/lib/python3.10/site-packages/robot_control_interfaces-0.0.0-py3.10.egg-info/PKG-INFO
[0.228s] -- Installing: /home/deep/robot_action_ws/install/robot_control_interfaces/lib/python3.10/site-packages/robot_control_interfaces-0.0.0-py3.10.egg-info/top_level.txt
[0.228s] -- Up-to-date: /home/deep/robot_action_ws/install/robot_control_interfaces/lib/python3.10/site-packages/robot_control_interfaces
[0.228s] -- Up-to-date: /home/deep/robot_action_ws/install/robot_control_interfaces/lib/python3.10/site-packages/robot_control_interfaces/__init__.py
[0.228s] -- Up-to-date: /home/deep/robot_action_ws/install/robot_control_interfaces/lib/python3.10/site-packages/robot_control_interfaces/_robot_control_interfaces_s.ep.rosidl_typesupport_introspection_c.c
[0.228s] -- Up-to-date: /home/deep/robot_action_ws/install/robot_control_interfaces/lib/python3.10/site-packages/robot_control_interfaces/_robot_control_interfaces_s.ep.rosidl_typesupport_c.c
[0.228s] -- Up-to-date: /home/deep/robot_action_ws/install/robot_control_interfaces/lib/python3.10/site-packages/robot_control_interfaces/librobot_control_interfaces__rosidl_generator_py.so
[0.228s] -- Up-to-date: /home/deep/robot_action_ws/install/robot_control_interfaces/lib/python3.10/site-packages/robot_control_interfaces/robot_control_interfaces_s__rosidl_typesupport_introspection_c.cpython-310-x86_64-linux-gnu.so
[0.228s] -- Up-to-date: /home/deep/robot_action_ws/install/robot_control_interfaces/lib/python3.10/site-packages/robot_control_interfaces/action
[0.228s] -- Up-to-date: /home/deep/robot_action_ws/install/robot_control_interfaces/lib/python3.10/site-packages/robot_control_interfaces/action/__init__.py
[0.228s] -- Up-to-date: /home/deep/robot_action_ws/install/robot_control_interfaces/lib/python3.10/site-packages/robot_control_interfaces/action/_move_robot.py
[0.228s] -- Up-to-date: /home/deep/robot_action_ws/install/robot_control_interfaces/lib/python3.10/site-packages/robot_control_interfaces/action/_move_robot_s.c
[0.228s] -- Up-to-date: /home/deep/robot_action_ws/install/robot_control_interfaces/lib/python3.10/site-packages/robot_control_interfaces/robot_control_interfaces_s__rosidl_typesupport_fastrtps_c.cpython-310-x86_64-linux-gnu.so
[0.228s] -- Up-to-date: /home/deep/robot_action_ws/install/robot_control_interfaces/lib/python3.10/site-packages/robot_control_interfaces/robot_control_interfaces_s__rosidl_typesupport_c.cpython-310-x86_64-linux-gnu.so
[0.228s] -- Up-to-date: /home/deep/robot_action_ws/install/robot_control_interfaces/lib/python3.10/site-packages/robot_control_interfaces/_robot_control_interfaces_s.ep.rosidl_typesupport_fastrtps_c.c
[0.244s] Listing '/home/deep/robot_action_ws/install/robot_control_interfaces/lib/python3.10/site-packages/robot_control_interfaces'...
[0.244s] Listing '/home/deep/robot_action_ws/install/robot_control_interfaces/lib/python3.10/site-packages/robot_control_interfaces/action'...
[0.247s] -- Up-to-date: /home/deep/robot_action_ws/install/robot_control_interfaces/lib/python3.10/site-packages/robot_control_interfaces/robot_control_interfaces_s__rosidl_typesupport_fastrtps_c.cpython-310-x86_64-linux-gnu.so
[0.247s] -- Up-to-date: /home/deep/robot_action_ws/install/robot_control_interfaces/lib/python3.10/site-packages/robot_control_interfaces/robot_control_interfaces_s__rosidl_typesupport_introspection_c.cpython-310-x86_64-linux-gnu.so
[0.247s] -- Up-to-date: /home/deep/robot_action_ws/install/robot_control_interfaces/lib/python3.10/site-packages/robot_control_interfaces/robot_control_interfaces_s__rosidl_typesupport_c.cpython-310-x86_64-linux-gnu.so
[0.247s] -- Up-to-date: /home/deep/robot_action_ws/install/robot_control_interfaces/lib/librobot_control_interfaces__rosidl_generator_py.so
[0.247s] -- Up-to-date: /home/deep/robot_action_ws/install/robot_control_interfaces/share/robot_control_interfaces/action/MoveRobot.idl
[0.247s] -- Up-to-date: /home/deep/robot_action_ws/install/robot_control_interfaces/share/robot_control_interfaces/action/MoveRobot.action
[0.248s] -- Up-to-date: /home/deep/robot_action_ws/install/robot_control_interfaces/share/ament_index/resource_index/package_run_dependencies/robot_control_interfaces
[0.248s] -- Up-to-date: /home/deep/robot_action_ws/install/robot_control_interfaces/share/ament_index/resource_index/parent_prefix_path/robot_control_interfaces
[0.248s] -- Up-to-date: /home/deep/robot_action_ws/install/robot_control_interfaces/share/robot_control_interfaces/environment/ament_prefix_path.sh
[0.248s] -- Up-to-date: /home/deep/robot_action_ws/install/robot_control_interfaces/share/robot_control_interfaces/environment/ament_prefix_path.dsv
[0.248s] -- Up-to-date: /home/deep/robot_action_ws/install/robot_control_interfaces/share/robot_control_interfaces/environment/path.sh
[0.248s] -- Up-to-date: /home/deep/robot_action_ws/install/robot_control_interfaces/share/robot_control_interfaces/environment/path.dsv
[0.248s] -- Up-to-date: /home/deep/robot_action_ws/install/robot_control_interfaces/share/robot_control_interfaces/local_setup.bash
[0.248s] -- Up-to-date: /home/deep/robot_action_ws/install/robot_control_interfaces/share/robot_control_interfaces/local_setup.sh
[0.248s] -- Up-to-date: /home/deep/robot_action_ws/install/robot_control_interfaces/share/robot_control_interfaces/local_setup.zsh
[0.248s] -- Up-to-date: /home/deep/robot_action_ws/install/robot_control_interfaces/share/robot_control_interfaces/local_setup.dsv
[0.248s] -- Installing: /home/deep/robot_action_ws/install/robot_control_interfaces/share/robot_control_interfaces/package.dsv
[0.248s] -- Up-to-date: /home/deep/robot_action_ws/install/robot_control_interfaces/share/ament_index/resource_index/packages/robot_control_interfaces
[0.248s] -- Up-to-date: /home/deep/robot_action_ws/install/robot_control_interfaces/share/robot_control_interfaces/cmake/export_robot_control_interfaces__rosidl_generator_cExport.cmake
[0.248s] -- Up-to-date: /home/deep/robot_action_ws/install/robot_control_interfaces/share/robot_control_interfaces/cmake/export_robot_control_interfaces__rosidl_generator_cExport-noconfig.cmake
[0.248s] -- Up-to-date: /home/deep/robot_action_ws/install/robot_control_interfaces/share/robot_control_interfaces/cmake/export_robot_control_interfaces__rosidl_typesupport_fastrtps_cExport.cmake
[0.248s] -- Up-to-date: /home/deep/robot_action_ws/install/robot_control_interfaces/share/robot_control_interfaces/cmake/export_robot_control_interfaces__rosidl_typesupport_fastrtps_cExport-noconfig.cmake
[0.248s] -- Up-to-date: /home/deep/robot_action_ws/install/robot_control_interfaces/share/robot_control_interfaces/cmake/export_robot_control_interfaces__rosidl_generator_cppExport.cmake
[0.249s] -- Up-to-date: /home/deep/robot_action_ws/install/robot_control_interfaces/share/robot_control_interfaces/cmake/export_robot_control_interfaces__rosidl_typesupport_fastrtps_cppExport.cmake
[0.249s] -- Up-to-date: /home/deep/robot_action_ws/install/robot_control_interfaces/share/robot_control_interfaces/cmake/export_robot_control_interfaces__rosidl_typesupport_fastrtps_cppExport-noconfig.cmake
[0.249s] -- Up-to-date: /home/deep/robot_action_ws/install/robot_control_interfaces/share/robot_control_interfaces/cmake/robot_control_interfaces__rosidl_typesupport_introspection_cExport.cmake
[0.249s] -- Up-to-date: /home/deep/robot_action_ws/install/robot_control_interfaces/share/robot_control_interfaces/cmake/robot_control_interfaces__rosidl_typesupport_introspection_cExport-noconfig.cmake
[0.249s] -- Up-to-date: /home/deep/robot_action_ws/install/robot_control_interfaces/share/robot_control_interfaces/cmake/robot_control_interfaces__rosidl_typesupport_cExport.cmake
[0.249s] -- Up-to-date: /home/deep/robot_action_ws/install/robot_control_interfaces/share/robot_control_interfaces/cmake/robot_control_interfaces__rosidl_typesupport_cExport-noconfig.cmake
[0.249s] -- Up-to-date: /home/deep/robot_action_ws/install/robot_control_interfaces/share/robot_control_interfaces/cmake/robot_control_interfaces__rosidl_typesupport_introspection_cppExport.cmake
[0.249s] -- Up-to-date: /home/deep/robot_action_ws/install/robot_control_interfaces/share/robot_control_interfaces/cmake/robot_control_interfaces__rosidl_typesupport_introspection_cppExport-noconfig.cmake
[0.249s] -- Up-to-date: /home/deep/robot_action_ws/install/robot_control_interfaces/share/robot_control_interfaces/cmake/robot_control_interfaces__rosidl_typesupport_cppExport.cmake
[0.249s] -- Up-to-date: /home/deep/robot_action_ws/install/robot_control_interfaces/share/robot_control_interfaces/cmake/robot_control_interfaces__rosidl_typesupport_cppExport-noconfig.cmake
[0.249s] -- Up-to-date: /home/deep/robot_action_ws/install/robot_control_interfaces/share/robot_control_interfaces/cmake/export_robot_control_interfaces__rosidl_generator_pyExport.cmake
[0.249s] -- Up-to-date: /home/deep/robot_action_ws/install/robot_control_interfaces/share/robot_control_interfaces/cmake/export_robot_control_interfaces__rosidl_generator_pyExport-noconfig.cmake
[0.249s] -- Up-to-date: /home/deep/robot_action_ws/install/robot_control_interfaces/share/robot_control_interfaces/cmake/rosidl_cmake-extras.cmake
[0.250s] -- Up-to-date: /home/deep/robot_action_ws/install/robot_control_interfaces/share/robot_control_interfaces/cmake/ament_cmake_export_dependencies-extras.cmake
[0.250s] -- Up-to-date: /home/deep/robot_action_ws/install/robot_control_interfaces/share/robot_control_interfaces/cmake/ament_cmake_export_include_directories-extras.cmake
[0.250s] -- Up-to-date: /home/deep/robot_action_ws/install/robot_control_interfaces/share/robot_control_interfaces/cmake/ament_cmake_export_libraries-extras.cmake
[0.250s] -- Up-to-date: /home/deep/robot_action_ws/install/robot_control_interfaces/share/robot_control_interfaces/cmake/ament_cmake_export_targets-extras.cmake
[0.250s] -- Up-to-date: /home/deep/robot_action_ws/install/robot_control_interfaces/share/robot_control_interfaces/cmake/rosidl_cmake_export_typesupport_targets-extras.cmake
[0.250s] -- Up-to-date: /home/deep/robot_action_ws/install/robot_control_interfaces/share/robot_control_interfaces/cmake/rosidl_cmake_export_typesupport_libraries-extras.cmake
[0.250s] -- Up-to-date: /home/deep/robot_action_ws/install/robot_control_interfaces/share/robot_control_interfaces/cmake/robot_control_interfacesConfig.cmake
[0.250s] -- Up-to-date: /home/deep/robot_action_ws/install/robot_control_interfaces/share/robot_control_interfaces/cmake/robot_control_interfacesConfig-version.cmake
[0.250s] -- Up-to-date: /home/deep/robot_action_ws/install/robot_control_interfaces/share/robot_control_interfaces/package.xml
[0.252s] Invoked command in '/home/deep/robot_action_ws/build/robot_control_interfaces' returned '0': CMAKE_PREFIX_PATH=/opt/ros/iron /usr/bin/cmake --install /home/deep/robot_action_ws/build/robot_control_interfaces
