[0.057s] DEBUG:colcon:Command line arguments: ['/usr/bin/colcon', 'build']
[0.057s] DEBUG:colcon:Parsed command line arguments: Namespace(log_base=None, log_level=None, verb_name='build', build_base='build', install_base='install', merge_install=False, symlink_install=False, test_result_base=None, continue_on_error=False, executor='parallel', parallel_workers=12, event_handlers=None, ignore_user_meta=False, metas=['./colcon.meta'], base_paths=['.'], packages_ignore=None, packages_ignore_regex=None, paths=None, packages_up_to=None, packages_up_to_regex=None, packages_above=None, packages_above_and_dependencies=None, packages_above_depth=None, packages_select_by_dep=None, packages_skip_by_dep=None, packages_skip_up_to=None, packages_select_build_failed=False, packages_skip_build_finished=False, packages_select_test_failures=False, packages_skip_test_passed=False, packages_select=None, packages_skip=None, packages_select_regex=None, packages_skip_regex=None, packages_start=None, packages_end=None, allow_overriding=[], cmake_args=None, cmake_target=None, cmake_target_skip_unavailable=False, cmake_clean_cache=False, cmake_clean_first=False, cmake_force_configure=False, ament_cmake_args=None, catkin_cmake_args=None, catkin_skip_building_tests=False, verb_parser=<colcon_defaults.argument_parser.defaults.DefaultArgumentsDecorator object at 0x7af787b26ce0>, verb_extension=<colcon_core.verb.build.BuildVerb object at 0x7af787b25ea0>, main=<bound method BuildVerb.main of <colcon_core.verb.build.BuildVerb object at 0x7af787b25ea0>>)
[0.134s] Level 1:colcon.colcon_core.package_discovery:discover_packages(colcon_meta) check parameters
[0.135s] Level 1:colcon.colcon_core.package_discovery:discover_packages(recursive) check parameters
[0.135s] Level 1:colcon.colcon_core.package_discovery:discover_packages(ignore) check parameters
[0.135s] Level 1:colcon.colcon_core.package_discovery:discover_packages(path) check parameters
[0.135s] Level 1:colcon.colcon_core.package_discovery:discover_packages(colcon_meta) discover
[0.135s] Level 1:colcon.colcon_core.package_discovery:discover_packages(recursive) discover
[0.135s] INFO:colcon.colcon_core.package_discovery:Crawling recursively for packages in '/home/deep/robot_action_ws'
[0.135s] Level 1:colcon.colcon_core.package_identification:_identify(.) by extensions ['ignore', 'ignore_ament_install']
[0.135s] Level 1:colcon.colcon_core.package_identification:_identify(.) by extension 'ignore'
[0.135s] Level 1:colcon.colcon_core.package_identification:_identify(.) by extension 'ignore_ament_install'
[0.135s] Level 1:colcon.colcon_core.package_identification:_identify(.) by extensions ['colcon_pkg']
[0.135s] Level 1:colcon.colcon_core.package_identification:_identify(.) by extension 'colcon_pkg'
[0.135s] Level 1:colcon.colcon_core.package_identification:_identify(.) by extensions ['colcon_meta']
[0.135s] Level 1:colcon.colcon_core.package_identification:_identify(.) by extension 'colcon_meta'
[0.135s] Level 1:colcon.colcon_core.package_identification:_identify(.) by extensions ['ros']
[0.135s] Level 1:colcon.colcon_core.package_identification:_identify(.) by extension 'ros'
[0.141s] Level 1:colcon.colcon_core.package_identification:_identify(.) by extensions ['cmake', 'python']
[0.141s] Level 1:colcon.colcon_core.package_identification:_identify(.) by extension 'cmake'
[0.141s] Level 1:colcon.colcon_core.package_identification:_identify(.) by extension 'python'
[0.141s] Level 1:colcon.colcon_core.package_identification:_identify(.) by extensions ['python_setup_py']
[0.141s] Level 1:colcon.colcon_core.package_identification:_identify(.) by extension 'python_setup_py'
[0.141s] Level 1:colcon.colcon_core.package_identification:_identify(build) by extensions ['ignore', 'ignore_ament_install']
[0.142s] Level 1:colcon.colcon_core.package_identification:_identify(build) by extension 'ignore'
[0.142s] Level 1:colcon.colcon_core.package_identification:_identify(build) ignored
[0.142s] Level 1:colcon.colcon_core.package_identification:_identify(install) by extensions ['ignore', 'ignore_ament_install']
[0.142s] Level 1:colcon.colcon_core.package_identification:_identify(install) by extension 'ignore'
[0.142s] Level 1:colcon.colcon_core.package_identification:_identify(install) ignored
[0.142s] Level 1:colcon.colcon_core.package_identification:_identify(log) by extensions ['ignore', 'ignore_ament_install']
[0.142s] Level 1:colcon.colcon_core.package_identification:_identify(log) by extension 'ignore'
[0.142s] Level 1:colcon.colcon_core.package_identification:_identify(log) ignored
[0.142s] Level 1:colcon.colcon_core.package_identification:_identify(src) by extensions ['ignore', 'ignore_ament_install']
[0.142s] Level 1:colcon.colcon_core.package_identification:_identify(src) by extension 'ignore'
[0.142s] Level 1:colcon.colcon_core.package_identification:_identify(src) by extension 'ignore_ament_install'
[0.142s] Level 1:colcon.colcon_core.package_identification:_identify(src) by extensions ['colcon_pkg']
[0.142s] Level 1:colcon.colcon_core.package_identification:_identify(src) by extension 'colcon_pkg'
[0.142s] Level 1:colcon.colcon_core.package_identification:_identify(src) by extensions ['colcon_meta']
[0.142s] Level 1:colcon.colcon_core.package_identification:_identify(src) by extension 'colcon_meta'
[0.142s] Level 1:colcon.colcon_core.package_identification:_identify(src) by extensions ['ros']
[0.142s] Level 1:colcon.colcon_core.package_identification:_identify(src) by extension 'ros'
[0.142s] Level 1:colcon.colcon_core.package_identification:_identify(src) by extensions ['cmake', 'python']
[0.142s] Level 1:colcon.colcon_core.package_identification:_identify(src) by extension 'cmake'
[0.142s] Level 1:colcon.colcon_core.package_identification:_identify(src) by extension 'python'
[0.142s] Level 1:colcon.colcon_core.package_identification:_identify(src) by extensions ['python_setup_py']
[0.142s] Level 1:colcon.colcon_core.package_identification:_identify(src) by extension 'python_setup_py'
[0.142s] Level 1:colcon.colcon_core.package_identification:_identify(src/robot_control_interfaces) by extensions ['ignore', 'ignore_ament_install']
[0.142s] Level 1:colcon.colcon_core.package_identification:_identify(src/robot_control_interfaces) by extension 'ignore'
[0.142s] Level 1:colcon.colcon_core.package_identification:_identify(src/robot_control_interfaces) by extension 'ignore_ament_install'
[0.142s] Level 1:colcon.colcon_core.package_identification:_identify(src/robot_control_interfaces) by extensions ['colcon_pkg']
[0.142s] Level 1:colcon.colcon_core.package_identification:_identify(src/robot_control_interfaces) by extension 'colcon_pkg'
[0.142s] Level 1:colcon.colcon_core.package_identification:_identify(src/robot_control_interfaces) by extensions ['colcon_meta']
[0.142s] Level 1:colcon.colcon_core.package_identification:_identify(src/robot_control_interfaces) by extension 'colcon_meta'
[0.142s] Level 1:colcon.colcon_core.package_identification:_identify(src/robot_control_interfaces) by extensions ['ros']
[0.142s] Level 1:colcon.colcon_core.package_identification:_identify(src/robot_control_interfaces) by extension 'ros'
[0.144s] DEBUG:colcon.colcon_core.package_identification:Package 'src/robot_control_interfaces' with type 'ros.ament_cmake' and name 'robot_control_interfaces'
[0.144s] Level 1:colcon.colcon_core.package_identification:_identify(src/robot_core) by extensions ['ignore', 'ignore_ament_install']
[0.144s] Level 1:colcon.colcon_core.package_identification:_identify(src/robot_core) by extension 'ignore'
[0.144s] Level 1:colcon.colcon_core.package_identification:_identify(src/robot_core) by extension 'ignore_ament_install'
[0.144s] Level 1:colcon.colcon_core.package_identification:_identify(src/robot_core) by extensions ['colcon_pkg']
[0.144s] Level 1:colcon.colcon_core.package_identification:_identify(src/robot_core) by extension 'colcon_pkg'
[0.144s] Level 1:colcon.colcon_core.package_identification:_identify(src/robot_core) by extensions ['colcon_meta']
[0.144s] Level 1:colcon.colcon_core.package_identification:_identify(src/robot_core) by extension 'colcon_meta'
[0.144s] Level 1:colcon.colcon_core.package_identification:_identify(src/robot_core) by extensions ['ros']
[0.144s] Level 1:colcon.colcon_core.package_identification:_identify(src/robot_core) by extension 'ros'
[0.145s] DEBUG:colcon.colcon_core.package_identification:Package 'src/robot_core' with type 'ros.ament_cmake' and name 'robot_core'
[0.145s] Level 1:colcon.colcon_core.package_discovery:discover_packages(recursive) using defaults
[0.145s] Level 1:colcon.colcon_core.package_discovery:discover_packages(ignore) discover
[0.145s] Level 1:colcon.colcon_core.package_discovery:discover_packages(ignore) using defaults
[0.145s] Level 1:colcon.colcon_core.package_discovery:discover_packages(path) discover
[0.145s] Level 1:colcon.colcon_core.package_discovery:discover_packages(path) using defaults
[0.156s] Level 1:colcon.colcon_core.package_discovery:discover_packages(prefix_path) check parameters
[0.156s] Level 1:colcon.colcon_core.package_discovery:discover_packages(prefix_path) discover
[0.157s] DEBUG:colcon.colcon_installed_package_information.package_discovery:Found 281 installed packages in /opt/ros/iron
[0.165s] Level 1:colcon.colcon_core.package_discovery:discover_packages(prefix_path) using defaults
[0.185s] Level 5:colcon.colcon_core.verb:set package 'robot_control_interfaces' build argument 'cmake_args' from command line to 'None'
[0.185s] Level 5:colcon.colcon_core.verb:set package 'robot_control_interfaces' build argument 'cmake_target' from command line to 'None'
[0.185s] Level 5:colcon.colcon_core.verb:set package 'robot_control_interfaces' build argument 'cmake_target_skip_unavailable' from command line to 'False'
[0.185s] Level 5:colcon.colcon_core.verb:set package 'robot_control_interfaces' build argument 'cmake_clean_cache' from command line to 'False'
[0.185s] Level 5:colcon.colcon_core.verb:set package 'robot_control_interfaces' build argument 'cmake_clean_first' from command line to 'False'
[0.185s] Level 5:colcon.colcon_core.verb:set package 'robot_control_interfaces' build argument 'cmake_force_configure' from command line to 'False'
[0.185s] Level 5:colcon.colcon_core.verb:set package 'robot_control_interfaces' build argument 'ament_cmake_args' from command line to 'None'
[0.185s] Level 5:colcon.colcon_core.verb:set package 'robot_control_interfaces' build argument 'catkin_cmake_args' from command line to 'None'
[0.185s] Level 5:colcon.colcon_core.verb:set package 'robot_control_interfaces' build argument 'catkin_skip_building_tests' from command line to 'False'
[0.185s] DEBUG:colcon.colcon_core.verb:Building package 'robot_control_interfaces' with the following arguments: {'ament_cmake_args': None, 'build_base': '/home/deep/robot_action_ws/build/robot_control_interfaces', 'catkin_cmake_args': None, 'catkin_skip_building_tests': False, 'cmake_args': None, 'cmake_clean_cache': False, 'cmake_clean_first': False, 'cmake_force_configure': False, 'cmake_target': None, 'cmake_target_skip_unavailable': False, 'install_base': '/home/deep/robot_action_ws/install/robot_control_interfaces', 'merge_install': False, 'path': '/home/deep/robot_action_ws/src/robot_control_interfaces', 'symlink_install': False, 'test_result_base': None}
[0.185s] Level 5:colcon.colcon_core.verb:set package 'robot_core' build argument 'cmake_args' from command line to 'None'
[0.185s] Level 5:colcon.colcon_core.verb:set package 'robot_core' build argument 'cmake_target' from command line to 'None'
[0.185s] Level 5:colcon.colcon_core.verb:set package 'robot_core' build argument 'cmake_target_skip_unavailable' from command line to 'False'
[0.185s] Level 5:colcon.colcon_core.verb:set package 'robot_core' build argument 'cmake_clean_cache' from command line to 'False'
[0.185s] Level 5:colcon.colcon_core.verb:set package 'robot_core' build argument 'cmake_clean_first' from command line to 'False'
[0.185s] Level 5:colcon.colcon_core.verb:set package 'robot_core' build argument 'cmake_force_configure' from command line to 'False'
[0.185s] Level 5:colcon.colcon_core.verb:set package 'robot_core' build argument 'ament_cmake_args' from command line to 'None'
[0.185s] Level 5:colcon.colcon_core.verb:set package 'robot_core' build argument 'catkin_cmake_args' from command line to 'None'
[0.185s] Level 5:colcon.colcon_core.verb:set package 'robot_core' build argument 'catkin_skip_building_tests' from command line to 'False'
[0.185s] DEBUG:colcon.colcon_core.verb:Building package 'robot_core' with the following arguments: {'ament_cmake_args': None, 'build_base': '/home/deep/robot_action_ws/build/robot_core', 'catkin_cmake_args': None, 'catkin_skip_building_tests': False, 'cmake_args': None, 'cmake_clean_cache': False, 'cmake_clean_first': False, 'cmake_force_configure': False, 'cmake_target': None, 'cmake_target_skip_unavailable': False, 'install_base': '/home/deep/robot_action_ws/install/robot_core', 'merge_install': False, 'path': '/home/deep/robot_action_ws/src/robot_core', 'symlink_install': False, 'test_result_base': None}
[0.185s] INFO:colcon.colcon_core.executor:Executing jobs using 'parallel' executor
[0.186s] DEBUG:colcon.colcon_parallel_executor.executor.parallel:run_until_complete
[0.187s] INFO:colcon.colcon_ros.task.ament_cmake.build:Building ROS package in '/home/deep/robot_action_ws/src/robot_control_interfaces' with build type 'ament_cmake'
[0.187s] INFO:colcon.colcon_cmake.task.cmake.build:Building CMake package in '/home/deep/robot_action_ws/src/robot_control_interfaces'
[0.188s] INFO:colcon.colcon_core.plugin_system:Skipping extension 'colcon_core.shell.bat': Not used on non-Windows systems
[0.188s] INFO:colcon.colcon_core.shell:Skip shell extension 'powershell' for command environment: Not usable outside of PowerShell
[0.188s] DEBUG:colcon.colcon_core.shell:Skip shell extension 'dsv' for command environment
[0.196s] DEBUG:colcon.colcon_core.event_handler.log_command:Invoking command in '/home/deep/robot_action_ws/build/robot_control_interfaces': CMAKE_PREFIX_PATH=/opt/ros/iron /usr/bin/cmake --build /home/deep/robot_action_ws/build/robot_control_interfaces -- -j12 -l12
[0.388s] DEBUG:colcon.colcon_core.event_handler.log_command:Invoked command in '/home/deep/robot_action_ws/build/robot_control_interfaces' returned '0': CMAKE_PREFIX_PATH=/opt/ros/iron /usr/bin/cmake --build /home/deep/robot_action_ws/build/robot_control_interfaces -- -j12 -l12
[0.395s] DEBUG:colcon.colcon_core.event_handler.log_command:Invoking command in '/home/deep/robot_action_ws/build/robot_control_interfaces': CMAKE_PREFIX_PATH=/opt/ros/iron /usr/bin/cmake --install /home/deep/robot_action_ws/build/robot_control_interfaces
[0.428s] Level 1:colcon.colcon_core.environment:create_environment_scripts_only(robot_control_interfaces)
[0.429s] DEBUG:colcon.colcon_core.event_handler.log_command:Invoked command in '/home/deep/robot_action_ws/build/robot_control_interfaces' returned '0': CMAKE_PREFIX_PATH=/opt/ros/iron /usr/bin/cmake --install /home/deep/robot_action_ws/build/robot_control_interfaces
[0.430s] Level 1:colcon.colcon_core.environment:checking '/home/deep/robot_action_ws/install/robot_control_interfaces' for CMake module files
[0.431s] Level 1:colcon.colcon_core.environment:checking '/home/deep/robot_action_ws/install/robot_control_interfaces' for CMake config files
[0.431s] Level 1:colcon.colcon_core.shell:create_environment_hook('robot_control_interfaces', 'cmake_prefix_path')
[0.431s] INFO:colcon.colcon_core.shell:Creating environment hook '/home/deep/robot_action_ws/install/robot_control_interfaces/share/robot_control_interfaces/hook/cmake_prefix_path.ps1'
[0.432s] INFO:colcon.colcon_core.shell:Creating environment descriptor '/home/deep/robot_action_ws/install/robot_control_interfaces/share/robot_control_interfaces/hook/cmake_prefix_path.dsv'
[0.432s] INFO:colcon.colcon_core.shell:Creating environment hook '/home/deep/robot_action_ws/install/robot_control_interfaces/share/robot_control_interfaces/hook/cmake_prefix_path.sh'
[0.433s] Level 1:colcon.colcon_core.environment:checking '/home/deep/robot_action_ws/install/robot_control_interfaces/lib'
[0.433s] Level 1:colcon.colcon_core.shell:create_environment_hook('robot_control_interfaces', 'ld_library_path_lib')
[0.433s] INFO:colcon.colcon_core.shell:Creating environment hook '/home/deep/robot_action_ws/install/robot_control_interfaces/share/robot_control_interfaces/hook/ld_library_path_lib.ps1'
[0.433s] INFO:colcon.colcon_core.shell:Creating environment descriptor '/home/deep/robot_action_ws/install/robot_control_interfaces/share/robot_control_interfaces/hook/ld_library_path_lib.dsv'
[0.434s] INFO:colcon.colcon_core.shell:Creating environment hook '/home/deep/robot_action_ws/install/robot_control_interfaces/share/robot_control_interfaces/hook/ld_library_path_lib.sh'
[0.434s] Level 1:colcon.colcon_core.environment:checking '/home/deep/robot_action_ws/install/robot_control_interfaces/bin'
[0.434s] Level 1:colcon.colcon_core.environment:checking '/home/deep/robot_action_ws/install/robot_control_interfaces/lib/pkgconfig/robot_control_interfaces.pc'
[0.434s] Level 1:colcon.colcon_core.environment:checking '/home/deep/robot_action_ws/install/robot_control_interfaces/lib/python3.10/site-packages'
[0.434s] Level 1:colcon.colcon_core.shell:create_environment_hook('robot_control_interfaces', 'pythonpath')
[0.434s] INFO:colcon.colcon_core.shell:Creating environment hook '/home/deep/robot_action_ws/install/robot_control_interfaces/share/robot_control_interfaces/hook/pythonpath.ps1'
[0.435s] INFO:colcon.colcon_core.shell:Creating environment descriptor '/home/deep/robot_action_ws/install/robot_control_interfaces/share/robot_control_interfaces/hook/pythonpath.dsv'
[0.435s] INFO:colcon.colcon_core.shell:Creating environment hook '/home/deep/robot_action_ws/install/robot_control_interfaces/share/robot_control_interfaces/hook/pythonpath.sh'
[0.435s] Level 1:colcon.colcon_core.environment:checking '/home/deep/robot_action_ws/install/robot_control_interfaces/bin'
[0.436s] INFO:colcon.colcon_core.shell:Creating package script '/home/deep/robot_action_ws/install/robot_control_interfaces/share/robot_control_interfaces/package.ps1'
[0.436s] INFO:colcon.colcon_core.shell:Creating package descriptor '/home/deep/robot_action_ws/install/robot_control_interfaces/share/robot_control_interfaces/package.dsv'
[0.437s] INFO:colcon.colcon_core.shell:Creating package script '/home/deep/robot_action_ws/install/robot_control_interfaces/share/robot_control_interfaces/package.sh'
[0.437s] INFO:colcon.colcon_core.shell:Creating package script '/home/deep/robot_action_ws/install/robot_control_interfaces/share/robot_control_interfaces/package.bash'
[0.438s] INFO:colcon.colcon_core.shell:Creating package script '/home/deep/robot_action_ws/install/robot_control_interfaces/share/robot_control_interfaces/package.zsh'
[0.438s] Level 1:colcon.colcon_core.environment:create_file_with_runtime_dependencies(/home/deep/robot_action_ws/install/robot_control_interfaces/share/colcon-core/packages/robot_control_interfaces)
[0.439s] Level 1:colcon.colcon_core.environment:create_environment_scripts_only(robot_control_interfaces)
[0.439s] Level 1:colcon.colcon_core.environment:checking '/home/deep/robot_action_ws/install/robot_control_interfaces' for CMake module files
[0.439s] Level 1:colcon.colcon_core.environment:checking '/home/deep/robot_action_ws/install/robot_control_interfaces' for CMake config files
[0.439s] Level 1:colcon.colcon_core.shell:create_environment_hook('robot_control_interfaces', 'cmake_prefix_path')
[0.439s] INFO:colcon.colcon_core.shell:Creating environment hook '/home/deep/robot_action_ws/install/robot_control_interfaces/share/robot_control_interfaces/hook/cmake_prefix_path.ps1'
[0.440s] INFO:colcon.colcon_core.shell:Creating environment descriptor '/home/deep/robot_action_ws/install/robot_control_interfaces/share/robot_control_interfaces/hook/cmake_prefix_path.dsv'
[0.440s] INFO:colcon.colcon_core.shell:Creating environment hook '/home/deep/robot_action_ws/install/robot_control_interfaces/share/robot_control_interfaces/hook/cmake_prefix_path.sh'
[0.440s] Level 1:colcon.colcon_core.environment:checking '/home/deep/robot_action_ws/install/robot_control_interfaces/lib'
[0.441s] Level 1:colcon.colcon_core.shell:create_environment_hook('robot_control_interfaces', 'ld_library_path_lib')
[0.441s] INFO:colcon.colcon_core.shell:Creating environment hook '/home/deep/robot_action_ws/install/robot_control_interfaces/share/robot_control_interfaces/hook/ld_library_path_lib.ps1'
[0.441s] INFO:colcon.colcon_core.shell:Creating environment descriptor '/home/deep/robot_action_ws/install/robot_control_interfaces/share/robot_control_interfaces/hook/ld_library_path_lib.dsv'
[0.441s] INFO:colcon.colcon_core.shell:Creating environment hook '/home/deep/robot_action_ws/install/robot_control_interfaces/share/robot_control_interfaces/hook/ld_library_path_lib.sh'
[0.442s] Level 1:colcon.colcon_core.environment:checking '/home/deep/robot_action_ws/install/robot_control_interfaces/bin'
[0.442s] Level 1:colcon.colcon_core.environment:checking '/home/deep/robot_action_ws/install/robot_control_interfaces/lib/pkgconfig/robot_control_interfaces.pc'
[0.442s] Level 1:colcon.colcon_core.environment:checking '/home/deep/robot_action_ws/install/robot_control_interfaces/lib/python3.10/site-packages'
[0.442s] Level 1:colcon.colcon_core.shell:create_environment_hook('robot_control_interfaces', 'pythonpath')
[0.442s] INFO:colcon.colcon_core.shell:Creating environment hook '/home/deep/robot_action_ws/install/robot_control_interfaces/share/robot_control_interfaces/hook/pythonpath.ps1'
[0.442s] INFO:colcon.colcon_core.shell:Creating environment descriptor '/home/deep/robot_action_ws/install/robot_control_interfaces/share/robot_control_interfaces/hook/pythonpath.dsv'
[0.443s] INFO:colcon.colcon_core.shell:Creating environment hook '/home/deep/robot_action_ws/install/robot_control_interfaces/share/robot_control_interfaces/hook/pythonpath.sh'
[0.443s] Level 1:colcon.colcon_core.environment:checking '/home/deep/robot_action_ws/install/robot_control_interfaces/bin'
[0.443s] INFO:colcon.colcon_core.shell:Creating package script '/home/deep/robot_action_ws/install/robot_control_interfaces/share/robot_control_interfaces/package.ps1'
[0.444s] INFO:colcon.colcon_core.shell:Creating package descriptor '/home/deep/robot_action_ws/install/robot_control_interfaces/share/robot_control_interfaces/package.dsv'
[0.444s] INFO:colcon.colcon_core.shell:Creating package script '/home/deep/robot_action_ws/install/robot_control_interfaces/share/robot_control_interfaces/package.sh'
[0.444s] INFO:colcon.colcon_core.shell:Creating package script '/home/deep/robot_action_ws/install/robot_control_interfaces/share/robot_control_interfaces/package.bash'
[0.445s] INFO:colcon.colcon_core.shell:Creating package script '/home/deep/robot_action_ws/install/robot_control_interfaces/share/robot_control_interfaces/package.zsh'
[0.445s] Level 1:colcon.colcon_core.environment:create_file_with_runtime_dependencies(/home/deep/robot_action_ws/install/robot_control_interfaces/share/colcon-core/packages/robot_control_interfaces)
[0.446s] INFO:colcon.colcon_ros.task.ament_cmake.build:Building ROS package in '/home/deep/robot_action_ws/src/robot_core' with build type 'ament_cmake'
[0.446s] INFO:colcon.colcon_cmake.task.cmake.build:Building CMake package in '/home/deep/robot_action_ws/src/robot_core'
[0.446s] INFO:colcon.colcon_core.shell:Skip shell extension 'powershell' for command environment: Not usable outside of PowerShell
[0.446s] DEBUG:colcon.colcon_core.shell:Skip shell extension 'dsv' for command environment
[0.455s] DEBUG:colcon.colcon_core.event_handler.log_command:Invoking command in '/home/deep/robot_action_ws/build/robot_core': AMENT_PREFIX_PATH=/home/deep/robot_action_ws/install/robot_control_interfaces:${AMENT_PREFIX_PATH} CMAKE_PREFIX_PATH=/home/deep/robot_action_ws/install/robot_control_interfaces:/opt/ros/iron LD_LIBRARY_PATH=/home/deep/robot_action_ws/install/robot_control_interfaces/lib:${LD_LIBRARY_PATH} PYTHONPATH=/home/deep/robot_action_ws/install/robot_control_interfaces/lib/python3.10/site-packages:${PYTHONPATH} /usr/bin/cmake --build /home/deep/robot_action_ws/build/robot_core -- -j12 -l12
[1.080s] DEBUG:colcon.colcon_core.event_handler.log_command:Invoked command in '/home/deep/robot_action_ws/build/robot_core' returned '2': AMENT_PREFIX_PATH=/home/deep/robot_action_ws/install/robot_control_interfaces:${AMENT_PREFIX_PATH} CMAKE_PREFIX_PATH=/home/deep/robot_action_ws/install/robot_control_interfaces:/opt/ros/iron LD_LIBRARY_PATH=/home/deep/robot_action_ws/install/robot_control_interfaces/lib:${LD_LIBRARY_PATH} PYTHONPATH=/home/deep/robot_action_ws/install/robot_control_interfaces/lib/python3.10/site-packages:${PYTHONPATH} /usr/bin/cmake --build /home/deep/robot_action_ws/build/robot_core -- -j12 -l12
[1.080s] Level 1:colcon.colcon_core.environment:create_environment_scripts_only(robot_core)
[1.080s] Level 1:colcon.colcon_core.environment:checking '/home/deep/robot_action_ws/install/robot_core' for CMake module files
[1.081s] Level 1:colcon.colcon_core.environment:checking '/home/deep/robot_action_ws/install/robot_core' for CMake config files
[1.081s] Level 1:colcon.colcon_core.environment:checking '/home/deep/robot_action_ws/install/robot_core/bin'
[1.081s] Level 1:colcon.colcon_core.environment:checking '/home/deep/robot_action_ws/install/robot_core/lib/pkgconfig/robot_core.pc'
[1.081s] Level 1:colcon.colcon_core.environment:checking '/home/deep/robot_action_ws/install/robot_core/lib/python3.10/site-packages'
[1.081s] Level 1:colcon.colcon_core.environment:checking '/home/deep/robot_action_ws/install/robot_core/bin'
[1.081s] INFO:colcon.colcon_core.shell:Creating package script '/home/deep/robot_action_ws/install/robot_core/share/robot_core/package.ps1'
[1.082s] INFO:colcon.colcon_core.shell:Creating package descriptor '/home/deep/robot_action_ws/install/robot_core/share/robot_core/package.dsv'
[1.082s] INFO:colcon.colcon_core.shell:Creating package script '/home/deep/robot_action_ws/install/robot_core/share/robot_core/package.sh'
[1.082s] INFO:colcon.colcon_core.shell:Creating package script '/home/deep/robot_action_ws/install/robot_core/share/robot_core/package.bash'
[1.083s] INFO:colcon.colcon_core.shell:Creating package script '/home/deep/robot_action_ws/install/robot_core/share/robot_core/package.zsh'
[1.083s] Level 1:colcon.colcon_core.environment:create_file_with_runtime_dependencies(/home/deep/robot_action_ws/install/robot_core/share/colcon-core/packages/robot_core)
[1.094s] DEBUG:colcon.colcon_parallel_executor.executor.parallel:closing loop
[1.094s] DEBUG:colcon.colcon_parallel_executor.executor.parallel:loop closed
[1.094s] DEBUG:colcon.colcon_parallel_executor.executor.parallel:run_until_complete finished with '2'
[1.094s] DEBUG:colcon.colcon_core.event_reactor:joining thread
[1.098s] INFO:colcon.colcon_core.plugin_system:Skipping extension 'colcon_notification.desktop_notification.terminal_notifier': Not used on non-Darwin systems
[1.098s] INFO:colcon.colcon_core.plugin_system:Skipping extension 'colcon_notification.desktop_notification.win32': Not used on non-Windows systems
[1.098s] INFO:colcon.colcon_notification.desktop_notification:Sending desktop notification using 'notify2'
[1.107s] DEBUG:colcon.colcon_core.event_reactor:joined thread
[1.107s] INFO:colcon.colcon_core.shell:Creating prefix script '/home/deep/robot_action_ws/install/local_setup.ps1'
[1.108s] INFO:colcon.colcon_core.shell:Creating prefix util module '/home/deep/robot_action_ws/install/_local_setup_util_ps1.py'
[1.108s] INFO:colcon.colcon_core.shell:Creating prefix chain script '/home/deep/robot_action_ws/install/setup.ps1'
[1.109s] INFO:colcon.colcon_core.shell:Creating prefix script '/home/deep/robot_action_ws/install/local_setup.sh'
[1.109s] INFO:colcon.colcon_core.shell:Creating prefix util module '/home/deep/robot_action_ws/install/_local_setup_util_sh.py'
[1.110s] INFO:colcon.colcon_core.shell:Creating prefix chain script '/home/deep/robot_action_ws/install/setup.sh'
[1.111s] INFO:colcon.colcon_core.shell:Creating prefix script '/home/deep/robot_action_ws/install/local_setup.bash'
[1.111s] INFO:colcon.colcon_core.shell:Creating prefix chain script '/home/deep/robot_action_ws/install/setup.bash'
[1.112s] INFO:colcon.colcon_core.shell:Creating prefix script '/home/deep/robot_action_ws/install/local_setup.zsh'
[1.112s] INFO:colcon.colcon_core.shell:Creating prefix chain script '/home/deep/robot_action_ws/install/setup.zsh'
