[0.008s] Invoking command in '/home/deep/robot_action_ws/build/robot_core': AMENT_PREFIX_PATH=/home/deep/robot_action_ws/install/robot_control_interfaces:${AMENT_PREFIX_PATH} CMAKE_PREFIX_PATH=/home/deep/robot_action_ws/install/robot_control_interfaces:/opt/ros/iron LD_LIBRARY_PATH=/home/deep/robot_action_ws/install/robot_control_interfaces/lib:${LD_LIBRARY_PATH} PYTHONPATH=/home/deep/robot_action_ws/install/robot_control_interfaces/lib/python3.10/site-packages:${PYTHONPATH} /usr/bin/cmake --build /home/deep/robot_action_ws/build/robot_core -- -j12 -l12
[0.023s] -- Found ament_cmake: 2.0.7 (/opt/ros/iron/share/ament_cmake/cmake)
[0.105s] -- Found rclcpp: 21.0.8 (/opt/ros/iron/share/rclcpp/cmake)
[0.118s] -- Found rosidl_generator_c: 4.0.1 (/opt/ros/iron/share/rosidl_generator_c/cmake)
[0.122s] -- Found rosidl_generator_cpp: 4.0.1 (/opt/ros/iron/share/rosidl_generator_cpp/cmake)
[0.129s] -- Using all available rosidl_typesupport_c: rosidl_typesupport_fastrtps_c;rosidl_typesupport_introspection_c
[0.136s] -- Using all available rosidl_typesupport_cpp: rosidl_typesupport_fastrtps_cpp;rosidl_typesupport_introspection_cpp
[0.210s] -- Found rmw_implementation_cmake: 7.1.0 (/opt/ros/iron/share/rmw_implementation_cmake/cmake)
[0.211s] -- Found rmw_fastrtps_cpp: 7.1.4 (/opt/ros/iron/share/rmw_fastrtps_cpp/cmake)
[0.269s] -- Using RMW implementation 'rmw_fastrtps_cpp' as default
[0.349s] -- Found rclcpp_action: 21.0.8 (/opt/ros/iron/share/rclcpp_action/cmake)
[0.412s] -- Found robot_control_interfaces: 0.0.0 (/home/deep/robot_action_ws/install/robot_control_interfaces/share/robot_control_interfaces/cmake)
[0.453s] -- Found ament_lint_auto: 0.14.4 (/opt/ros/iron/share/ament_lint_auto/cmake)
[0.491s] -- Added test 'cppcheck' to perform static code analysis on C / C++ code
[0.491s] -- Configured cppcheck include dirs: 
[0.491s] -- Configured cppcheck exclude dirs and/or files: 
[0.491s] -- Added test 'lint_cmake' to check CMake code style
[0.491s] -- Added test 'uncrustify' to check C / C++ code style
[0.491s] -- Configured uncrustify additional arguments: 
[0.491s] -- Added test 'xmllint' to check XML markup files
[0.492s] -- Configuring done
[0.503s] -- Generating done
[0.506s] -- Build files have been written to: /home/deep/robot_action_ws/build/robot_core
[0.526s] [35m[1mConsolidate compiler generated dependencies of target robot_core[0m
[0.537s] [ 50%] [32m[1mLinking CXX executable robot_core[0m
[0.651s] [100%] Built target robot_core
[0.660s] Invoked command in '/home/deep/robot_action_ws/build/robot_core' returned '0': AMENT_PREFIX_PATH=/home/deep/robot_action_ws/install/robot_control_interfaces:${AMENT_PREFIX_PATH} CMAKE_PREFIX_PATH=/home/deep/robot_action_ws/install/robot_control_interfaces:/opt/ros/iron LD_LIBRARY_PATH=/home/deep/robot_action_ws/install/robot_control_interfaces/lib:${LD_LIBRARY_PATH} PYTHONPATH=/home/deep/robot_action_ws/install/robot_control_interfaces/lib/python3.10/site-packages:${PYTHONPATH} /usr/bin/cmake --build /home/deep/robot_action_ws/build/robot_core -- -j12 -l12
[0.661s] Invoking command in '/home/deep/robot_action_ws/build/robot_core': AMENT_PREFIX_PATH=/home/deep/robot_action_ws/install/robot_control_interfaces:${AMENT_PREFIX_PATH} CMAKE_PREFIX_PATH=/home/deep/robot_action_ws/install/robot_control_interfaces:/opt/ros/iron LD_LIBRARY_PATH=/home/deep/robot_action_ws/install/robot_control_interfaces/lib:${LD_LIBRARY_PATH} PYTHONPATH=/home/deep/robot_action_ws/install/robot_control_interfaces/lib/python3.10/site-packages:${PYTHONPATH} /usr/bin/cmake --install /home/deep/robot_action_ws/build/robot_core
[0.666s] -- Install configuration: ""
[0.666s] -- Installing: /home/deep/robot_action_ws/install/robot_core/lib/robot_core/robot_core
[0.667s] -- Set runtime path of "/home/deep/robot_action_ws/install/robot_core/lib/robot_core/robot_core" to ""
[0.667s] -- Installing: /home/deep/robot_action_ws/install/robot_core/share/ament_index/resource_index/package_run_dependencies/robot_core
[0.667s] -- Installing: /home/deep/robot_action_ws/install/robot_core/share/ament_index/resource_index/parent_prefix_path/robot_core
[0.667s] -- Installing: /home/deep/robot_action_ws/install/robot_core/share/robot_core/environment/ament_prefix_path.sh
[0.667s] -- Installing: /home/deep/robot_action_ws/install/robot_core/share/robot_core/environment/ament_prefix_path.dsv
[0.667s] -- Installing: /home/deep/robot_action_ws/install/robot_core/share/robot_core/environment/path.sh
[0.667s] -- Installing: /home/deep/robot_action_ws/install/robot_core/share/robot_core/environment/path.dsv
[0.668s] -- Installing: /home/deep/robot_action_ws/install/robot_core/share/robot_core/local_setup.bash
[0.668s] -- Installing: /home/deep/robot_action_ws/install/robot_core/share/robot_core/local_setup.sh
[0.668s] -- Installing: /home/deep/robot_action_ws/install/robot_core/share/robot_core/local_setup.zsh
[0.668s] -- Installing: /home/deep/robot_action_ws/install/robot_core/share/robot_core/local_setup.dsv
[0.668s] -- Installing: /home/deep/robot_action_ws/install/robot_core/share/robot_core/package.dsv
[0.668s] -- Installing: /home/deep/robot_action_ws/install/robot_core/share/ament_index/resource_index/packages/robot_core
[0.668s] -- Installing: /home/deep/robot_action_ws/install/robot_core/share/robot_core/cmake/robot_coreConfig.cmake
[0.669s] -- Installing: /home/deep/robot_action_ws/install/robot_core/share/robot_core/cmake/robot_coreConfig-version.cmake
[0.669s] -- Installing: /home/deep/robot_action_ws/install/robot_core/share/robot_core/package.xml
[0.671s] Invoked command in '/home/deep/robot_action_ws/build/robot_core' returned '0': AMENT_PREFIX_PATH=/home/deep/robot_action_ws/install/robot_control_interfaces:${AMENT_PREFIX_PATH} CMAKE_PREFIX_PATH=/home/deep/robot_action_ws/install/robot_control_interfaces:/opt/ros/iron LD_LIBRARY_PATH=/home/deep/robot_action_ws/install/robot_control_interfaces/lib:${LD_LIBRARY_PATH} PYTHONPATH=/home/deep/robot_action_ws/install/robot_control_interfaces/lib/python3.10/site-packages:${PYTHONPATH} /usr/bin/cmake --install /home/deep/robot_action_ws/build/robot_core
