[0.057s] DEBUG:colcon:Command line arguments: ['/usr/bin/colcon', 'build']
[0.057s] DEBUG:colcon:Parsed command line arguments: Namespace(log_base=None, log_level=None, verb_name='build', build_base='build', install_base='install', merge_install=False, symlink_install=False, test_result_base=None, continue_on_error=False, executor='parallel', parallel_workers=12, event_handlers=None, ignore_user_meta=False, metas=['./colcon.meta'], base_paths=['.'], packages_ignore=None, packages_ignore_regex=None, paths=None, packages_up_to=None, packages_up_to_regex=None, packages_above=None, packages_above_and_dependencies=None, packages_above_depth=None, packages_select_by_dep=None, packages_skip_by_dep=None, packages_skip_up_to=None, packages_select_build_failed=False, packages_skip_build_finished=False, packages_select_test_failures=False, packages_skip_test_passed=False, packages_select=None, packages_skip=None, packages_select_regex=None, packages_skip_regex=None, packages_start=None, packages_end=None, allow_overriding=[], cmake_args=None, cmake_target=None, cmake_target_skip_unavailable=False, cmake_clean_cache=False, cmake_clean_first=False, cmake_force_configure=False, ament_cmake_args=None, catkin_cmake_args=None, catkin_skip_building_tests=False, verb_parser=<colcon_defaults.argument_parser.defaults.DefaultArgumentsDecorator object at 0x76f964d26ce0>, verb_extension=<colcon_core.verb.build.BuildVerb object at 0x76f964d25ea0>, main=<bound method BuildVerb.main of <colcon_core.verb.build.BuildVerb object at 0x76f964d25ea0>>)
[0.135s] Level 1:colcon.colcon_core.package_discovery:discover_packages(colcon_meta) check parameters
[0.135s] Level 1:colcon.colcon_core.package_discovery:discover_packages(recursive) check parameters
[0.135s] Level 1:colcon.colcon_core.package_discovery:discover_packages(ignore) check parameters
[0.135s] Level 1:colcon.colcon_core.package_discovery:discover_packages(path) check parameters
[0.135s] Level 1:colcon.colcon_core.package_discovery:discover_packages(colcon_meta) discover
[0.135s] Level 1:colcon.colcon_core.package_discovery:discover_packages(recursive) discover
[0.136s] INFO:colcon.colcon_core.package_discovery:Crawling recursively for packages in '/home/deep/robot_action_ws'
[0.136s] Level 1:colcon.colcon_core.package_identification:_identify(.) by extensions ['ignore', 'ignore_ament_install']
[0.136s] Level 1:colcon.colcon_core.package_identification:_identify(.) by extension 'ignore'
[0.136s] Level 1:colcon.colcon_core.package_identification:_identify(.) by extension 'ignore_ament_install'
[0.136s] Level 1:colcon.colcon_core.package_identification:_identify(.) by extensions ['colcon_pkg']
[0.136s] Level 1:colcon.colcon_core.package_identification:_identify(.) by extension 'colcon_pkg'
[0.136s] Level 1:colcon.colcon_core.package_identification:_identify(.) by extensions ['colcon_meta']
[0.136s] Level 1:colcon.colcon_core.package_identification:_identify(.) by extension 'colcon_meta'
[0.136s] Level 1:colcon.colcon_core.package_identification:_identify(.) by extensions ['ros']
[0.136s] Level 1:colcon.colcon_core.package_identification:_identify(.) by extension 'ros'
[0.142s] Level 1:colcon.colcon_core.package_identification:_identify(.) by extensions ['cmake', 'python']
[0.143s] Level 1:colcon.colcon_core.package_identification:_identify(.) by extension 'cmake'
[0.143s] Level 1:colcon.colcon_core.package_identification:_identify(.) by extension 'python'
[0.143s] Level 1:colcon.colcon_core.package_identification:_identify(.) by extensions ['python_setup_py']
[0.143s] Level 1:colcon.colcon_core.package_identification:_identify(.) by extension 'python_setup_py'
[0.143s] Level 1:colcon.colcon_core.package_identification:_identify(build) by extensions ['ignore', 'ignore_ament_install']
[0.143s] Level 1:colcon.colcon_core.package_identification:_identify(build) by extension 'ignore'
[0.143s] Level 1:colcon.colcon_core.package_identification:_identify(build) ignored
[0.143s] Level 1:colcon.colcon_core.package_identification:_identify(install) by extensions ['ignore', 'ignore_ament_install']
[0.143s] Level 1:colcon.colcon_core.package_identification:_identify(install) by extension 'ignore'
[0.143s] Level 1:colcon.colcon_core.package_identification:_identify(install) ignored
[0.143s] Level 1:colcon.colcon_core.package_identification:_identify(log) by extensions ['ignore', 'ignore_ament_install']
[0.143s] Level 1:colcon.colcon_core.package_identification:_identify(log) by extension 'ignore'
[0.143s] Level 1:colcon.colcon_core.package_identification:_identify(log) ignored
[0.143s] Level 1:colcon.colcon_core.package_identification:_identify(src) by extensions ['ignore', 'ignore_ament_install']
[0.143s] Level 1:colcon.colcon_core.package_identification:_identify(src) by extension 'ignore'
[0.143s] Level 1:colcon.colcon_core.package_identification:_identify(src) by extension 'ignore_ament_install'
[0.143s] Level 1:colcon.colcon_core.package_identification:_identify(src) by extensions ['colcon_pkg']
[0.143s] Level 1:colcon.colcon_core.package_identification:_identify(src) by extension 'colcon_pkg'
[0.143s] Level 1:colcon.colcon_core.package_identification:_identify(src) by extensions ['colcon_meta']
[0.143s] Level 1:colcon.colcon_core.package_identification:_identify(src) by extension 'colcon_meta'
[0.143s] Level 1:colcon.colcon_core.package_identification:_identify(src) by extensions ['ros']
[0.143s] Level 1:colcon.colcon_core.package_identification:_identify(src) by extension 'ros'
[0.143s] Level 1:colcon.colcon_core.package_identification:_identify(src) by extensions ['cmake', 'python']
[0.143s] Level 1:colcon.colcon_core.package_identification:_identify(src) by extension 'cmake'
[0.143s] Level 1:colcon.colcon_core.package_identification:_identify(src) by extension 'python'
[0.143s] Level 1:colcon.colcon_core.package_identification:_identify(src) by extensions ['python_setup_py']
[0.143s] Level 1:colcon.colcon_core.package_identification:_identify(src) by extension 'python_setup_py'
[0.143s] Level 1:colcon.colcon_core.package_identification:_identify(src/move_robot_client) by extensions ['ignore', 'ignore_ament_install']
[0.143s] Level 1:colcon.colcon_core.package_identification:_identify(src/move_robot_client) by extension 'ignore'
[0.143s] Level 1:colcon.colcon_core.package_identification:_identify(src/move_robot_client) by extension 'ignore_ament_install'
[0.143s] Level 1:colcon.colcon_core.package_identification:_identify(src/move_robot_client) by extensions ['colcon_pkg']
[0.143s] Level 1:colcon.colcon_core.package_identification:_identify(src/move_robot_client) by extension 'colcon_pkg'
[0.143s] Level 1:colcon.colcon_core.package_identification:_identify(src/move_robot_client) by extensions ['colcon_meta']
[0.143s] Level 1:colcon.colcon_core.package_identification:_identify(src/move_robot_client) by extension 'colcon_meta'
[0.144s] Level 1:colcon.colcon_core.package_identification:_identify(src/move_robot_client) by extensions ['ros']
[0.144s] Level 1:colcon.colcon_core.package_identification:_identify(src/move_robot_client) by extension 'ros'
[0.145s] DEBUG:colcon.colcon_core.package_identification:Package 'src/move_robot_client' with type 'ros.ament_cmake' and name 'move_robot_client'
[0.145s] Level 1:colcon.colcon_core.package_identification:_identify(src/robot_control_interfaces) by extensions ['ignore', 'ignore_ament_install']
[0.145s] Level 1:colcon.colcon_core.package_identification:_identify(src/robot_control_interfaces) by extension 'ignore'
[0.145s] Level 1:colcon.colcon_core.package_identification:_identify(src/robot_control_interfaces) by extension 'ignore_ament_install'
[0.145s] Level 1:colcon.colcon_core.package_identification:_identify(src/robot_control_interfaces) by extensions ['colcon_pkg']
[0.145s] Level 1:colcon.colcon_core.package_identification:_identify(src/robot_control_interfaces) by extension 'colcon_pkg'
[0.145s] Level 1:colcon.colcon_core.package_identification:_identify(src/robot_control_interfaces) by extensions ['colcon_meta']
[0.145s] Level 1:colcon.colcon_core.package_identification:_identify(src/robot_control_interfaces) by extension 'colcon_meta'
[0.145s] Level 1:colcon.colcon_core.package_identification:_identify(src/robot_control_interfaces) by extensions ['ros']
[0.145s] Level 1:colcon.colcon_core.package_identification:_identify(src/robot_control_interfaces) by extension 'ros'
[0.146s] DEBUG:colcon.colcon_core.package_identification:Package 'src/robot_control_interfaces' with type 'ros.ament_cmake' and name 'robot_control_interfaces'
[0.146s] Level 1:colcon.colcon_core.package_identification:_identify(src/robot_core) by extensions ['ignore', 'ignore_ament_install']
[0.146s] Level 1:colcon.colcon_core.package_identification:_identify(src/robot_core) by extension 'ignore'
[0.146s] Level 1:colcon.colcon_core.package_identification:_identify(src/robot_core) by extension 'ignore_ament_install'
[0.146s] Level 1:colcon.colcon_core.package_identification:_identify(src/robot_core) by extensions ['colcon_pkg']
[0.146s] Level 1:colcon.colcon_core.package_identification:_identify(src/robot_core) by extension 'colcon_pkg'
[0.146s] Level 1:colcon.colcon_core.package_identification:_identify(src/robot_core) by extensions ['colcon_meta']
[0.146s] Level 1:colcon.colcon_core.package_identification:_identify(src/robot_core) by extension 'colcon_meta'
[0.146s] Level 1:colcon.colcon_core.package_identification:_identify(src/robot_core) by extensions ['ros']
[0.146s] Level 1:colcon.colcon_core.package_identification:_identify(src/robot_core) by extension 'ros'
[0.146s] DEBUG:colcon.colcon_core.package_identification:Package 'src/robot_core' with type 'ros.ament_cmake' and name 'robot_core'
[0.146s] Level 1:colcon.colcon_core.package_discovery:discover_packages(recursive) using defaults
[0.147s] Level 1:colcon.colcon_core.package_discovery:discover_packages(ignore) discover
[0.147s] Level 1:colcon.colcon_core.package_discovery:discover_packages(ignore) using defaults
[0.147s] Level 1:colcon.colcon_core.package_discovery:discover_packages(path) discover
[0.147s] Level 1:colcon.colcon_core.package_discovery:discover_packages(path) using defaults
[0.158s] Level 1:colcon.colcon_core.package_discovery:discover_packages(prefix_path) check parameters
[0.158s] Level 1:colcon.colcon_core.package_discovery:discover_packages(prefix_path) discover
[0.159s] DEBUG:colcon.colcon_installed_package_information.package_discovery:Found 281 installed packages in /opt/ros/iron
[0.168s] Level 1:colcon.colcon_core.package_discovery:discover_packages(prefix_path) using defaults
[0.188s] Level 5:colcon.colcon_core.verb:set package 'robot_control_interfaces' build argument 'cmake_args' from command line to 'None'
[0.188s] Level 5:colcon.colcon_core.verb:set package 'robot_control_interfaces' build argument 'cmake_target' from command line to 'None'
[0.188s] Level 5:colcon.colcon_core.verb:set package 'robot_control_interfaces' build argument 'cmake_target_skip_unavailable' from command line to 'False'
[0.188s] Level 5:colcon.colcon_core.verb:set package 'robot_control_interfaces' build argument 'cmake_clean_cache' from command line to 'False'
[0.188s] Level 5:colcon.colcon_core.verb:set package 'robot_control_interfaces' build argument 'cmake_clean_first' from command line to 'False'
[0.189s] Level 5:colcon.colcon_core.verb:set package 'robot_control_interfaces' build argument 'cmake_force_configure' from command line to 'False'
[0.189s] Level 5:colcon.colcon_core.verb:set package 'robot_control_interfaces' build argument 'ament_cmake_args' from command line to 'None'
[0.189s] Level 5:colcon.colcon_core.verb:set package 'robot_control_interfaces' build argument 'catkin_cmake_args' from command line to 'None'
[0.189s] Level 5:colcon.colcon_core.verb:set package 'robot_control_interfaces' build argument 'catkin_skip_building_tests' from command line to 'False'
[0.189s] DEBUG:colcon.colcon_core.verb:Building package 'robot_control_interfaces' with the following arguments: {'ament_cmake_args': None, 'build_base': '/home/deep/robot_action_ws/build/robot_control_interfaces', 'catkin_cmake_args': None, 'catkin_skip_building_tests': False, 'cmake_args': None, 'cmake_clean_cache': False, 'cmake_clean_first': False, 'cmake_force_configure': False, 'cmake_target': None, 'cmake_target_skip_unavailable': False, 'install_base': '/home/deep/robot_action_ws/install/robot_control_interfaces', 'merge_install': False, 'path': '/home/deep/robot_action_ws/src/robot_control_interfaces', 'symlink_install': False, 'test_result_base': None}
[0.189s] Level 5:colcon.colcon_core.verb:set package 'move_robot_client' build argument 'cmake_args' from command line to 'None'
[0.189s] Level 5:colcon.colcon_core.verb:set package 'move_robot_client' build argument 'cmake_target' from command line to 'None'
[0.189s] Level 5:colcon.colcon_core.verb:set package 'move_robot_client' build argument 'cmake_target_skip_unavailable' from command line to 'False'
[0.189s] Level 5:colcon.colcon_core.verb:set package 'move_robot_client' build argument 'cmake_clean_cache' from command line to 'False'
[0.189s] Level 5:colcon.colcon_core.verb:set package 'move_robot_client' build argument 'cmake_clean_first' from command line to 'False'
[0.189s] Level 5:colcon.colcon_core.verb:set package 'move_robot_client' build argument 'cmake_force_configure' from command line to 'False'
[0.189s] Level 5:colcon.colcon_core.verb:set package 'move_robot_client' build argument 'ament_cmake_args' from command line to 'None'
[0.189s] Level 5:colcon.colcon_core.verb:set package 'move_robot_client' build argument 'catkin_cmake_args' from command line to 'None'
[0.189s] Level 5:colcon.colcon_core.verb:set package 'move_robot_client' build argument 'catkin_skip_building_tests' from command line to 'False'
[0.189s] DEBUG:colcon.colcon_core.verb:Building package 'move_robot_client' with the following arguments: {'ament_cmake_args': None, 'build_base': '/home/deep/robot_action_ws/build/move_robot_client', 'catkin_cmake_args': None, 'catkin_skip_building_tests': False, 'cmake_args': None, 'cmake_clean_cache': False, 'cmake_clean_first': False, 'cmake_force_configure': False, 'cmake_target': None, 'cmake_target_skip_unavailable': False, 'install_base': '/home/deep/robot_action_ws/install/move_robot_client', 'merge_install': False, 'path': '/home/deep/robot_action_ws/src/move_robot_client', 'symlink_install': False, 'test_result_base': None}
[0.189s] Level 5:colcon.colcon_core.verb:set package 'robot_core' build argument 'cmake_args' from command line to 'None'
[0.189s] Level 5:colcon.colcon_core.verb:set package 'robot_core' build argument 'cmake_target' from command line to 'None'
[0.189s] Level 5:colcon.colcon_core.verb:set package 'robot_core' build argument 'cmake_target_skip_unavailable' from command line to 'False'
[0.189s] Level 5:colcon.colcon_core.verb:set package 'robot_core' build argument 'cmake_clean_cache' from command line to 'False'
[0.190s] Level 5:colcon.colcon_core.verb:set package 'robot_core' build argument 'cmake_clean_first' from command line to 'False'
[0.190s] Level 5:colcon.colcon_core.verb:set package 'robot_core' build argument 'cmake_force_configure' from command line to 'False'
[0.190s] Level 5:colcon.colcon_core.verb:set package 'robot_core' build argument 'ament_cmake_args' from command line to 'None'
[0.190s] Level 5:colcon.colcon_core.verb:set package 'robot_core' build argument 'catkin_cmake_args' from command line to 'None'
[0.190s] Level 5:colcon.colcon_core.verb:set package 'robot_core' build argument 'catkin_skip_building_tests' from command line to 'False'
[0.190s] DEBUG:colcon.colcon_core.verb:Building package 'robot_core' with the following arguments: {'ament_cmake_args': None, 'build_base': '/home/deep/robot_action_ws/build/robot_core', 'catkin_cmake_args': None, 'catkin_skip_building_tests': False, 'cmake_args': None, 'cmake_clean_cache': False, 'cmake_clean_first': False, 'cmake_force_configure': False, 'cmake_target': None, 'cmake_target_skip_unavailable': False, 'install_base': '/home/deep/robot_action_ws/install/robot_core', 'merge_install': False, 'path': '/home/deep/robot_action_ws/src/robot_core', 'symlink_install': False, 'test_result_base': None}
[0.190s] INFO:colcon.colcon_core.executor:Executing jobs using 'parallel' executor
[0.191s] DEBUG:colcon.colcon_parallel_executor.executor.parallel:run_until_complete
[0.191s] INFO:colcon.colcon_ros.task.ament_cmake.build:Building ROS package in '/home/deep/robot_action_ws/src/robot_control_interfaces' with build type 'ament_cmake'
[0.191s] INFO:colcon.colcon_cmake.task.cmake.build:Building CMake package in '/home/deep/robot_action_ws/src/robot_control_interfaces'
[0.192s] INFO:colcon.colcon_core.plugin_system:Skipping extension 'colcon_core.shell.bat': Not used on non-Windows systems
[0.193s] INFO:colcon.colcon_core.shell:Skip shell extension 'powershell' for command environment: Not usable outside of PowerShell
[0.193s] DEBUG:colcon.colcon_core.shell:Skip shell extension 'dsv' for command environment
[0.202s] DEBUG:colcon.colcon_core.event_handler.log_command:Invoking command in '/home/deep/robot_action_ws/build/robot_control_interfaces': CMAKE_PREFIX_PATH=/opt/ros/iron /usr/bin/cmake --build /home/deep/robot_action_ws/build/robot_control_interfaces -- -j12 -l12
[0.401s] DEBUG:colcon.colcon_core.event_handler.log_command:Invoked command in '/home/deep/robot_action_ws/build/robot_control_interfaces' returned '0': CMAKE_PREFIX_PATH=/opt/ros/iron /usr/bin/cmake --build /home/deep/robot_action_ws/build/robot_control_interfaces -- -j12 -l12
[0.407s] DEBUG:colcon.colcon_core.event_handler.log_command:Invoking command in '/home/deep/robot_action_ws/build/robot_control_interfaces': CMAKE_PREFIX_PATH=/opt/ros/iron /usr/bin/cmake --install /home/deep/robot_action_ws/build/robot_control_interfaces
[0.439s] Level 1:colcon.colcon_core.environment:create_environment_scripts_only(robot_control_interfaces)
[0.439s] DEBUG:colcon.colcon_core.event_handler.log_command:Invoked command in '/home/deep/robot_action_ws/build/robot_control_interfaces' returned '0': CMAKE_PREFIX_PATH=/opt/ros/iron /usr/bin/cmake --install /home/deep/robot_action_ws/build/robot_control_interfaces
[0.440s] Level 1:colcon.colcon_core.environment:checking '/home/deep/robot_action_ws/install/robot_control_interfaces' for CMake module files
[0.441s] Level 1:colcon.colcon_core.environment:checking '/home/deep/robot_action_ws/install/robot_control_interfaces' for CMake config files
[0.441s] Level 1:colcon.colcon_core.shell:create_environment_hook('robot_control_interfaces', 'cmake_prefix_path')
[0.441s] INFO:colcon.colcon_core.shell:Creating environment hook '/home/deep/robot_action_ws/install/robot_control_interfaces/share/robot_control_interfaces/hook/cmake_prefix_path.ps1'
[0.441s] INFO:colcon.colcon_core.shell:Creating environment descriptor '/home/deep/robot_action_ws/install/robot_control_interfaces/share/robot_control_interfaces/hook/cmake_prefix_path.dsv'
[0.442s] INFO:colcon.colcon_core.shell:Creating environment hook '/home/deep/robot_action_ws/install/robot_control_interfaces/share/robot_control_interfaces/hook/cmake_prefix_path.sh'
[0.443s] Level 1:colcon.colcon_core.environment:checking '/home/deep/robot_action_ws/install/robot_control_interfaces/lib'
[0.443s] Level 1:colcon.colcon_core.shell:create_environment_hook('robot_control_interfaces', 'ld_library_path_lib')
[0.443s] INFO:colcon.colcon_core.shell:Creating environment hook '/home/deep/robot_action_ws/install/robot_control_interfaces/share/robot_control_interfaces/hook/ld_library_path_lib.ps1'
[0.443s] INFO:colcon.colcon_core.shell:Creating environment descriptor '/home/deep/robot_action_ws/install/robot_control_interfaces/share/robot_control_interfaces/hook/ld_library_path_lib.dsv'
[0.444s] INFO:colcon.colcon_core.shell:Creating environment hook '/home/deep/robot_action_ws/install/robot_control_interfaces/share/robot_control_interfaces/hook/ld_library_path_lib.sh'
[0.444s] Level 1:colcon.colcon_core.environment:checking '/home/deep/robot_action_ws/install/robot_control_interfaces/bin'
[0.444s] Level 1:colcon.colcon_core.environment:checking '/home/deep/robot_action_ws/install/robot_control_interfaces/lib/pkgconfig/robot_control_interfaces.pc'
[0.444s] Level 1:colcon.colcon_core.environment:checking '/home/deep/robot_action_ws/install/robot_control_interfaces/lib/python3.10/site-packages'
[0.444s] Level 1:colcon.colcon_core.shell:create_environment_hook('robot_control_interfaces', 'pythonpath')
[0.444s] INFO:colcon.colcon_core.shell:Creating environment hook '/home/deep/robot_action_ws/install/robot_control_interfaces/share/robot_control_interfaces/hook/pythonpath.ps1'
[0.445s] INFO:colcon.colcon_core.shell:Creating environment descriptor '/home/deep/robot_action_ws/install/robot_control_interfaces/share/robot_control_interfaces/hook/pythonpath.dsv'
[0.445s] INFO:colcon.colcon_core.shell:Creating environment hook '/home/deep/robot_action_ws/install/robot_control_interfaces/share/robot_control_interfaces/hook/pythonpath.sh'
[0.445s] Level 1:colcon.colcon_core.environment:checking '/home/deep/robot_action_ws/install/robot_control_interfaces/bin'
[0.446s] INFO:colcon.colcon_core.shell:Creating package script '/home/deep/robot_action_ws/install/robot_control_interfaces/share/robot_control_interfaces/package.ps1'
[0.446s] INFO:colcon.colcon_core.shell:Creating package descriptor '/home/deep/robot_action_ws/install/robot_control_interfaces/share/robot_control_interfaces/package.dsv'
[0.446s] INFO:colcon.colcon_core.shell:Creating package script '/home/deep/robot_action_ws/install/robot_control_interfaces/share/robot_control_interfaces/package.sh'
[0.447s] INFO:colcon.colcon_core.shell:Creating package script '/home/deep/robot_action_ws/install/robot_control_interfaces/share/robot_control_interfaces/package.bash'
[0.447s] INFO:colcon.colcon_core.shell:Creating package script '/home/deep/robot_action_ws/install/robot_control_interfaces/share/robot_control_interfaces/package.zsh'
[0.448s] Level 1:colcon.colcon_core.environment:create_file_with_runtime_dependencies(/home/deep/robot_action_ws/install/robot_control_interfaces/share/colcon-core/packages/robot_control_interfaces)
[0.448s] Level 1:colcon.colcon_core.environment:create_environment_scripts_only(robot_control_interfaces)
[0.449s] Level 1:colcon.colcon_core.environment:checking '/home/deep/robot_action_ws/install/robot_control_interfaces' for CMake module files
[0.449s] Level 1:colcon.colcon_core.environment:checking '/home/deep/robot_action_ws/install/robot_control_interfaces' for CMake config files
[0.449s] Level 1:colcon.colcon_core.shell:create_environment_hook('robot_control_interfaces', 'cmake_prefix_path')
[0.449s] INFO:colcon.colcon_core.shell:Creating environment hook '/home/deep/robot_action_ws/install/robot_control_interfaces/share/robot_control_interfaces/hook/cmake_prefix_path.ps1'
[0.450s] INFO:colcon.colcon_core.shell:Creating environment descriptor '/home/deep/robot_action_ws/install/robot_control_interfaces/share/robot_control_interfaces/hook/cmake_prefix_path.dsv'
[0.450s] INFO:colcon.colcon_core.shell:Creating environment hook '/home/deep/robot_action_ws/install/robot_control_interfaces/share/robot_control_interfaces/hook/cmake_prefix_path.sh'
[0.451s] Level 1:colcon.colcon_core.environment:checking '/home/deep/robot_action_ws/install/robot_control_interfaces/lib'
[0.451s] Level 1:colcon.colcon_core.shell:create_environment_hook('robot_control_interfaces', 'ld_library_path_lib')
[0.451s] INFO:colcon.colcon_core.shell:Creating environment hook '/home/deep/robot_action_ws/install/robot_control_interfaces/share/robot_control_interfaces/hook/ld_library_path_lib.ps1'
[0.451s] INFO:colcon.colcon_core.shell:Creating environment descriptor '/home/deep/robot_action_ws/install/robot_control_interfaces/share/robot_control_interfaces/hook/ld_library_path_lib.dsv'
[0.452s] INFO:colcon.colcon_core.shell:Creating environment hook '/home/deep/robot_action_ws/install/robot_control_interfaces/share/robot_control_interfaces/hook/ld_library_path_lib.sh'
[0.452s] Level 1:colcon.colcon_core.environment:checking '/home/deep/robot_action_ws/install/robot_control_interfaces/bin'
[0.452s] Level 1:colcon.colcon_core.environment:checking '/home/deep/robot_action_ws/install/robot_control_interfaces/lib/pkgconfig/robot_control_interfaces.pc'
[0.452s] Level 1:colcon.colcon_core.environment:checking '/home/deep/robot_action_ws/install/robot_control_interfaces/lib/python3.10/site-packages'
[0.452s] Level 1:colcon.colcon_core.shell:create_environment_hook('robot_control_interfaces', 'pythonpath')
[0.452s] INFO:colcon.colcon_core.shell:Creating environment hook '/home/deep/robot_action_ws/install/robot_control_interfaces/share/robot_control_interfaces/hook/pythonpath.ps1'
[0.453s] INFO:colcon.colcon_core.shell:Creating environment descriptor '/home/deep/robot_action_ws/install/robot_control_interfaces/share/robot_control_interfaces/hook/pythonpath.dsv'
[0.453s] INFO:colcon.colcon_core.shell:Creating environment hook '/home/deep/robot_action_ws/install/robot_control_interfaces/share/robot_control_interfaces/hook/pythonpath.sh'
[0.454s] Level 1:colcon.colcon_core.environment:checking '/home/deep/robot_action_ws/install/robot_control_interfaces/bin'
[0.454s] INFO:colcon.colcon_core.shell:Creating package script '/home/deep/robot_action_ws/install/robot_control_interfaces/share/robot_control_interfaces/package.ps1'
[0.455s] INFO:colcon.colcon_core.shell:Creating package descriptor '/home/deep/robot_action_ws/install/robot_control_interfaces/share/robot_control_interfaces/package.dsv'
[0.455s] INFO:colcon.colcon_core.shell:Creating package script '/home/deep/robot_action_ws/install/robot_control_interfaces/share/robot_control_interfaces/package.sh'
[0.455s] INFO:colcon.colcon_core.shell:Creating package script '/home/deep/robot_action_ws/install/robot_control_interfaces/share/robot_control_interfaces/package.bash'
[0.456s] INFO:colcon.colcon_core.shell:Creating package script '/home/deep/robot_action_ws/install/robot_control_interfaces/share/robot_control_interfaces/package.zsh'
[0.456s] Level 1:colcon.colcon_core.environment:create_file_with_runtime_dependencies(/home/deep/robot_action_ws/install/robot_control_interfaces/share/colcon-core/packages/robot_control_interfaces)
[0.457s] INFO:colcon.colcon_ros.task.ament_cmake.build:Building ROS package in '/home/deep/robot_action_ws/src/move_robot_client' with build type 'ament_cmake'
[0.457s] INFO:colcon.colcon_cmake.task.cmake.build:Building CMake package in '/home/deep/robot_action_ws/src/move_robot_client'
[0.457s] INFO:colcon.colcon_core.shell:Skip shell extension 'powershell' for command environment: Not usable outside of PowerShell
[0.457s] DEBUG:colcon.colcon_core.shell:Skip shell extension 'dsv' for command environment
[0.459s] INFO:colcon.colcon_ros.task.ament_cmake.build:Building ROS package in '/home/deep/robot_action_ws/src/robot_core' with build type 'ament_cmake'
[0.459s] INFO:colcon.colcon_cmake.task.cmake.build:Building CMake package in '/home/deep/robot_action_ws/src/robot_core'
[0.459s] INFO:colcon.colcon_core.shell:Skip shell extension 'powershell' for command environment: Not usable outside of PowerShell
[0.459s] DEBUG:colcon.colcon_core.shell:Skip shell extension 'dsv' for command environment
[0.467s] DEBUG:colcon.colcon_core.event_handler.log_command:Invoking command in '/home/deep/robot_action_ws/build/move_robot_client': AMENT_PREFIX_PATH=/home/deep/robot_action_ws/install/robot_control_interfaces:${AMENT_PREFIX_PATH} CMAKE_PREFIX_PATH=/home/deep/robot_action_ws/install/robot_control_interfaces:/opt/ros/iron LD_LIBRARY_PATH=/home/deep/robot_action_ws/install/robot_control_interfaces/lib:${LD_LIBRARY_PATH} PYTHONPATH=/home/deep/robot_action_ws/install/robot_control_interfaces/lib/python3.10/site-packages:${PYTHONPATH} /usr/bin/cmake --build /home/deep/robot_action_ws/build/move_robot_client -- -j12 -l12
[0.470s] DEBUG:colcon.colcon_core.event_handler.log_command:Invoking command in '/home/deep/robot_action_ws/build/robot_core': AMENT_PREFIX_PATH=/home/deep/robot_action_ws/install/robot_control_interfaces:${AMENT_PREFIX_PATH} CMAKE_PREFIX_PATH=/home/deep/robot_action_ws/install/robot_control_interfaces:/opt/ros/iron LD_LIBRARY_PATH=/home/deep/robot_action_ws/install/robot_control_interfaces/lib:${LD_LIBRARY_PATH} PYTHONPATH=/home/deep/robot_action_ws/install/robot_control_interfaces/lib/python3.10/site-packages:${PYTHONPATH} /usr/bin/cmake --build /home/deep/robot_action_ws/build/robot_core -- -j12 -l12
[0.510s] DEBUG:colcon.colcon_core.event_handler.log_command:Invoked command in '/home/deep/robot_action_ws/build/robot_core' returned '0': AMENT_PREFIX_PATH=/home/deep/robot_action_ws/install/robot_control_interfaces:${AMENT_PREFIX_PATH} CMAKE_PREFIX_PATH=/home/deep/robot_action_ws/install/robot_control_interfaces:/opt/ros/iron LD_LIBRARY_PATH=/home/deep/robot_action_ws/install/robot_control_interfaces/lib:${LD_LIBRARY_PATH} PYTHONPATH=/home/deep/robot_action_ws/install/robot_control_interfaces/lib/python3.10/site-packages:${PYTHONPATH} /usr/bin/cmake --build /home/deep/robot_action_ws/build/robot_core -- -j12 -l12
[0.511s] DEBUG:colcon.colcon_core.event_handler.log_command:Invoking command in '/home/deep/robot_action_ws/build/robot_core': AMENT_PREFIX_PATH=/home/deep/robot_action_ws/install/robot_control_interfaces:${AMENT_PREFIX_PATH} CMAKE_PREFIX_PATH=/home/deep/robot_action_ws/install/robot_control_interfaces:/opt/ros/iron LD_LIBRARY_PATH=/home/deep/robot_action_ws/install/robot_control_interfaces/lib:${LD_LIBRARY_PATH} PYTHONPATH=/home/deep/robot_action_ws/install/robot_control_interfaces/lib/python3.10/site-packages:${PYTHONPATH} /usr/bin/cmake --install /home/deep/robot_action_ws/build/robot_core
[0.517s] Level 1:colcon.colcon_core.environment:create_environment_scripts_only(robot_core)
[0.517s] Level 1:colcon.colcon_core.environment:checking '/home/deep/robot_action_ws/install/robot_core' for CMake module files
[0.518s] DEBUG:colcon.colcon_core.event_handler.log_command:Invoked command in '/home/deep/robot_action_ws/build/robot_core' returned '0': AMENT_PREFIX_PATH=/home/deep/robot_action_ws/install/robot_control_interfaces:${AMENT_PREFIX_PATH} CMAKE_PREFIX_PATH=/home/deep/robot_action_ws/install/robot_control_interfaces:/opt/ros/iron LD_LIBRARY_PATH=/home/deep/robot_action_ws/install/robot_control_interfaces/lib:${LD_LIBRARY_PATH} PYTHONPATH=/home/deep/robot_action_ws/install/robot_control_interfaces/lib/python3.10/site-packages:${PYTHONPATH} /usr/bin/cmake --install /home/deep/robot_action_ws/build/robot_core
[0.518s] Level 1:colcon.colcon_core.environment:checking '/home/deep/robot_action_ws/install/robot_core' for CMake config files
[0.518s] Level 1:colcon.colcon_core.shell:create_environment_hook('robot_core', 'cmake_prefix_path')
[0.518s] INFO:colcon.colcon_core.shell:Creating environment hook '/home/deep/robot_action_ws/install/robot_core/share/robot_core/hook/cmake_prefix_path.ps1'
[0.519s] INFO:colcon.colcon_core.shell:Creating environment descriptor '/home/deep/robot_action_ws/install/robot_core/share/robot_core/hook/cmake_prefix_path.dsv'
[0.519s] INFO:colcon.colcon_core.shell:Creating environment hook '/home/deep/robot_action_ws/install/robot_core/share/robot_core/hook/cmake_prefix_path.sh'
[0.520s] Level 1:colcon.colcon_core.environment:checking '/home/deep/robot_action_ws/install/robot_core/lib'
[0.520s] Level 1:colcon.colcon_core.environment:checking '/home/deep/robot_action_ws/install/robot_core/bin'
[0.520s] Level 1:colcon.colcon_core.environment:checking '/home/deep/robot_action_ws/install/robot_core/lib/pkgconfig/robot_core.pc'
[0.520s] Level 1:colcon.colcon_core.environment:checking '/home/deep/robot_action_ws/install/robot_core/lib/python3.10/site-packages'
[0.520s] Level 1:colcon.colcon_core.environment:checking '/home/deep/robot_action_ws/install/robot_core/bin'
[0.520s] INFO:colcon.colcon_core.shell:Creating package script '/home/deep/robot_action_ws/install/robot_core/share/robot_core/package.ps1'
[0.520s] INFO:colcon.colcon_core.shell:Creating package descriptor '/home/deep/robot_action_ws/install/robot_core/share/robot_core/package.dsv'
[0.521s] INFO:colcon.colcon_core.shell:Creating package script '/home/deep/robot_action_ws/install/robot_core/share/robot_core/package.sh'
[0.521s] INFO:colcon.colcon_core.shell:Creating package script '/home/deep/robot_action_ws/install/robot_core/share/robot_core/package.bash'
[0.522s] INFO:colcon.colcon_core.shell:Creating package script '/home/deep/robot_action_ws/install/robot_core/share/robot_core/package.zsh'
[0.522s] Level 1:colcon.colcon_core.environment:create_file_with_runtime_dependencies(/home/deep/robot_action_ws/install/robot_core/share/colcon-core/packages/robot_core)
[0.522s] Level 1:colcon.colcon_core.environment:create_environment_scripts_only(robot_core)
[0.523s] Level 1:colcon.colcon_core.environment:checking '/home/deep/robot_action_ws/install/robot_core' for CMake module files
[0.523s] Level 1:colcon.colcon_core.environment:checking '/home/deep/robot_action_ws/install/robot_core' for CMake config files
[0.523s] Level 1:colcon.colcon_core.shell:create_environment_hook('robot_core', 'cmake_prefix_path')
[0.523s] INFO:colcon.colcon_core.shell:Creating environment hook '/home/deep/robot_action_ws/install/robot_core/share/robot_core/hook/cmake_prefix_path.ps1'
[0.523s] INFO:colcon.colcon_core.shell:Creating environment descriptor '/home/deep/robot_action_ws/install/robot_core/share/robot_core/hook/cmake_prefix_path.dsv'
[0.524s] INFO:colcon.colcon_core.shell:Creating environment hook '/home/deep/robot_action_ws/install/robot_core/share/robot_core/hook/cmake_prefix_path.sh'
[0.524s] Level 1:colcon.colcon_core.environment:checking '/home/deep/robot_action_ws/install/robot_core/lib'
[0.524s] Level 1:colcon.colcon_core.environment:checking '/home/deep/robot_action_ws/install/robot_core/bin'
[0.524s] Level 1:colcon.colcon_core.environment:checking '/home/deep/robot_action_ws/install/robot_core/lib/pkgconfig/robot_core.pc'
[0.524s] Level 1:colcon.colcon_core.environment:checking '/home/deep/robot_action_ws/install/robot_core/lib/python3.10/site-packages'
[0.524s] Level 1:colcon.colcon_core.environment:checking '/home/deep/robot_action_ws/install/robot_core/bin'
[0.524s] INFO:colcon.colcon_core.shell:Creating package script '/home/deep/robot_action_ws/install/robot_core/share/robot_core/package.ps1'
[0.525s] INFO:colcon.colcon_core.shell:Creating package descriptor '/home/deep/robot_action_ws/install/robot_core/share/robot_core/package.dsv'
[0.525s] INFO:colcon.colcon_core.shell:Creating package script '/home/deep/robot_action_ws/install/robot_core/share/robot_core/package.sh'
[0.526s] INFO:colcon.colcon_core.shell:Creating package script '/home/deep/robot_action_ws/install/robot_core/share/robot_core/package.bash'
[0.526s] INFO:colcon.colcon_core.shell:Creating package script '/home/deep/robot_action_ws/install/robot_core/share/robot_core/package.zsh'
[0.526s] Level 1:colcon.colcon_core.environment:create_file_with_runtime_dependencies(/home/deep/robot_action_ws/install/robot_core/share/colcon-core/packages/robot_core)
[3.358s] DEBUG:colcon.colcon_core.event_handler.log_command:Invoked command in '/home/deep/robot_action_ws/build/move_robot_client' returned '0': AMENT_PREFIX_PATH=/home/deep/robot_action_ws/install/robot_control_interfaces:${AMENT_PREFIX_PATH} CMAKE_PREFIX_PATH=/home/deep/robot_action_ws/install/robot_control_interfaces:/opt/ros/iron LD_LIBRARY_PATH=/home/deep/robot_action_ws/install/robot_control_interfaces/lib:${LD_LIBRARY_PATH} PYTHONPATH=/home/deep/robot_action_ws/install/robot_control_interfaces/lib/python3.10/site-packages:${PYTHONPATH} /usr/bin/cmake --build /home/deep/robot_action_ws/build/move_robot_client -- -j12 -l12
[3.360s] DEBUG:colcon.colcon_core.event_handler.log_command:Invoking command in '/home/deep/robot_action_ws/build/move_robot_client': AMENT_PREFIX_PATH=/home/deep/robot_action_ws/install/robot_control_interfaces:${AMENT_PREFIX_PATH} CMAKE_PREFIX_PATH=/home/deep/robot_action_ws/install/robot_control_interfaces:/opt/ros/iron LD_LIBRARY_PATH=/home/deep/robot_action_ws/install/robot_control_interfaces/lib:${LD_LIBRARY_PATH} PYTHONPATH=/home/deep/robot_action_ws/install/robot_control_interfaces/lib/python3.10/site-packages:${PYTHONPATH} /usr/bin/cmake --install /home/deep/robot_action_ws/build/move_robot_client
[3.368s] Level 1:colcon.colcon_core.environment:create_environment_scripts_only(move_robot_client)
[3.368s] Level 1:colcon.colcon_core.environment:checking '/home/deep/robot_action_ws/install/move_robot_client' for CMake module files
[3.369s] DEBUG:colcon.colcon_core.event_handler.log_command:Invoked command in '/home/deep/robot_action_ws/build/move_robot_client' returned '0': AMENT_PREFIX_PATH=/home/deep/robot_action_ws/install/robot_control_interfaces:${AMENT_PREFIX_PATH} CMAKE_PREFIX_PATH=/home/deep/robot_action_ws/install/robot_control_interfaces:/opt/ros/iron LD_LIBRARY_PATH=/home/deep/robot_action_ws/install/robot_control_interfaces/lib:${LD_LIBRARY_PATH} PYTHONPATH=/home/deep/robot_action_ws/install/robot_control_interfaces/lib/python3.10/site-packages:${PYTHONPATH} /usr/bin/cmake --install /home/deep/robot_action_ws/build/move_robot_client
[3.369s] Level 1:colcon.colcon_core.environment:checking '/home/deep/robot_action_ws/install/move_robot_client' for CMake config files
[3.369s] Level 1:colcon.colcon_core.shell:create_environment_hook('move_robot_client', 'cmake_prefix_path')
[3.369s] INFO:colcon.colcon_core.shell:Creating environment hook '/home/deep/robot_action_ws/install/move_robot_client/share/move_robot_client/hook/cmake_prefix_path.ps1'
[3.370s] INFO:colcon.colcon_core.shell:Creating environment descriptor '/home/deep/robot_action_ws/install/move_robot_client/share/move_robot_client/hook/cmake_prefix_path.dsv'
[3.370s] INFO:colcon.colcon_core.shell:Creating environment hook '/home/deep/robot_action_ws/install/move_robot_client/share/move_robot_client/hook/cmake_prefix_path.sh'
[3.370s] Level 1:colcon.colcon_core.environment:checking '/home/deep/robot_action_ws/install/move_robot_client/lib'
[3.370s] Level 1:colcon.colcon_core.environment:checking '/home/deep/robot_action_ws/install/move_robot_client/bin'
[3.370s] Level 1:colcon.colcon_core.environment:checking '/home/deep/robot_action_ws/install/move_robot_client/lib/pkgconfig/move_robot_client.pc'
[3.370s] Level 1:colcon.colcon_core.environment:checking '/home/deep/robot_action_ws/install/move_robot_client/lib/python3.10/site-packages'
[3.370s] Level 1:colcon.colcon_core.environment:checking '/home/deep/robot_action_ws/install/move_robot_client/bin'
[3.371s] INFO:colcon.colcon_core.shell:Creating package script '/home/deep/robot_action_ws/install/move_robot_client/share/move_robot_client/package.ps1'
[3.371s] INFO:colcon.colcon_core.shell:Creating package descriptor '/home/deep/robot_action_ws/install/move_robot_client/share/move_robot_client/package.dsv'
[3.371s] INFO:colcon.colcon_core.shell:Creating package script '/home/deep/robot_action_ws/install/move_robot_client/share/move_robot_client/package.sh'
[3.372s] INFO:colcon.colcon_core.shell:Creating package script '/home/deep/robot_action_ws/install/move_robot_client/share/move_robot_client/package.bash'
[3.372s] INFO:colcon.colcon_core.shell:Creating package script '/home/deep/robot_action_ws/install/move_robot_client/share/move_robot_client/package.zsh'
[3.373s] Level 1:colcon.colcon_core.environment:create_file_with_runtime_dependencies(/home/deep/robot_action_ws/install/move_robot_client/share/colcon-core/packages/move_robot_client)
[3.373s] Level 1:colcon.colcon_core.environment:create_environment_scripts_only(move_robot_client)
[3.373s] Level 1:colcon.colcon_core.environment:checking '/home/deep/robot_action_ws/install/move_robot_client' for CMake module files
[3.373s] Level 1:colcon.colcon_core.environment:checking '/home/deep/robot_action_ws/install/move_robot_client' for CMake config files
[3.374s] Level 1:colcon.colcon_core.shell:create_environment_hook('move_robot_client', 'cmake_prefix_path')
[3.374s] INFO:colcon.colcon_core.shell:Creating environment hook '/home/deep/robot_action_ws/install/move_robot_client/share/move_robot_client/hook/cmake_prefix_path.ps1'
[3.374s] INFO:colcon.colcon_core.shell:Creating environment descriptor '/home/deep/robot_action_ws/install/move_robot_client/share/move_robot_client/hook/cmake_prefix_path.dsv'
[3.374s] INFO:colcon.colcon_core.shell:Creating environment hook '/home/deep/robot_action_ws/install/move_robot_client/share/move_robot_client/hook/cmake_prefix_path.sh'
[3.375s] Level 1:colcon.colcon_core.environment:checking '/home/deep/robot_action_ws/install/move_robot_client/lib'
[3.375s] Level 1:colcon.colcon_core.environment:checking '/home/deep/robot_action_ws/install/move_robot_client/bin'
[3.375s] Level 1:colcon.colcon_core.environment:checking '/home/deep/robot_action_ws/install/move_robot_client/lib/pkgconfig/move_robot_client.pc'
[3.375s] Level 1:colcon.colcon_core.environment:checking '/home/deep/robot_action_ws/install/move_robot_client/lib/python3.10/site-packages'
[3.375s] Level 1:colcon.colcon_core.environment:checking '/home/deep/robot_action_ws/install/move_robot_client/bin'
[3.376s] INFO:colcon.colcon_core.shell:Creating package script '/home/deep/robot_action_ws/install/move_robot_client/share/move_robot_client/package.ps1'
[3.376s] INFO:colcon.colcon_core.shell:Creating package descriptor '/home/deep/robot_action_ws/install/move_robot_client/share/move_robot_client/package.dsv'
[3.376s] INFO:colcon.colcon_core.shell:Creating package script '/home/deep/robot_action_ws/install/move_robot_client/share/move_robot_client/package.sh'
[3.377s] INFO:colcon.colcon_core.shell:Creating package script '/home/deep/robot_action_ws/install/move_robot_client/share/move_robot_client/package.bash'
[3.377s] INFO:colcon.colcon_core.shell:Creating package script '/home/deep/robot_action_ws/install/move_robot_client/share/move_robot_client/package.zsh'
[3.378s] Level 1:colcon.colcon_core.environment:create_file_with_runtime_dependencies(/home/deep/robot_action_ws/install/move_robot_client/share/colcon-core/packages/move_robot_client)
[3.378s] DEBUG:colcon.colcon_parallel_executor.executor.parallel:closing loop
[3.378s] DEBUG:colcon.colcon_parallel_executor.executor.parallel:loop closed
[3.378s] DEBUG:colcon.colcon_parallel_executor.executor.parallel:run_until_complete finished with '0'
[3.378s] DEBUG:colcon.colcon_core.event_reactor:joining thread
[3.382s] INFO:colcon.colcon_core.plugin_system:Skipping extension 'colcon_notification.desktop_notification.terminal_notifier': Not used on non-Darwin systems
[3.382s] INFO:colcon.colcon_core.plugin_system:Skipping extension 'colcon_notification.desktop_notification.win32': Not used on non-Windows systems
[3.382s] INFO:colcon.colcon_notification.desktop_notification:Sending desktop notification using 'notify2'
[3.392s] DEBUG:colcon.colcon_core.event_reactor:joined thread
[3.393s] INFO:colcon.colcon_core.shell:Creating prefix script '/home/deep/robot_action_ws/install/local_setup.ps1'
[3.393s] INFO:colcon.colcon_core.shell:Creating prefix util module '/home/deep/robot_action_ws/install/_local_setup_util_ps1.py'
[3.394s] INFO:colcon.colcon_core.shell:Creating prefix chain script '/home/deep/robot_action_ws/install/setup.ps1'
[3.395s] INFO:colcon.colcon_core.shell:Creating prefix script '/home/deep/robot_action_ws/install/local_setup.sh'
[3.395s] INFO:colcon.colcon_core.shell:Creating prefix util module '/home/deep/robot_action_ws/install/_local_setup_util_sh.py'
[3.396s] INFO:colcon.colcon_core.shell:Creating prefix chain script '/home/deep/robot_action_ws/install/setup.sh'
[3.397s] INFO:colcon.colcon_core.shell:Creating prefix script '/home/deep/robot_action_ws/install/local_setup.bash'
[3.397s] INFO:colcon.colcon_core.shell:Creating prefix chain script '/home/deep/robot_action_ws/install/setup.bash'
[3.397s] INFO:colcon.colcon_core.shell:Creating prefix script '/home/deep/robot_action_ws/install/local_setup.zsh'
[3.398s] INFO:colcon.colcon_core.shell:Creating prefix chain script '/home/deep/robot_action_ws/install/setup.zsh'
