[0.008s] Invoking command in '/home/deep/robot_action_ws/build/robot_core': AMENT_PREFIX_PATH=/home/deep/robot_action_ws/install/robot_control_interfaces:${AMENT_PREFIX_PATH} CMAKE_PREFIX_PATH=/home/deep/robot_action_ws/install/robot_control_interfaces:/opt/ros/iron LD_LIBRARY_PATH=/home/deep/robot_action_ws/install/robot_control_interfaces/lib:${LD_LIBRARY_PATH} PYTHONPATH=/home/deep/robot_action_ws/install/robot_control_interfaces/lib/python3.10/site-packages:${PYTHONPATH} /usr/bin/cmake --build /home/deep/robot_action_ws/build/robot_core -- -j12 -l12
[0.024s] -- Found ament_cmake: 2.0.7 (/opt/ros/iron/share/ament_cmake/cmake)
[0.105s] -- Found rclcpp: 21.0.8 (/opt/ros/iron/share/rclcpp/cmake)
[0.118s] -- Found rosidl_generator_c: 4.0.1 (/opt/ros/iron/share/rosidl_generator_c/cmake)
[0.122s] -- Found rosidl_generator_cpp: 4.0.1 (/opt/ros/iron/share/rosidl_generator_cpp/cmake)
[0.128s] -- Using all available rosidl_typesupport_c: rosidl_typesupport_fastrtps_c;rosidl_typesupport_introspection_c
[0.136s] -- Using all available rosidl_typesupport_cpp: rosidl_typesupport_fastrtps_cpp;rosidl_typesupport_introspection_cpp
[0.211s] -- Found rmw_implementation_cmake: 7.1.0 (/opt/ros/iron/share/rmw_implementation_cmake/cmake)
[0.212s] -- Found rmw_fastrtps_cpp: 7.1.4 (/opt/ros/iron/share/rmw_fastrtps_cpp/cmake)
[0.272s] -- Using RMW implementation 'rmw_fastrtps_cpp' as default
[0.353s] -- Found rclcpp_action: 21.0.8 (/opt/ros/iron/share/rclcpp_action/cmake)
[0.413s] -- Found robot_control_interfaces: 0.0.0 (/home/deep/robot_action_ws/install/robot_control_interfaces/share/robot_control_interfaces/cmake)
[0.453s] -- Found ament_lint_auto: 0.14.4 (/opt/ros/iron/share/ament_lint_auto/cmake)
[0.489s] -- Added test 'cppcheck' to perform static code analysis on C / C++ code
[0.489s] -- Configured cppcheck include dirs: 
[0.489s] -- Configured cppcheck exclude dirs and/or files: 
[0.489s] -- Added test 'lint_cmake' to check CMake code style
[0.489s] -- Added test 'uncrustify' to check C / C++ code style
[0.490s] -- Configured uncrustify additional arguments: 
[0.490s] -- Added test 'xmllint' to check XML markup files
[0.490s] -- Configuring done
[0.497s] -- Generating done
[0.500s] -- Build files have been written to: /home/deep/robot_action_ws/build/robot_core
[0.519s] [35m[1mConsolidate compiler generated dependencies of target robot_core[0m
[0.530s] [ 50%] [32m[1mLinking CXX executable robot_core[0m
[0.622s] /usr/bin/ld: CMakeFiles/robot_core.dir/src/robot_core.cpp.o: in function `MoveRobotActionServer::MoveRobotActionServer()':
[0.622s] robot_core.cpp:(.text._ZN21MoveRobotActionServerC2Ev[_ZN21MoveRobotActionServerC5Ev]+0x372): undefined reference to `redisConnect'
[0.622s] /usr/bin/ld: CMakeFiles/robot_core.dir/src/robot_core.cpp.o: in function `MoveRobotActionServer::~MoveRobotActionServer()':
[0.622s] robot_core.cpp:(.text._ZN21MoveRobotActionServerD2Ev[_ZN21MoveRobotActionServerD5Ev]+0x3d): undefined reference to `redisFree'
[0.622s] /usr/bin/ld: CMakeFiles/robot_core.dir/src/robot_core.cpp.o: in function `MoveRobotActionServer::execute(std::shared_ptr<rclcpp_action::ServerGoalHandle<robot_control_interfaces::action::MoveRobot> >)':
[0.622s] robot_core.cpp:(.text._ZN21MoveRobotActionServer7executeESt10shared_ptrIN13rclcpp_action16ServerGoalHandleIN24robot_control_interfaces6action9MoveRobotEEEE[_ZN21MoveRobotActionServer7executeESt10shared_ptrIN13rclcpp_action16ServerGoalHandleIN24robot_control_interfaces6action9MoveRobotEEEE]+0x28c): undefined reference to `redisCommand'
[0.622s] /usr/bin/ld: robot_core.cpp:(.text._ZN21MoveRobotActionServer7executeESt10shared_ptrIN13rclcpp_action16ServerGoalHandleIN24robot_control_interfaces6action9MoveRobotEEEE[_ZN21MoveRobotActionServer7executeESt10shared_ptrIN13rclcpp_action16ServerGoalHandleIN24robot_control_interfaces6action9MoveRobotEEEE]+0x896): undefined reference to `freeReplyObject'
[0.622s] /usr/bin/ld: robot_core.cpp:(.text._ZN21MoveRobotActionServer7executeESt10shared_ptrIN13rclcpp_action16ServerGoalHandleIN24robot_control_interfaces6action9MoveRobotEEEE[_ZN21MoveRobotActionServer7executeESt10shared_ptrIN13rclcpp_action16ServerGoalHandleIN24robot_control_interfaces6action9MoveRobotEEEE]+0x8f9): undefined reference to `freeReplyObject'
[0.630s] collect2: error: ld returned 1 exit status
[0.631s] gmake[2]: *** [CMakeFiles/robot_core.dir/build.make:192：robot_core] 错误 1
[0.631s] gmake[1]: *** [CMakeFiles/Makefile2:137：CMakeFiles/robot_core.dir/all] 错误 2
[0.631s] gmake: *** [Makefile:146：all] 错误 2
[0.633s] Invoked command in '/home/deep/robot_action_ws/build/robot_core' returned '2': AMENT_PREFIX_PATH=/home/deep/robot_action_ws/install/robot_control_interfaces:${AMENT_PREFIX_PATH} CMAKE_PREFIX_PATH=/home/deep/robot_action_ws/install/robot_control_interfaces:/opt/ros/iron LD_LIBRARY_PATH=/home/deep/robot_action_ws/install/robot_control_interfaces/lib:${LD_LIBRARY_PATH} PYTHONPATH=/home/deep/robot_action_ws/install/robot_control_interfaces/lib/python3.10/site-packages:${PYTHONPATH} /usr/bin/cmake --build /home/deep/robot_action_ws/build/robot_core -- -j12 -l12
