[01m[K/home/deep/robot_action_ws/src/move_robot_client/src/move_robot_action_client.cpp:[m[K In member function ‘[01m[Kvoid MoveRobotActionClient::send_goal(const string&, int32_t, int32_t, float, int32_t, int32_t)[m[K’:
[01m[K/home/deep/robot_action_ws/src/move_robot_client/src/move_robot_action_client.cpp:44:98:[m[K [01;31m[Kerror: [m[Kno match for ‘[01m[Koperator=[m[K’ (operand types are ‘[01m[Krclcpp_action::Client<robot_control_interfaces::action::MoveRobot>::GoalResponseCallback[m[K’ {aka ‘[01m[Kstd::function<void(std::shared_ptr<rclcpp_action::ClientGoalHandle<robot_control_interfaces::action::MoveRobot> >)>[m[K’} and ‘[01m[Kstd::_Bind_helper<false, void (MoveRobotActionClient::*)(std::shared_future<std::shared_ptr<rclcpp_action::ClientGoalHandle<robot_control_interfaces::action::MoveRobot> > >), MoveRobotActionClient*, const std::_Placeholder<1>&>::type[m[K’)
   44 | tionClient::goal_response_callback, this, std::placeholders::_1[01;31m[K)[m[K;
      |                                                                [01;31m[K^[m[K

In file included from [01m[K/usr/include/c++/11/future:47[m[K,
                 from [01m[K/opt/ros/iron/include/rclcpp/rclcpp/executors.hpp:18[m[K,
                 from [01m[K/opt/ros/iron/include/rclcpp/rclcpp/rclcpp.hpp:167[m[K,
                 from [01m[K/home/deep/robot_action_ws/src/move_robot_client/src/move_robot_action_client.cpp:6[m[K:
[01m[K/usr/include/c++/11/bits/std_function.h:530:9:[m[K [01;36m[Knote: [m[Kcandidate: ‘[01m[Ktemplate<class _Functor> std::function<_Res(_ArgTypes ...)>::_Requires<std::function<_Res(_ArgTypes ...)>::_Callable<_Functor>, std::function<_Res(_ArgTypes ...)>&> std::function<_Res(_ArgTypes ...)>::operator=(_Functor&&) [with _Functor = _Functor; _Res = void; _ArgTypes = {std::shared_ptr<rclcpp_action::ClientGoalHandle<robot_control_interfaces::action::MoveRobot> >}][m[K’
  530 |         [01;36m[Koperator[m[K=(_Functor&& __f)
      |         [01;36m[K^~~~~~~~[m[K
[01m[K/usr/include/c++/11/bits/std_function.h:530:9:[m[K [01;36m[Knote: [m[K  template argument deduction/substitution failed:
In file included from [01m[K/usr/include/c++/11/ratio:39[m[K,
                 from [01m[K/usr/include/c++/11/chrono:39[m[K,
                 from [01m[K/home/deep/robot_action_ws/src/move_robot_client/src/move_robot_action_client.cpp:1[m[K:
/usr/include/c++/11/type_traits: In substitution of ‘[01m[Ktemplate<bool _Cond, class _Tp> using __enable_if_t = typename std::enable_if::type [with bool _Cond = false; _Tp = std::function<void(std::shared_ptr<rclcpp_action::ClientGoalHandle<robot_control_interfaces::action::MoveRobot> >)>&][m[K’:
[01m[K/usr/include/c++/11/bits/std_function.h:353:8:[m[K   required by substitution of ‘[01m[Ktemplate<class _Res, class ... _ArgTypes> template<class _Cond, class _Tp> using _Requires = std::__enable_if_t<_Cond::value, _Tp> [with _Cond = std::function<void(std::shared_ptr<rclcpp_action::ClientGoalHandle<robot_control_interfaces::action::MoveRobot> >)>::_Callable<std::_Bind<void (MoveRobotActionClient::*(MoveRobotActionClient*, std::_Placeholder<1>))(std::shared_future<std::shared_ptr<rclcpp_action::ClientGoalHandle<robot_control_interfaces::action::MoveRobot> > >)>, std::_Bind<void (MoveRobotActionClient::*(MoveRobotActionClient*, std::_Placeholder<1>))(std::shared_future<std::shared_ptr<rclcpp_action::ClientGoalHandle<robot_control_interfaces::action::MoveRobot> > >)>, std::__invoke_result<std::_Bind<void (MoveRobotActionClient::*(MoveRobotActionClient*, std::_Placeholder<1>))(std::shared_future<std::shared_ptr<rclcpp_action::ClientGoalHandle<robot_control_interfaces::action::MoveRobot> > >)>&, std::shared_ptr<rclcpp_action::ClientGoalHandle<robot_control_interfaces::action::MoveRobot> > > >; _Tp = std::function<void(std::shared_ptr<rclcpp_action::ClientGoalHandle<robot_control_interfaces::action::MoveRobot> >)>&; _Res = void; _ArgTypes = {std::shared_ptr<rclcpp_action::ClientGoalHandle<robot_control_interfaces::action::MoveRobot> >}][m[K’
[01m[K/usr/include/c++/11/bits/std_function.h:530:2:[m[K   required by substitution of ‘[01m[Ktemplate<class _Functor> std::function<void(std::shared_ptr<rclcpp_action::ClientGoalHandle<robot_control_interfaces::action::MoveRobot> >)>::_Requires<std::function<void(std::shared_ptr<rclcpp_action::ClientGoalHandle<robot_control_interfaces::action::MoveRobot> >)>::_Callable<_Functor, typename std::enable_if<(! std::is_same<typename std::remove_cv<typename std::remove_reference<_Tp>::type>::type, std::function<void(std::shared_ptr<rclcpp_action::ClientGoalHandle<robot_control_interfaces::action::MoveRobot> >)> >::value), std::decay<_Tp> >::type::type, std::__invoke_result<typename std::enable_if<(! std::is_same<typename std::remove_cv<typename std::remove_reference<_Tp>::type>::type, std::function<void(std::shared_ptr<rclcpp_action::ClientGoalHandle<robot_control_interfaces::action::MoveRobot> >)> >::value), std::decay<_Tp> >::type::type&, std::shared_ptr<rclcpp_action::ClientGoalHandle<robot_control_interfaces::action::MoveRobot> > > >, std::function<void(std::shared_ptr<rclcpp_action::ClientGoalHandle<robot_control_interfaces::action::MoveRobot> >)>&> std::function<void(std::shared_ptr<rclcpp_action::ClientGoalHandle<robot_control_interfaces::action::MoveRobot> >)>::operator=<_Functor>(_Functor&&) [with _Functor = std::_Bind<void (MoveRobotActionClient::*(MoveRobotActionClient*, std::_Placeholder<1>))(std::shared_future<std::shared_ptr<rclcpp_action::ClientGoalHandle<robot_control_interfaces::action::MoveRobot> > >)>][m[K’
[01m[K/home/deep/robot_action_ws/src/move_robot_client/src/move_robot_action_client.cpp:44:98:[m[K   required from here
[01m[K/usr/include/c++/11/type_traits:2205:11:[m[K [01;31m[Kerror: [m[Kno type named ‘[01m[Ktype[m[K’ in ‘[01m[Kstruct std::enable_if<false, std::function<void(std::shared_ptr<rclcpp_action::ClientGoalHandle<robot_control_interfaces::action::MoveRobot> >)>&>[m[K’
 2205 |     using [01;31m[K__enable_if_t[m[K = typename enable_if<_Cond, _Tp>::type;
      |           [01;31m[K^~~~~~~~~~~~~[m[K
In file included from [01m[K/usr/include/c++/11/future:47[m[K,
                 from [01m[K/opt/ros/iron/include/rclcpp/rclcpp/executors.hpp:18[m[K,
                 from [01m[K/opt/ros/iron/include/rclcpp/rclcpp/rclcpp.hpp:167[m[K,
                 from [01m[K/home/deep/robot_action_ws/src/move_robot_client/src/move_robot_action_client.cpp:6[m[K:
[01m[K/usr/include/c++/11/bits/std_function.h:540:9:[m[K [01;36m[Knote: [m[Kcandidate: ‘[01m[Ktemplate<class _Functor> std::function<_Res(_ArgTypes ...)>& std::function<_Res(_ArgTypes ...)>::operator=(std::reference_wrapper<_Functor>) [with _Functor = _Functor; _Res = void; _ArgTypes = {std::shared_ptr<rclcpp_action::ClientGoalHandle<robot_control_interfaces::action::MoveRobot> >}][m[K’
  540 |         [01;36m[Koperator[m[K=(reference_wrapper<_Functor> __f) noexcept
      |         [01;36m[K^~~~~~~~[m[K
[01m[K/usr/include/c++/11/bits/std_function.h:540:9:[m[K [01;36m[Knote: [m[K  template argument deduction/substitution failed:
[01m[K/home/deep/robot_action_ws/src/move_robot_client/src/move_robot_action_client.cpp:44:98:[m[K [01;36m[Knote: [m[K  ‘[01m[Kstd::_Bind<void (MoveRobotActionClient::*(MoveRobotActionClient*, std::_Placeholder<1>))(std::shared_future<std::shared_ptr<rclcpp_action::ClientGoalHandle<robot_control_interfaces::action::MoveRobot> > >)>[m[K’ is not derived from ‘[01m[Kstd::reference_wrapper<_Tp>[m[K’
   44 | tionClient::goal_response_callback, this, std::placeholders::_1[01;36m[K)[m[K;
      |                                                                [01;36m[K^[m[K

In file included from [01m[K/usr/include/c++/11/future:47[m[K,
                 from [01m[K/opt/ros/iron/include/rclcpp/rclcpp/executors.hpp:18[m[K,
                 from [01m[K/opt/ros/iron/include/rclcpp/rclcpp/rclcpp.hpp:167[m[K,
                 from [01m[K/home/deep/robot_action_ws/src/move_robot_client/src/move_robot_action_client.cpp:6[m[K:
[01m[K/usr/include/c++/11/bits/std_function.h:469:7:[m[K [01;36m[Knote: [m[Kcandidate: ‘[01m[Kstd::function<_Res(_ArgTypes ...)>& std::function<_Res(_ArgTypes ...)>::operator=(const std::function<_Res(_ArgTypes ...)>&) [with _Res = void; _ArgTypes = {std::shared_ptr<rclcpp_action::ClientGoalHandle<robot_control_interfaces::action::MoveRobot> >}][m[K’
  469 |       [01;36m[Koperator[m[K=(const function& __x)
      |       [01;36m[K^~~~~~~~[m[K
[01m[K/usr/include/c++/11/bits/std_function.h:469:33:[m[K [01;36m[Knote: [m[K  no known conversion for argument 1 from ‘[01m[Kstd::_Bind_helper<false, void (MoveRobotActionClient::*)(std::shared_future<std::shared_ptr<rclcpp_action::ClientGoalHandle<robot_control_interfaces::action::MoveRobot> > >), MoveRobotActionClient*, const std::_Placeholder<1>&>::type[m[K’ to ‘[01m[Kconst std::function<void(std::shared_ptr<rclcpp_action::ClientGoalHandle<robot_control_interfaces::action::MoveRobot> >)>&[m[K’
  469 |       operator=([01;36m[Kconst function& __x[m[K)
      |                 [01;36m[K~~~~~~~~~~~~~~~~^~~[m[K
[01m[K/usr/include/c++/11/bits/std_function.h:487:7:[m[K [01;36m[Knote: [m[Kcandidate: ‘[01m[Kstd::function<_Res(_ArgTypes ...)>& std::function<_Res(_ArgTypes ...)>::operator=(std::function<_Res(_ArgTypes ...)>&&) [with _Res = void; _ArgTypes = {std::shared_ptr<rclcpp_action::ClientGoalHandle<robot_control_interfaces::action::MoveRobot> >}][m[K’
  487 |       [01;36m[Koperator[m[K=(function&& __x) noexcept
      |       [01;36m[K^~~~~~~~[m[K
[01m[K/usr/include/c++/11/bits/std_function.h:487:28:[m[K [01;36m[Knote: [m[K  no known conversion for argument 1 from ‘[01m[Kstd::_Bind_helper<false, void (MoveRobotActionClient::*)(std::shared_future<std::shared_ptr<rclcpp_action::ClientGoalHandle<robot_control_interfaces::action::MoveRobot> > >), MoveRobotActionClient*, const std::_Placeholder<1>&>::type[m[K’ to ‘[01m[Kstd::function<void(std::shared_ptr<rclcpp_action::ClientGoalHandle<robot_control_interfaces::action::MoveRobot> >)>&&[m[K’
  487 |       operator=([01;36m[Kfunction&& __x[m[K) noexcept
      |                 [01;36m[K~~~~~~~~~~~^~~[m[K
[01m[K/usr/include/c++/11/bits/std_function.h:501:7:[m[K [01;36m[Knote: [m[Kcandidate: ‘[01m[Kstd::function<_Res(_ArgTypes ...)>& std::function<_Res(_ArgTypes ...)>::operator=(std::nullptr_t) [with _Res = void; _ArgTypes = {std::shared_ptr<rclcpp_action::ClientGoalHandle<robot_control_interfaces::action::MoveRobot> >}; std::nullptr_t = std::nullptr_t][m[K’
  501 |       [01;36m[Koperator[m[K=(nullptr_t) noexcept
      |       [01;36m[K^~~~~~~~[m[K
[01m[K/usr/include/c++/11/bits/std_function.h:501:17:[m[K [01;36m[Knote: [m[K  no known conversion for argument 1 from ‘[01m[Kstd::_Bind_helper<false, void (MoveRobotActionClient::*)(std::shared_future<std::shared_ptr<rclcpp_action::ClientGoalHandle<robot_control_interfaces::action::MoveRobot> > >), MoveRobotActionClient*, const std::_Placeholder<1>&>::type[m[K’ to ‘[01m[Kstd::nullptr_t[m[K’
  501 |       operator=([01;36m[Knullptr_t[m[K) noexcept
      |                 [01;36m[K^~~~~~~~~[m[K
gmake[2]: *** [CMakeFiles/move_robot_action_client.dir/build.make:76：CMakeFiles/move_robot_action_client.dir/src/move_robot_action_client.cpp.o] 错误 1
gmake[1]: *** [CMakeFiles/Makefile2:137：CMakeFiles/move_robot_action_client.dir/all] 错误 2
gmake: *** [Makefile:146：all] 错误 2
