[0.009s] Invoking command in '/home/deep/robot_action_ws/build/move_robot_client': AMENT_PREFIX_PATH=/home/deep/robot_action_ws/install/robot_control_interfaces:${AMENT_PREFIX_PATH} CMAKE_PREFIX_PATH=/home/deep/robot_action_ws/install/robot_control_interfaces:/opt/ros/iron LD_LIBRARY_PATH=/home/deep/robot_action_ws/install/robot_control_interfaces/lib:${LD_LIBRARY_PATH} PYTHONPATH=/home/deep/robot_action_ws/install/robot_control_interfaces/lib/python3.10/site-packages:${PYTHONPATH} /usr/bin/cmake /home/deep/robot_action_ws/src/move_robot_client -DCMAKE_INSTALL_PREFIX=/home/deep/robot_action_ws/install/move_robot_client
[0.045s] -- The C compiler identification is GNU 11.4.0
[0.079s] -- The CXX compiler identification is GNU 11.4.0
[0.083s] -- Detecting C compiler ABI info
[0.129s] -- Detecting C compiler ABI info - done
[0.133s] -- Check for working C compiler: /usr/bin/cc - skipped
[0.133s] -- Detecting C compile features
[0.133s] -- Detecting C compile features - done
[0.135s] -- Detecting CXX compiler ABI info
[0.190s] -- Detecting CXX compiler ABI info - done
[0.194s] -- Check for working CXX compiler: /usr/bin/c++ - skipped
[0.194s] -- Detecting CXX compile features
[0.194s] -- Detecting CXX compile features - done
[0.195s] -- Found ament_cmake: 2.0.7 (/opt/ros/iron/share/ament_cmake/cmake)
[0.288s] -- Found Python3: /usr/bin/python3.10 (found version "3.10.12") found components: Interpreter 
[0.334s] -- Found rclcpp: 21.0.8 (/opt/ros/iron/share/rclcpp/cmake)
[0.354s] -- Found rosidl_generator_c: 4.0.1 (/opt/ros/iron/share/rosidl_generator_c/cmake)
[0.359s] -- Found rosidl_generator_cpp: 4.0.1 (/opt/ros/iron/share/rosidl_generator_cpp/cmake)
[0.367s] -- Using all available rosidl_typesupport_c: rosidl_typesupport_fastrtps_c;rosidl_typesupport_introspection_c
[0.376s] -- Using all available rosidl_typesupport_cpp: rosidl_typesupport_fastrtps_cpp;rosidl_typesupport_introspection_cpp
[0.454s] -- Found rmw_implementation_cmake: 7.1.0 (/opt/ros/iron/share/rmw_implementation_cmake/cmake)
[0.455s] -- Found rmw_fastrtps_cpp: 7.1.4 (/opt/ros/iron/share/rmw_fastrtps_cpp/cmake)
[0.517s] -- Found OpenSSL: /usr/lib/x86_64-linux-gnu/libcrypto.so (found version "3.0.2")  
[0.530s] -- Found FastRTPS: /opt/ros/iron/include  
[0.552s] -- Using RMW implementation 'rmw_fastrtps_cpp' as default
[0.633s] -- Found rclcpp_action: 21.0.8 (/opt/ros/iron/share/rclcpp_action/cmake)
[0.696s] -- Found robot_control_interfaces: 0.0.0 (/home/deep/robot_action_ws/install/robot_control_interfaces/share/robot_control_interfaces/cmake)
[0.734s] -- Found ament_lint_auto: 0.14.4 (/opt/ros/iron/share/ament_lint_auto/cmake)
[0.775s] -- Added test 'cppcheck' to perform static code analysis on C / C++ code
[0.775s] -- Configured cppcheck include dirs: 
[0.775s] -- Configured cppcheck exclude dirs and/or files: 
[0.776s] -- Added test 'lint_cmake' to check CMake code style
[0.776s] -- Added test 'uncrustify' to check C / C++ code style
[0.776s] -- Configured uncrustify additional arguments: 
[0.776s] -- Added test 'xmllint' to check XML markup files
[0.777s] -- Configuring done
[0.782s] -- Generating done
[0.784s] -- Build files have been written to: /home/deep/robot_action_ws/build/move_robot_client
[0.791s] Invoked command in '/home/deep/robot_action_ws/build/move_robot_client' returned '0': AMENT_PREFIX_PATH=/home/deep/robot_action_ws/install/robot_control_interfaces:${AMENT_PREFIX_PATH} CMAKE_PREFIX_PATH=/home/deep/robot_action_ws/install/robot_control_interfaces:/opt/ros/iron LD_LIBRARY_PATH=/home/deep/robot_action_ws/install/robot_control_interfaces/lib:${LD_LIBRARY_PATH} PYTHONPATH=/home/deep/robot_action_ws/install/robot_control_interfaces/lib/python3.10/site-packages:${PYTHONPATH} /usr/bin/cmake /home/deep/robot_action_ws/src/move_robot_client -DCMAKE_INSTALL_PREFIX=/home/deep/robot_action_ws/install/move_robot_client
[0.793s] Invoking command in '/home/deep/robot_action_ws/build/move_robot_client': AMENT_PREFIX_PATH=/home/deep/robot_action_ws/install/robot_control_interfaces:${AMENT_PREFIX_PATH} CMAKE_PREFIX_PATH=/home/deep/robot_action_ws/install/robot_control_interfaces:/opt/ros/iron LD_LIBRARY_PATH=/home/deep/robot_action_ws/install/robot_control_interfaces/lib:${LD_LIBRARY_PATH} PYTHONPATH=/home/deep/robot_action_ws/install/robot_control_interfaces/lib/python3.10/site-packages:${PYTHONPATH} /usr/bin/cmake --build /home/deep/robot_action_ws/build/move_robot_client -- -j12 -l12
[0.827s] [ 50%] [32mBuilding CXX object CMakeFiles/move_robot_action_client.dir/src/move_robot_action_client.cpp.o[0m
[2.262s] [01m[K/home/deep/robot_action_ws/src/move_robot_client/src/move_robot_action_client.cpp:[m[K In member function ‘[01m[Kvoid MoveRobotActionClient::send_goal(const string&, int32_t, int32_t, float, int32_t, int32_t)[m[K’:
[2.262s] [01m[K/home/deep/robot_action_ws/src/move_robot_client/src/move_robot_action_client.cpp:44:98:[m[K [01;31m[Kerror: [m[Kno match for ‘[01m[Koperator=[m[K’ (operand types are ‘[01m[Krclcpp_action::Client<robot_control_interfaces::action::MoveRobot>::GoalResponseCallback[m[K’ {aka ‘[01m[Kstd::function<void(std::shared_ptr<rclcpp_action::ClientGoalHandle<robot_control_interfaces::action::MoveRobot> >)>[m[K’} and ‘[01m[Kstd::_Bind_helper<false, void (MoveRobotActionClient::*)(std::shared_future<std::shared_ptr<rclcpp_action::ClientGoalHandle<robot_control_interfaces::action::MoveRobot> > >), MoveRobotActionClient*, const std::_Placeholder<1>&>::type[m[K’)
[2.262s]    44 | tionClient::goal_response_callback, this, std::placeholders::_1[01;31m[K)[m[K;
[2.263s]       |                                                                [01;31m[K^[m[K
[2.263s] 
[2.263s] In file included from [01m[K/usr/include/c++/11/future:47[m[K,
[2.263s]                  from [01m[K/opt/ros/iron/include/rclcpp/rclcpp/executors.hpp:18[m[K,
[2.263s]                  from [01m[K/opt/ros/iron/include/rclcpp/rclcpp/rclcpp.hpp:167[m[K,
[2.263s]                  from [01m[K/home/deep/robot_action_ws/src/move_robot_client/src/move_robot_action_client.cpp:6[m[K:
[2.263s] [01m[K/usr/include/c++/11/bits/std_function.h:530:9:[m[K [01;36m[Knote: [m[Kcandidate: ‘[01m[Ktemplate<class _Functor> std::function<_Res(_ArgTypes ...)>::_Requires<std::function<_Res(_ArgTypes ...)>::_Callable<_Functor>, std::function<_Res(_ArgTypes ...)>&> std::function<_Res(_ArgTypes ...)>::operator=(_Functor&&) [with _Functor = _Functor; _Res = void; _ArgTypes = {std::shared_ptr<rclcpp_action::ClientGoalHandle<robot_control_interfaces::action::MoveRobot> >}][m[K’
[2.263s]   530 |         [01;36m[Koperator[m[K=(_Functor&& __f)
[2.263s]       |         [01;36m[K^~~~~~~~[m[K
[2.263s] [01m[K/usr/include/c++/11/bits/std_function.h:530:9:[m[K [01;36m[Knote: [m[K  template argument deduction/substitution failed:
[2.263s] In file included from [01m[K/usr/include/c++/11/ratio:39[m[K,
[2.263s]                  from [01m[K/usr/include/c++/11/chrono:39[m[K,
[2.263s]                  from [01m[K/home/deep/robot_action_ws/src/move_robot_client/src/move_robot_action_client.cpp:1[m[K:
[2.263s] /usr/include/c++/11/type_traits: In substitution of ‘[01m[Ktemplate<bool _Cond, class _Tp> using __enable_if_t = typename std::enable_if::type [with bool _Cond = false; _Tp = std::function<void(std::shared_ptr<rclcpp_action::ClientGoalHandle<robot_control_interfaces::action::MoveRobot> >)>&][m[K’:
[2.263s] [01m[K/usr/include/c++/11/bits/std_function.h:353:8:[m[K   required by substitution of ‘[01m[Ktemplate<class _Res, class ... _ArgTypes> template<class _Cond, class _Tp> using _Requires = std::__enable_if_t<_Cond::value, _Tp> [with _Cond = std::function<void(std::shared_ptr<rclcpp_action::ClientGoalHandle<robot_control_interfaces::action::MoveRobot> >)>::_Callable<std::_Bind<void (MoveRobotActionClient::*(MoveRobotActionClient*, std::_Placeholder<1>))(std::shared_future<std::shared_ptr<rclcpp_action::ClientGoalHandle<robot_control_interfaces::action::MoveRobot> > >)>, std::_Bind<void (MoveRobotActionClient::*(MoveRobotActionClient*, std::_Placeholder<1>))(std::shared_future<std::shared_ptr<rclcpp_action::ClientGoalHandle<robot_control_interfaces::action::MoveRobot> > >)>, std::__invoke_result<std::_Bind<void (MoveRobotActionClient::*(MoveRobotActionClient*, std::_Placeholder<1>))(std::shared_future<std::shared_ptr<rclcpp_action::ClientGoalHandle<robot_control_interfaces::action::MoveRobot> > >)>&, std::shared_ptr<rclcpp_action::ClientGoalHandle<robot_control_interfaces::action::MoveRobot> > > >; _Tp = std::function<void(std::shared_ptr<rclcpp_action::ClientGoalHandle<robot_control_interfaces::action::MoveRobot> >)>&; _Res = void; _ArgTypes = {std::shared_ptr<rclcpp_action::ClientGoalHandle<robot_control_interfaces::action::MoveRobot> >}][m[K’
[2.263s] [01m[K/usr/include/c++/11/bits/std_function.h:530:2:[m[K   required by substitution of ‘[01m[Ktemplate<class _Functor> std::function<void(std::shared_ptr<rclcpp_action::ClientGoalHandle<robot_control_interfaces::action::MoveRobot> >)>::_Requires<std::function<void(std::shared_ptr<rclcpp_action::ClientGoalHandle<robot_control_interfaces::action::MoveRobot> >)>::_Callable<_Functor, typename std::enable_if<(! std::is_same<typename std::remove_cv<typename std::remove_reference<_Tp>::type>::type, std::function<void(std::shared_ptr<rclcpp_action::ClientGoalHandle<robot_control_interfaces::action::MoveRobot> >)> >::value), std::decay<_Tp> >::type::type, std::__invoke_result<typename std::enable_if<(! std::is_same<typename std::remove_cv<typename std::remove_reference<_Tp>::type>::type, std::function<void(std::shared_ptr<rclcpp_action::ClientGoalHandle<robot_control_interfaces::action::MoveRobot> >)> >::value), std::decay<_Tp> >::type::type&, std::shared_ptr<rclcpp_action::ClientGoalHandle<robot_control_interfaces::action::MoveRobot> > > >, std::function<void(std::shared_ptr<rclcpp_action::ClientGoalHandle<robot_control_interfaces::action::MoveRobot> >)>&> std::function<void(std::shared_ptr<rclcpp_action::ClientGoalHandle<robot_control_interfaces::action::MoveRobot> >)>::operator=<_Functor>(_Functor&&) [with _Functor = std::_Bind<void (MoveRobotActionClient::*(MoveRobotActionClient*, std::_Placeholder<1>))(std::shared_future<std::shared_ptr<rclcpp_action::ClientGoalHandle<robot_control_interfaces::action::MoveRobot> > >)>][m[K’
[2.263s] [01m[K/home/deep/robot_action_ws/src/move_robot_client/src/move_robot_action_client.cpp:44:98:[m[K   required from here
[2.263s] [01m[K/usr/include/c++/11/type_traits:2205:11:[m[K [01;31m[Kerror: [m[Kno type named ‘[01m[Ktype[m[K’ in ‘[01m[Kstruct std::enable_if<false, std::function<void(std::shared_ptr<rclcpp_action::ClientGoalHandle<robot_control_interfaces::action::MoveRobot> >)>&>[m[K’
[2.263s]  2205 |     using [01;31m[K__enable_if_t[m[K = typename enable_if<_Cond, _Tp>::type;
[2.263s]       |           [01;31m[K^~~~~~~~~~~~~[m[K
[2.263s] In file included from [01m[K/usr/include/c++/11/future:47[m[K,
[2.263s]                  from [01m[K/opt/ros/iron/include/rclcpp/rclcpp/executors.hpp:18[m[K,
[2.263s]                  from [01m[K/opt/ros/iron/include/rclcpp/rclcpp/rclcpp.hpp:167[m[K,
[2.263s]                  from [01m[K/home/deep/robot_action_ws/src/move_robot_client/src/move_robot_action_client.cpp:6[m[K:
[2.263s] [01m[K/usr/include/c++/11/bits/std_function.h:540:9:[m[K [01;36m[Knote: [m[Kcandidate: ‘[01m[Ktemplate<class _Functor> std::function<_Res(_ArgTypes ...)>& std::function<_Res(_ArgTypes ...)>::operator=(std::reference_wrapper<_Functor>) [with _Functor = _Functor; _Res = void; _ArgTypes = {std::shared_ptr<rclcpp_action::ClientGoalHandle<robot_control_interfaces::action::MoveRobot> >}][m[K’
[2.263s]   540 |         [01;36m[Koperator[m[K=(reference_wrapper<_Functor> __f) noexcept
[2.263s]       |         [01;36m[K^~~~~~~~[m[K
[2.263s] [01m[K/usr/include/c++/11/bits/std_function.h:540:9:[m[K [01;36m[Knote: [m[K  template argument deduction/substitution failed:
[2.263s] [01m[K/home/deep/robot_action_ws/src/move_robot_client/src/move_robot_action_client.cpp:44:98:[m[K [01;36m[Knote: [m[K  ‘[01m[Kstd::_Bind<void (MoveRobotActionClient::*(MoveRobotActionClient*, std::_Placeholder<1>))(std::shared_future<std::shared_ptr<rclcpp_action::ClientGoalHandle<robot_control_interfaces::action::MoveRobot> > >)>[m[K’ is not derived from ‘[01m[Kstd::reference_wrapper<_Tp>[m[K’
[2.263s]    44 | tionClient::goal_response_callback, this, std::placeholders::_1[01;36m[K)[m[K;
[2.263s]       |                                                                [01;36m[K^[m[K
[2.263s] 
[2.263s] In file included from [01m[K/usr/include/c++/11/future:47[m[K,
[2.263s]                  from [01m[K/opt/ros/iron/include/rclcpp/rclcpp/executors.hpp:18[m[K,
[2.263s]                  from [01m[K/opt/ros/iron/include/rclcpp/rclcpp/rclcpp.hpp:167[m[K,
[2.264s]                  from [01m[K/home/deep/robot_action_ws/src/move_robot_client/src/move_robot_action_client.cpp:6[m[K:
[2.264s] [01m[K/usr/include/c++/11/bits/std_function.h:469:7:[m[K [01;36m[Knote: [m[Kcandidate: ‘[01m[Kstd::function<_Res(_ArgTypes ...)>& std::function<_Res(_ArgTypes ...)>::operator=(const std::function<_Res(_ArgTypes ...)>&) [with _Res = void; _ArgTypes = {std::shared_ptr<rclcpp_action::ClientGoalHandle<robot_control_interfaces::action::MoveRobot> >}][m[K’
[2.264s]   469 |       [01;36m[Koperator[m[K=(const function& __x)
[2.264s]       |       [01;36m[K^~~~~~~~[m[K
[2.264s] [01m[K/usr/include/c++/11/bits/std_function.h:469:33:[m[K [01;36m[Knote: [m[K  no known conversion for argument 1 from ‘[01m[Kstd::_Bind_helper<false, void (MoveRobotActionClient::*)(std::shared_future<std::shared_ptr<rclcpp_action::ClientGoalHandle<robot_control_interfaces::action::MoveRobot> > >), MoveRobotActionClient*, const std::_Placeholder<1>&>::type[m[K’ to ‘[01m[Kconst std::function<void(std::shared_ptr<rclcpp_action::ClientGoalHandle<robot_control_interfaces::action::MoveRobot> >)>&[m[K’
[2.264s]   469 |       operator=([01;36m[Kconst function& __x[m[K)
[2.264s]       |                 [01;36m[K~~~~~~~~~~~~~~~~^~~[m[K
[2.264s] [01m[K/usr/include/c++/11/bits/std_function.h:487:7:[m[K [01;36m[Knote: [m[Kcandidate: ‘[01m[Kstd::function<_Res(_ArgTypes ...)>& std::function<_Res(_ArgTypes ...)>::operator=(std::function<_Res(_ArgTypes ...)>&&) [with _Res = void; _ArgTypes = {std::shared_ptr<rclcpp_action::ClientGoalHandle<robot_control_interfaces::action::MoveRobot> >}][m[K’
[2.264s]   487 |       [01;36m[Koperator[m[K=(function&& __x) noexcept
[2.264s]       |       [01;36m[K^~~~~~~~[m[K
[2.264s] [01m[K/usr/include/c++/11/bits/std_function.h:487:28:[m[K [01;36m[Knote: [m[K  no known conversion for argument 1 from ‘[01m[Kstd::_Bind_helper<false, void (MoveRobotActionClient::*)(std::shared_future<std::shared_ptr<rclcpp_action::ClientGoalHandle<robot_control_interfaces::action::MoveRobot> > >), MoveRobotActionClient*, const std::_Placeholder<1>&>::type[m[K’ to ‘[01m[Kstd::function<void(std::shared_ptr<rclcpp_action::ClientGoalHandle<robot_control_interfaces::action::MoveRobot> >)>&&[m[K’
[2.264s]   487 |       operator=([01;36m[Kfunction&& __x[m[K) noexcept
[2.264s]       |                 [01;36m[K~~~~~~~~~~~^~~[m[K
[2.264s] [01m[K/usr/include/c++/11/bits/std_function.h:501:7:[m[K [01;36m[Knote: [m[Kcandidate: ‘[01m[Kstd::function<_Res(_ArgTypes ...)>& std::function<_Res(_ArgTypes ...)>::operator=(std::nullptr_t) [with _Res = void; _ArgTypes = {std::shared_ptr<rclcpp_action::ClientGoalHandle<robot_control_interfaces::action::MoveRobot> >}; std::nullptr_t = std::nullptr_t][m[K’
[2.264s]   501 |       [01;36m[Koperator[m[K=(nullptr_t) noexcept
[2.264s]       |       [01;36m[K^~~~~~~~[m[K
[2.264s] [01m[K/usr/include/c++/11/bits/std_function.h:501:17:[m[K [01;36m[Knote: [m[K  no known conversion for argument 1 from ‘[01m[Kstd::_Bind_helper<false, void (MoveRobotActionClient::*)(std::shared_future<std::shared_ptr<rclcpp_action::ClientGoalHandle<robot_control_interfaces::action::MoveRobot> > >), MoveRobotActionClient*, const std::_Placeholder<1>&>::type[m[K’ to ‘[01m[Kstd::nullptr_t[m[K’
[2.264s]   501 |       operator=([01;36m[Knullptr_t[m[K) noexcept
[2.264s]       |                 [01;36m[K^~~~~~~~~[m[K
[3.097s] gmake[2]: *** [CMakeFiles/move_robot_action_client.dir/build.make:76：CMakeFiles/move_robot_action_client.dir/src/move_robot_action_client.cpp.o] 错误 1
[3.097s] gmake[1]: *** [CMakeFiles/Makefile2:137：CMakeFiles/move_robot_action_client.dir/all] 错误 2
[3.098s] gmake: *** [Makefile:146：all] 错误 2
[3.100s] Invoked command in '/home/deep/robot_action_ws/build/move_robot_client' returned '2': AMENT_PREFIX_PATH=/home/deep/robot_action_ws/install/robot_control_interfaces:${AMENT_PREFIX_PATH} CMAKE_PREFIX_PATH=/home/deep/robot_action_ws/install/robot_control_interfaces:/opt/ros/iron LD_LIBRARY_PATH=/home/deep/robot_action_ws/install/robot_control_interfaces/lib:${LD_LIBRARY_PATH} PYTHONPATH=/home/deep/robot_action_ws/install/robot_control_interfaces/lib/python3.10/site-packages:${PYTHONPATH} /usr/bin/cmake --build /home/deep/robot_action_ws/build/move_robot_client -- -j12 -l12
