[0.010s] Invoking command in '/home/deep/robot_action_ws/build/robot_core': AMENT_PREFIX_PATH=/home/deep/robot_action_ws/install/robot_control_interfaces:${AMENT_PREFIX_PATH} CMAKE_PREFIX_PATH=/home/deep/robot_action_ws/install/robot_control_interfaces:/opt/ros/iron LD_LIBRARY_PATH=/home/deep/robot_action_ws/install/robot_control_interfaces/lib:${LD_LIBRARY_PATH} PYTHONPATH=/home/deep/robot_action_ws/install/robot_control_interfaces/lib/python3.10/site-packages:${PYTHONPATH} /usr/bin/cmake --build /home/deep/robot_action_ws/build/robot_core -- -j12 -l12
[0.044s] [100%] Built target robot_core
[0.050s] Invoked command in '/home/deep/robot_action_ws/build/robot_core' returned '0': AMENT_PREFIX_PATH=/home/deep/robot_action_ws/install/robot_control_interfaces:${AMENT_PREFIX_PATH} CMAKE_PREFIX_PATH=/home/deep/robot_action_ws/install/robot_control_interfaces:/opt/ros/iron LD_LIBRARY_PATH=/home/deep/robot_action_ws/install/robot_control_interfaces/lib:${LD_LIBRARY_PATH} PYTHONPATH=/home/deep/robot_action_ws/install/robot_control_interfaces/lib/python3.10/site-packages:${PYTHONPATH} /usr/bin/cmake --build /home/deep/robot_action_ws/build/robot_core -- -j12 -l12
[0.051s] Invoking command in '/home/deep/robot_action_ws/build/robot_core': AMENT_PREFIX_PATH=/home/deep/robot_action_ws/install/robot_control_interfaces:${AMENT_PREFIX_PATH} CMAKE_PREFIX_PATH=/home/deep/robot_action_ws/install/robot_control_interfaces:/opt/ros/iron LD_LIBRARY_PATH=/home/deep/robot_action_ws/install/robot_control_interfaces/lib:${LD_LIBRARY_PATH} PYTHONPATH=/home/deep/robot_action_ws/install/robot_control_interfaces/lib/python3.10/site-packages:${PYTHONPATH} /usr/bin/cmake --install /home/deep/robot_action_ws/build/robot_core
[0.055s] -- Install configuration: ""
[0.056s] -- Up-to-date: /home/deep/robot_action_ws/install/robot_core/lib/robot_core/robot_core
[0.056s] -- Up-to-date: /home/deep/robot_action_ws/install/robot_core/share/ament_index/resource_index/package_run_dependencies/robot_core
[0.056s] -- Up-to-date: /home/deep/robot_action_ws/install/robot_core/share/ament_index/resource_index/parent_prefix_path/robot_core
[0.056s] -- Up-to-date: /home/deep/robot_action_ws/install/robot_core/share/robot_core/environment/ament_prefix_path.sh
[0.056s] -- Up-to-date: /home/deep/robot_action_ws/install/robot_core/share/robot_core/environment/ament_prefix_path.dsv
[0.056s] -- Up-to-date: /home/deep/robot_action_ws/install/robot_core/share/robot_core/environment/path.sh
[0.056s] -- Up-to-date: /home/deep/robot_action_ws/install/robot_core/share/robot_core/environment/path.dsv
[0.056s] -- Up-to-date: /home/deep/robot_action_ws/install/robot_core/share/robot_core/local_setup.bash
[0.056s] -- Up-to-date: /home/deep/robot_action_ws/install/robot_core/share/robot_core/local_setup.sh
[0.056s] -- Up-to-date: /home/deep/robot_action_ws/install/robot_core/share/robot_core/local_setup.zsh
[0.056s] -- Up-to-date: /home/deep/robot_action_ws/install/robot_core/share/robot_core/local_setup.dsv
[0.056s] -- Installing: /home/deep/robot_action_ws/install/robot_core/share/robot_core/package.dsv
[0.056s] -- Up-to-date: /home/deep/robot_action_ws/install/robot_core/share/ament_index/resource_index/packages/robot_core
[0.056s] -- Up-to-date: /home/deep/robot_action_ws/install/robot_core/share/robot_core/cmake/robot_coreConfig.cmake
[0.056s] -- Up-to-date: /home/deep/robot_action_ws/install/robot_core/share/robot_core/cmake/robot_coreConfig-version.cmake
[0.056s] -- Up-to-date: /home/deep/robot_action_ws/install/robot_core/share/robot_core/package.xml
[0.058s] Invoked command in '/home/deep/robot_action_ws/build/robot_core' returned '0': AMENT_PREFIX_PATH=/home/deep/robot_action_ws/install/robot_control_interfaces:${AMENT_PREFIX_PATH} CMAKE_PREFIX_PATH=/home/deep/robot_action_ws/install/robot_control_interfaces:/opt/ros/iron LD_LIBRARY_PATH=/home/deep/robot_action_ws/install/robot_control_interfaces/lib:${LD_LIBRARY_PATH} PYTHONPATH=/home/deep/robot_action_ws/install/robot_control_interfaces/lib/python3.10/site-packages:${PYTHONPATH} /usr/bin/cmake --install /home/deep/robot_action_ws/build/robot_core
