-- Found ament_cmake: 2.0.7 (/opt/ros/iron/share/ament_cmake/cmake)
-- Found rclcpp: 21.0.8 (/opt/ros/iron/share/rclcpp/cmake)
-- Found rosidl_generator_c: 4.0.1 (/opt/ros/iron/share/rosidl_generator_c/cmake)
-- Found rosidl_generator_cpp: 4.0.1 (/opt/ros/iron/share/rosidl_generator_cpp/cmake)
-- Using all available rosidl_typesupport_c: rosidl_typesupport_fastrtps_c;rosidl_typesupport_introspection_c
-- Using all available rosidl_typesupport_cpp: rosidl_typesupport_fastrtps_cpp;rosidl_typesupport_introspection_cpp
-- Found rmw_implementation_cmake: 7.1.0 (/opt/ros/iron/share/rmw_implementation_cmake/cmake)
-- Found rmw_fastrtps_cpp: 7.1.4 (/opt/ros/iron/share/rmw_fastrtps_cpp/cmake)
-- Using RMW implementation 'rmw_fastrtps_cpp' as default
-- Found rclcpp_action: 21.0.8 (/opt/ros/iron/share/rclcpp_action/cmake)
-- Found robot_control_interfaces: 0.0.0 (/home/deep/robot_action_ws/install/robot_control_interfaces/share/robot_control_interfaces/cmake)
-- Found nlohmann_json: /usr/lib/cmake/nlohmann_json/nlohmann_jsonConfig.cmake (found version "3.10.5") 
-- Found ament_lint_auto: 0.14.4 (/opt/ros/iron/share/ament_lint_auto/cmake)
-- Added test 'cppcheck' to perform static code analysis on C / C++ code
-- Configured cppcheck include dirs: 
-- Configured cppcheck exclude dirs and/or files: 
-- Added test 'lint_cmake' to check CMake code style
-- Added test 'uncrustify' to check C / C++ code style
-- Configured uncrustify additional arguments: 
-- Added test 'xmllint' to check XML markup files
-- Configuring done
-- Generating done
-- Build files have been written to: /home/deep/robot_action_ws/build/robot_core
[ 50%] [32mBuilding CXX object CMakeFiles/robot_core.dir/src/robot_core.cpp.o[0m
[100%] [32m[1mLinking CXX executable robot_core[0m
/usr/bin/ld: CMakeFiles/robot_core.dir/src/robot_core.cpp.o: in function `MoveRobotActionServer::MoveRobotActionServer()':
robot_core.cpp:(.text._ZN21MoveRobotActionServerC2Ev[_ZN21MoveRobotActionServerC5Ev]+0x372): undefined reference to `redisConnect'
/usr/bin/ld: CMakeFiles/robot_core.dir/src/robot_core.cpp.o: in function `MoveRobotActionServer::~MoveRobotActionServer()':
robot_core.cpp:(.text._ZN21MoveRobotActionServerD2Ev[_ZN21MoveRobotActionServerD5Ev]+0x3d): undefined reference to `redisFree'
/usr/bin/ld: CMakeFiles/robot_core.dir/src/robot_core.cpp.o: in function `MoveRobotActionServer::execute(std::shared_ptr<rclcpp_action::ServerGoalHandle<robot_control_interfaces::action::MoveRobot> >)':
robot_core.cpp:(.text._ZN21MoveRobotActionServer7executeESt10shared_ptrIN13rclcpp_action16ServerGoalHandleIN24robot_control_interfaces6action9MoveRobotEEEE[_ZN21MoveRobotActionServer7executeESt10shared_ptrIN13rclcpp_action16ServerGoalHandleIN24robot_control_interfaces6action9MoveRobotEEEE]+0x28c): undefined reference to `redisCommand'
/usr/bin/ld: robot_core.cpp:(.text._ZN21MoveRobotActionServer7executeESt10shared_ptrIN13rclcpp_action16ServerGoalHandleIN24robot_control_interfaces6action9MoveRobotEEEE[_ZN21MoveRobotActionServer7executeESt10shared_ptrIN13rclcpp_action16ServerGoalHandleIN24robot_control_interfaces6action9MoveRobotEEEE]+0x896): undefined reference to `freeReplyObject'
/usr/bin/ld: robot_core.cpp:(.text._ZN21MoveRobotActionServer7executeESt10shared_ptrIN13rclcpp_action16ServerGoalHandleIN24robot_control_interfaces6action9MoveRobotEEEE[_ZN21MoveRobotActionServer7executeESt10shared_ptrIN13rclcpp_action16ServerGoalHandleIN24robot_control_interfaces6action9MoveRobotEEEE]+0x8f9): undefined reference to `freeReplyObject'
collect2: error: ld returned 1 exit status
gmake[2]: *** [CMakeFiles/robot_core.dir/build.make:192：robot_core] 错误 1
gmake[1]: *** [CMakeFiles/Makefile2:137：CMakeFiles/robot_core.dir/all] 错误 2
gmake: *** [Makefile:146：all] 错误 2
