[0.008s] Invoking command in '/home/deep/robot_action_ws/build/robot_core': AMENT_PREFIX_PATH=/home/deep/robot_action_ws/install/robot_control_interfaces:${AMENT_PREFIX_PATH} CMAKE_PREFIX_PATH=/home/deep/robot_action_ws/install/robot_control_interfaces:/opt/ros/iron LD_LIBRARY_PATH=/home/deep/robot_action_ws/install/robot_control_interfaces/lib:${LD_LIBRARY_PATH} PYTHONPATH=/home/deep/robot_action_ws/install/robot_control_interfaces/lib/python3.10/site-packages:${PYTHONPATH} /usr/bin/cmake --build /home/deep/robot_action_ws/build/robot_core -- -j12 -l12
[0.023s] -- Found ament_cmake: 2.0.7 (/opt/ros/iron/share/ament_cmake/cmake)
[0.100s] -- Found rclcpp: 21.0.8 (/opt/ros/iron/share/rclcpp/cmake)
[0.113s] -- Found rosidl_generator_c: 4.0.1 (/opt/ros/iron/share/rosidl_generator_c/cmake)
[0.117s] -- Found rosidl_generator_cpp: 4.0.1 (/opt/ros/iron/share/rosidl_generator_cpp/cmake)
[0.123s] -- Using all available rosidl_typesupport_c: rosidl_typesupport_fastrtps_c;rosidl_typesupport_introspection_c
[0.131s] -- Using all available rosidl_typesupport_cpp: rosidl_typesupport_fastrtps_cpp;rosidl_typesupport_introspection_cpp
[0.204s] -- Found rmw_implementation_cmake: 7.1.0 (/opt/ros/iron/share/rmw_implementation_cmake/cmake)
[0.205s] -- Found rmw_fastrtps_cpp: 7.1.4 (/opt/ros/iron/share/rmw_fastrtps_cpp/cmake)
[0.263s] -- Using RMW implementation 'rmw_fastrtps_cpp' as default
[0.340s] -- Found rclcpp_action: 21.0.8 (/opt/ros/iron/share/rclcpp_action/cmake)
[0.401s] -- Found robot_control_interfaces: 0.0.0 (/home/deep/robot_action_ws/install/robot_control_interfaces/share/robot_control_interfaces/cmake)
[0.438s] -- Found nlohmann_json: /usr/lib/cmake/nlohmann_json/nlohmann_jsonConfig.cmake (found version "3.10.5") 
[0.439s] -- Found ament_lint_auto: 0.14.4 (/opt/ros/iron/share/ament_lint_auto/cmake)
[0.476s] -- Added test 'cppcheck' to perform static code analysis on C / C++ code
[0.476s] -- Configured cppcheck include dirs: 
[0.476s] -- Configured cppcheck exclude dirs and/or files: 
[0.476s] -- Added test 'lint_cmake' to check CMake code style
[0.477s] -- Added test 'uncrustify' to check C / C++ code style
[0.477s] -- Configured uncrustify additional arguments: 
[0.477s] -- Added test 'xmllint' to check XML markup files
[0.477s] -- Configuring done
[0.485s] -- Generating done
[0.489s] -- Build files have been written to: /home/deep/robot_action_ws/build/robot_core
[0.516s] [ 50%] [32mBuilding CXX object CMakeFiles/robot_core.dir/src/robot_core.cpp.o[0m
[3.921s] [100%] [32m[1mLinking CXX executable robot_core[0m
[4.055s] /usr/bin/ld: CMakeFiles/robot_core.dir/src/robot_core.cpp.o: in function `MoveRobotActionServer::MoveRobotActionServer()':
[4.055s] robot_core.cpp:(.text._ZN21MoveRobotActionServerC2Ev[_ZN21MoveRobotActionServerC5Ev]+0x372): undefined reference to `redisConnect'
[4.055s] /usr/bin/ld: CMakeFiles/robot_core.dir/src/robot_core.cpp.o: in function `MoveRobotActionServer::~MoveRobotActionServer()':
[4.055s] robot_core.cpp:(.text._ZN21MoveRobotActionServerD2Ev[_ZN21MoveRobotActionServerD5Ev]+0x3d): undefined reference to `redisFree'
[4.055s] /usr/bin/ld: CMakeFiles/robot_core.dir/src/robot_core.cpp.o: in function `MoveRobotActionServer::execute(std::shared_ptr<rclcpp_action::ServerGoalHandle<robot_control_interfaces::action::MoveRobot> >)':
[4.055s] robot_core.cpp:(.text._ZN21MoveRobotActionServer7executeESt10shared_ptrIN13rclcpp_action16ServerGoalHandleIN24robot_control_interfaces6action9MoveRobotEEEE[_ZN21MoveRobotActionServer7executeESt10shared_ptrIN13rclcpp_action16ServerGoalHandleIN24robot_control_interfaces6action9MoveRobotEEEE]+0x28c): undefined reference to `redisCommand'
[4.055s] /usr/bin/ld: robot_core.cpp:(.text._ZN21MoveRobotActionServer7executeESt10shared_ptrIN13rclcpp_action16ServerGoalHandleIN24robot_control_interfaces6action9MoveRobotEEEE[_ZN21MoveRobotActionServer7executeESt10shared_ptrIN13rclcpp_action16ServerGoalHandleIN24robot_control_interfaces6action9MoveRobotEEEE]+0x896): undefined reference to `freeReplyObject'
[4.055s] /usr/bin/ld: robot_core.cpp:(.text._ZN21MoveRobotActionServer7executeESt10shared_ptrIN13rclcpp_action16ServerGoalHandleIN24robot_control_interfaces6action9MoveRobotEEEE[_ZN21MoveRobotActionServer7executeESt10shared_ptrIN13rclcpp_action16ServerGoalHandleIN24robot_control_interfaces6action9MoveRobotEEEE]+0x8f9): undefined reference to `freeReplyObject'
[4.063s] collect2: error: ld returned 1 exit status
[4.064s] gmake[2]: *** [CMakeFiles/robot_core.dir/build.make:192：robot_core] 错误 1
[4.064s] gmake[1]: *** [CMakeFiles/Makefile2:137：CMakeFiles/robot_core.dir/all] 错误 2
[4.065s] gmake: *** [Makefile:146：all] 错误 2
[4.066s] Invoked command in '/home/deep/robot_action_ws/build/robot_core' returned '2': AMENT_PREFIX_PATH=/home/deep/robot_action_ws/install/robot_control_interfaces:${AMENT_PREFIX_PATH} CMAKE_PREFIX_PATH=/home/deep/robot_action_ws/install/robot_control_interfaces:/opt/ros/iron LD_LIBRARY_PATH=/home/deep/robot_action_ws/install/robot_control_interfaces/lib:${LD_LIBRARY_PATH} PYTHONPATH=/home/deep/robot_action_ws/install/robot_control_interfaces/lib/python3.10/site-packages:${PYTHONPATH} /usr/bin/cmake --build /home/deep/robot_action_ws/build/robot_core -- -j12 -l12
